Namespace(batch_size=1, dataset='coco', disable_hybridization=False, epochs=26, gpus='', log_interval=100, lr=0.00125, lr_decay=0.1, lr_decay_epoch='17,23', lr_warmup=-1, mixup=False, momentum=0.9, network='resnet101_v1d', no_mixup_epochs=20, norm_layer=None, num_workers=1, resume='', save_interval=1, save_prefix='faster_rcnn_resnet101_v1d_coco', seed=233, start_epoch=0, static_alloc=False, use_fpn=False, val_interval=1, verbose=False, wd=0.0001)
Start training from [Epoch 0]
Namespace(batch_size=1, dataset='coco', disable_hybridization=False, epochs=26, gpus='', log_interval=100, lr=0.00125, lr_decay=0.1, lr_decay_epoch='17,23', lr_warmup=-1, mixup=False, momentum=0.9, network='resnet101_v1d', no_mixup_epochs=20, norm_layer=None, num_workers=4, resume='', save_interval=1, save_prefix='faster_rcnn_resnet101_v1d_coco', seed=233, start_epoch=0, static_alloc=False, use_fpn=False, val_interval=1, verbose=False, wd=0.0001)
Start training from [Epoch 0]
Namespace(batch_size=1, dataset='coco', disable_hybridization=False, epochs=26, gpus='0', log_interval=100, lr=0.00125, lr_decay=0.1, lr_decay_epoch='17,23', lr_warmup=-1, mixup=False, momentum=0.9, network='resnet101_v1d', no_mixup_epochs=20, norm_layer=None, num_workers=4, resume='', save_interval=1, save_prefix='faster_rcnn_resnet101_v1d_coco', seed=233, start_epoch=0, static_alloc=False, use_fpn=False, val_interval=1, verbose=False, wd=0.0001)
Start training from [Epoch 0]
[Epoch 0][Batch 99], Speed: 0.682 samples/sec, RPN_Conf=0.356,RPN_SmoothL1=0.230,RCNN_CrossEntropy=1.212,RCNN_SmoothL1=0.343,RPNAcc=0.902,RPNL1Loss=0.875,RCNNAcc=0.821,RCNNL1Loss=2.155
[Epoch 0][Batch 199], Speed: 0.690 samples/sec, RPN_Conf=0.334,RPN_SmoothL1=0.215,RCNN_CrossEntropy=1.132,RCNN_SmoothL1=0.344,RPNAcc=0.891,RPNL1Loss=0.784,RCNNAcc=0.826,RCNNL1Loss=2.104
[Epoch 0][Batch 299], Speed: 0.695 samples/sec, RPN_Conf=0.315,RPN_SmoothL1=0.199,RCNN_CrossEntropy=1.107,RCNN_SmoothL1=0.359,RPNAcc=0.890,RPNL1Loss=0.743,RCNNAcc=0.821,RCNNL1Loss=2.119
[Epoch 0][Batch 399], Speed: 0.679 samples/sec, RPN_Conf=0.312,RPN_SmoothL1=0.189,RCNN_CrossEntropy=1.066,RCNN_SmoothL1=0.348,RPNAcc=0.885,RPNL1Loss=0.715,RCNNAcc=0.824,RCNNL1Loss=2.049
[Epoch 0][Batch 499], Speed: 0.692 samples/sec, RPN_Conf=0.307,RPN_SmoothL1=0.185,RCNN_CrossEntropy=1.070,RCNN_SmoothL1=0.353,RPNAcc=0.884,RPNL1Loss=0.705,RCNNAcc=0.823,RCNNL1Loss=2.039
[Epoch 0][Batch 599], Speed: 0.682 samples/sec, RPN_Conf=0.300,RPN_SmoothL1=0.180,RCNN_CrossEntropy=1.035,RCNN_SmoothL1=0.357,RPNAcc=0.886,RPNL1Loss=0.695,RCNNAcc=0.822,RCNNL1Loss=2.053
[Epoch 0][Batch 699], Speed: 0.681 samples/sec, RPN_Conf=0.295,RPN_SmoothL1=0.179,RCNN_CrossEntropy=1.019,RCNN_SmoothL1=0.359,RPNAcc=0.886,RPNL1Loss=0.687,RCNNAcc=0.821,RCNNL1Loss=2.041
[Epoch 0][Batch 799], Speed: 0.682 samples/sec, RPN_Conf=0.289,RPN_SmoothL1=0.177,RCNN_CrossEntropy=1.014,RCNN_SmoothL1=0.363,RPNAcc=0.888,RPNL1Loss=0.676,RCNNAcc=0.819,RCNNL1Loss=2.042
[Epoch 0][Batch 899], Speed: 0.692 samples/sec, RPN_Conf=0.281,RPN_SmoothL1=0.175,RCNN_CrossEntropy=1.005,RCNN_SmoothL1=0.370,RPNAcc=0.891,RPNL1Loss=0.667,RCNNAcc=0.818,RCNNL1Loss=2.059
[Epoch 0][Batch 999], Speed: 0.684 samples/sec, RPN_Conf=0.276,RPN_SmoothL1=0.170,RCNN_CrossEntropy=0.992,RCNN_SmoothL1=0.373,RPNAcc=0.892,RPNL1Loss=0.658,RCNNAcc=0.818,RCNNL1Loss=2.063
[Epoch 0][Batch 1099], Speed: 0.689 samples/sec, RPN_Conf=0.271,RPN_SmoothL1=0.168,RCNN_CrossEntropy=0.986,RCNN_SmoothL1=0.375,RPNAcc=0.894,RPNL1Loss=0.651,RCNNAcc=0.817,RCNNL1Loss=2.065
[Epoch 0][Batch 1199], Speed: 0.685 samples/sec, RPN_Conf=0.267,RPN_SmoothL1=0.167,RCNN_CrossEntropy=0.982,RCNN_SmoothL1=0.378,RPNAcc=0.895,RPNL1Loss=0.644,RCNNAcc=0.817,RCNNL1Loss=2.074
[Epoch 0][Batch 1299], Speed: 0.686 samples/sec, RPN_Conf=0.262,RPN_SmoothL1=0.168,RCNN_CrossEntropy=0.975,RCNN_SmoothL1=0.379,RPNAcc=0.897,RPNL1Loss=0.644,RCNNAcc=0.817,RCNNL1Loss=2.076
[Epoch 0][Batch 1399], Speed: 0.682 samples/sec, RPN_Conf=0.258,RPN_SmoothL1=0.166,RCNN_CrossEntropy=0.975,RCNN_SmoothL1=0.384,RPNAcc=0.899,RPNL1Loss=0.637,RCNNAcc=0.815,RCNNL1Loss=2.082
[Epoch 0][Batch 1499], Speed: 0.693 samples/sec, RPN_Conf=0.256,RPN_SmoothL1=0.165,RCNN_CrossEntropy=0.969,RCNN_SmoothL1=0.383,RPNAcc=0.899,RPNL1Loss=0.633,RCNNAcc=0.814,RCNNL1Loss=2.075
[Epoch 0][Batch 1599], Speed: 0.692 samples/sec, RPN_Conf=0.254,RPN_SmoothL1=0.164,RCNN_CrossEntropy=0.963,RCNN_SmoothL1=0.386,RPNAcc=0.899,RPNL1Loss=0.628,RCNNAcc=0.814,RCNNL1Loss=2.078
[Epoch 0][Batch 1699], Speed: 0.693 samples/sec, RPN_Conf=0.251,RPN_SmoothL1=0.161,RCNN_CrossEntropy=0.959,RCNN_SmoothL1=0.388,RPNAcc=0.900,RPNL1Loss=0.623,RCNNAcc=0.813,RCNNL1Loss=2.080
[Epoch 0][Batch 1799], Speed: 0.689 samples/sec, RPN_Conf=0.248,RPN_SmoothL1=0.160,RCNN_CrossEntropy=0.954,RCNN_SmoothL1=0.391,RPNAcc=0.901,RPNL1Loss=0.621,RCNNAcc=0.813,RCNNL1Loss=2.086
[Epoch 0][Batch 1899], Speed: 0.680 samples/sec, RPN_Conf=0.246,RPN_SmoothL1=0.161,RCNN_CrossEntropy=0.948,RCNN_SmoothL1=0.393,RPNAcc=0.902,RPNL1Loss=0.620,RCNNAcc=0.812,RCNNL1Loss=2.090
[Epoch 0][Batch 1999], Speed: 0.689 samples/sec, RPN_Conf=0.244,RPN_SmoothL1=0.160,RCNN_CrossEntropy=0.945,RCNN_SmoothL1=0.395,RPNAcc=0.903,RPNL1Loss=0.617,RCNNAcc=0.811,RCNNL1Loss=2.086
[Epoch 0][Batch 2099], Speed: 0.701 samples/sec, RPN_Conf=0.241,RPN_SmoothL1=0.159,RCNN_CrossEntropy=0.941,RCNN_SmoothL1=0.398,RPNAcc=0.903,RPNL1Loss=0.614,RCNNAcc=0.811,RCNNL1Loss=2.090
[Epoch 0][Batch 2199], Speed: 0.687 samples/sec, RPN_Conf=0.239,RPN_SmoothL1=0.159,RCNN_CrossEntropy=0.939,RCNN_SmoothL1=0.398,RPNAcc=0.904,RPNL1Loss=0.610,RCNNAcc=0.810,RCNNL1Loss=2.089
[Epoch 0][Batch 2299], Speed: 0.687 samples/sec, RPN_Conf=0.237,RPN_SmoothL1=0.157,RCNN_CrossEntropy=0.936,RCNN_SmoothL1=0.399,RPNAcc=0.905,RPNL1Loss=0.607,RCNNAcc=0.809,RCNNL1Loss=2.087
[Epoch 0][Batch 2399], Speed: 0.694 samples/sec, RPN_Conf=0.234,RPN_SmoothL1=0.156,RCNN_CrossEntropy=0.933,RCNN_SmoothL1=0.402,RPNAcc=0.906,RPNL1Loss=0.604,RCNNAcc=0.809,RCNNL1Loss=2.088
[Epoch 0][Batch 2499], Speed: 0.696 samples/sec, RPN_Conf=0.233,RPN_SmoothL1=0.155,RCNN_CrossEntropy=0.928,RCNN_SmoothL1=0.402,RPNAcc=0.907,RPNL1Loss=0.603,RCNNAcc=0.809,RCNNL1Loss=2.086
[Epoch 0][Batch 2599], Speed: 0.699 samples/sec, RPN_Conf=0.232,RPN_SmoothL1=0.154,RCNN_CrossEntropy=0.924,RCNN_SmoothL1=0.403,RPNAcc=0.907,RPNL1Loss=0.600,RCNNAcc=0.809,RCNNL1Loss=2.086
[Epoch 0][Batch 2699], Speed: 0.691 samples/sec, RPN_Conf=0.230,RPN_SmoothL1=0.154,RCNN_CrossEntropy=0.922,RCNN_SmoothL1=0.405,RPNAcc=0.907,RPNL1Loss=0.597,RCNNAcc=0.809,RCNNL1Loss=2.086
[Epoch 0][Batch 2799], Speed: 0.689 samples/sec, RPN_Conf=0.229,RPN_SmoothL1=0.152,RCNN_CrossEntropy=0.919,RCNN_SmoothL1=0.406,RPNAcc=0.908,RPNL1Loss=0.593,RCNNAcc=0.808,RCNNL1Loss=2.085
[Epoch 0][Batch 2899], Speed: 0.685 samples/sec, RPN_Conf=0.228,RPN_SmoothL1=0.152,RCNN_CrossEntropy=0.916,RCNN_SmoothL1=0.407,RPNAcc=0.908,RPNL1Loss=0.591,RCNNAcc=0.808,RCNNL1Loss=2.084
[Epoch 0][Batch 2999], Speed: 0.692 samples/sec, RPN_Conf=0.226,RPN_SmoothL1=0.152,RCNN_CrossEntropy=0.911,RCNN_SmoothL1=0.408,RPNAcc=0.909,RPNL1Loss=0.589,RCNNAcc=0.808,RCNNL1Loss=2.082
[Epoch 0][Batch 3099], Speed: 0.692 samples/sec, RPN_Conf=0.225,RPN_SmoothL1=0.151,RCNN_CrossEntropy=0.908,RCNN_SmoothL1=0.408,RPNAcc=0.909,RPNL1Loss=0.587,RCNNAcc=0.808,RCNNL1Loss=2.080
[Epoch 0][Batch 3199], Speed: 0.681 samples/sec, RPN_Conf=0.224,RPN_SmoothL1=0.151,RCNN_CrossEntropy=0.907,RCNN_SmoothL1=0.409,RPNAcc=0.910,RPNL1Loss=0.585,RCNNAcc=0.807,RCNNL1Loss=2.078
[Epoch 0][Batch 3299], Speed: 0.684 samples/sec, RPN_Conf=0.223,RPN_SmoothL1=0.150,RCNN_CrossEntropy=0.905,RCNN_SmoothL1=0.410,RPNAcc=0.910,RPNL1Loss=0.583,RCNNAcc=0.807,RCNNL1Loss=2.077
[Epoch 0][Batch 3399], Speed: 0.693 samples/sec, RPN_Conf=0.223,RPN_SmoothL1=0.150,RCNN_CrossEntropy=0.903,RCNN_SmoothL1=0.411,RPNAcc=0.910,RPNL1Loss=0.583,RCNNAcc=0.807,RCNNL1Loss=2.079
[Epoch 0][Batch 3499], Speed: 0.692 samples/sec, RPN_Conf=0.221,RPN_SmoothL1=0.150,RCNN_CrossEntropy=0.900,RCNN_SmoothL1=0.412,RPNAcc=0.911,RPNL1Loss=0.581,RCNNAcc=0.807,RCNNL1Loss=2.079
[Epoch 0][Batch 3599], Speed: 0.682 samples/sec, RPN_Conf=0.221,RPN_SmoothL1=0.149,RCNN_CrossEntropy=0.897,RCNN_SmoothL1=0.413,RPNAcc=0.911,RPNL1Loss=0.578,RCNNAcc=0.807,RCNNL1Loss=2.078
[Epoch 0][Batch 3699], Speed: 0.687 samples/sec, RPN_Conf=0.219,RPN_SmoothL1=0.149,RCNN_CrossEntropy=0.894,RCNN_SmoothL1=0.413,RPNAcc=0.911,RPNL1Loss=0.576,RCNNAcc=0.807,RCNNL1Loss=2.077
[Epoch 0][Batch 3799], Speed: 0.676 samples/sec, RPN_Conf=0.219,RPN_SmoothL1=0.149,RCNN_CrossEntropy=0.892,RCNN_SmoothL1=0.414,RPNAcc=0.912,RPNL1Loss=0.576,RCNNAcc=0.807,RCNNL1Loss=2.079
[Epoch 0][Batch 3899], Speed: 0.683 samples/sec, RPN_Conf=0.218,RPN_SmoothL1=0.149,RCNN_CrossEntropy=0.890,RCNN_SmoothL1=0.414,RPNAcc=0.912,RPNL1Loss=0.574,RCNNAcc=0.807,RCNNL1Loss=2.075
[Epoch 0][Batch 3999], Speed: 0.690 samples/sec, RPN_Conf=0.217,RPN_SmoothL1=0.149,RCNN_CrossEntropy=0.887,RCNN_SmoothL1=0.414,RPNAcc=0.912,RPNL1Loss=0.573,RCNNAcc=0.807,RCNNL1Loss=2.072
[Epoch 0][Batch 4099], Speed: 0.683 samples/sec, RPN_Conf=0.216,RPN_SmoothL1=0.149,RCNN_CrossEntropy=0.884,RCNN_SmoothL1=0.414,RPNAcc=0.913,RPNL1Loss=0.570,RCNNAcc=0.807,RCNNL1Loss=2.069
[Epoch 0][Batch 4199], Speed: 0.685 samples/sec, RPN_Conf=0.215,RPN_SmoothL1=0.148,RCNN_CrossEntropy=0.882,RCNN_SmoothL1=0.414,RPNAcc=0.913,RPNL1Loss=0.570,RCNNAcc=0.807,RCNNL1Loss=2.067
[Epoch 0][Batch 4299], Speed: 0.690 samples/sec, RPN_Conf=0.214,RPN_SmoothL1=0.147,RCNN_CrossEntropy=0.879,RCNN_SmoothL1=0.414,RPNAcc=0.914,RPNL1Loss=0.568,RCNNAcc=0.807,RCNNL1Loss=2.064
[Epoch 0][Batch 4399], Speed: 0.680 samples/sec, RPN_Conf=0.213,RPN_SmoothL1=0.147,RCNN_CrossEntropy=0.875,RCNN_SmoothL1=0.414,RPNAcc=0.914,RPNL1Loss=0.567,RCNNAcc=0.807,RCNNL1Loss=2.061
[Epoch 0][Batch 4499], Speed: 0.682 samples/sec, RPN_Conf=0.212,RPN_SmoothL1=0.146,RCNN_CrossEntropy=0.871,RCNN_SmoothL1=0.414,RPNAcc=0.914,RPNL1Loss=0.566,RCNNAcc=0.807,RCNNL1Loss=2.056
[Epoch 0][Batch 4599], Speed: 0.681 samples/sec, RPN_Conf=0.211,RPN_SmoothL1=0.146,RCNN_CrossEntropy=0.868,RCNN_SmoothL1=0.414,RPNAcc=0.915,RPNL1Loss=0.565,RCNNAcc=0.807,RCNNL1Loss=2.054
[Epoch 0][Batch 4699], Speed: 0.697 samples/sec, RPN_Conf=0.210,RPN_SmoothL1=0.145,RCNN_CrossEntropy=0.865,RCNN_SmoothL1=0.413,RPNAcc=0.915,RPNL1Loss=0.562,RCNNAcc=0.807,RCNNL1Loss=2.049
[Epoch 0][Batch 4799], Speed: 0.689 samples/sec, RPN_Conf=0.209,RPN_SmoothL1=0.145,RCNN_CrossEntropy=0.863,RCNN_SmoothL1=0.414,RPNAcc=0.916,RPNL1Loss=0.562,RCNNAcc=0.807,RCNNL1Loss=2.047
[Epoch 0][Batch 4899], Speed: 0.685 samples/sec, RPN_Conf=0.208,RPN_SmoothL1=0.145,RCNN_CrossEntropy=0.861,RCNN_SmoothL1=0.413,RPNAcc=0.916,RPNL1Loss=0.561,RCNNAcc=0.807,RCNNL1Loss=2.044
[Epoch 0][Batch 4999], Speed: 0.676 samples/sec, RPN_Conf=0.207,RPN_SmoothL1=0.145,RCNN_CrossEntropy=0.857,RCNN_SmoothL1=0.413,RPNAcc=0.916,RPNL1Loss=0.559,RCNNAcc=0.808,RCNNL1Loss=2.041
[Epoch 0][Batch 5099], Speed: 0.676 samples/sec, RPN_Conf=0.207,RPN_SmoothL1=0.144,RCNN_CrossEntropy=0.855,RCNN_SmoothL1=0.414,RPNAcc=0.916,RPNL1Loss=0.558,RCNNAcc=0.808,RCNNL1Loss=2.039
[Epoch 0][Batch 5199], Speed: 0.691 samples/sec, RPN_Conf=0.206,RPN_SmoothL1=0.144,RCNN_CrossEntropy=0.853,RCNN_SmoothL1=0.414,RPNAcc=0.917,RPNL1Loss=0.557,RCNNAcc=0.808,RCNNL1Loss=2.037
[Epoch 0][Batch 5299], Speed: 0.683 samples/sec, RPN_Conf=0.206,RPN_SmoothL1=0.144,RCNN_CrossEntropy=0.851,RCNN_SmoothL1=0.414,RPNAcc=0.917,RPNL1Loss=0.556,RCNNAcc=0.808,RCNNL1Loss=2.036
[Epoch 0][Batch 5399], Speed: 0.689 samples/sec, RPN_Conf=0.206,RPN_SmoothL1=0.144,RCNN_CrossEntropy=0.849,RCNN_SmoothL1=0.415,RPNAcc=0.917,RPNL1Loss=0.555,RCNNAcc=0.807,RCNNL1Loss=2.035
[Epoch 0][Batch 5499], Speed: 0.692 samples/sec, RPN_Conf=0.205,RPN_SmoothL1=0.144,RCNN_CrossEntropy=0.847,RCNN_SmoothL1=0.415,RPNAcc=0.917,RPNL1Loss=0.553,RCNNAcc=0.807,RCNNL1Loss=2.032
[Epoch 0][Batch 5599], Speed: 0.675 samples/sec, RPN_Conf=0.205,RPN_SmoothL1=0.144,RCNN_CrossEntropy=0.844,RCNN_SmoothL1=0.414,RPNAcc=0.917,RPNL1Loss=0.551,RCNNAcc=0.808,RCNNL1Loss=2.029
[Epoch 0][Batch 5699], Speed: 0.687 samples/sec, RPN_Conf=0.204,RPN_SmoothL1=0.144,RCNN_CrossEntropy=0.842,RCNN_SmoothL1=0.414,RPNAcc=0.917,RPNL1Loss=0.550,RCNNAcc=0.808,RCNNL1Loss=2.024
[Epoch 0][Batch 5799], Speed: 0.683 samples/sec, RPN_Conf=0.204,RPN_SmoothL1=0.143,RCNN_CrossEntropy=0.839,RCNN_SmoothL1=0.413,RPNAcc=0.917,RPNL1Loss=0.550,RCNNAcc=0.808,RCNNL1Loss=2.020
[Epoch 0][Batch 5899], Speed: 0.690 samples/sec, RPN_Conf=0.203,RPN_SmoothL1=0.143,RCNN_CrossEntropy=0.836,RCNN_SmoothL1=0.413,RPNAcc=0.918,RPNL1Loss=0.548,RCNNAcc=0.808,RCNNL1Loss=2.016
[Epoch 0][Batch 5999], Speed: 0.678 samples/sec, RPN_Conf=0.203,RPN_SmoothL1=0.143,RCNN_CrossEntropy=0.834,RCNN_SmoothL1=0.413,RPNAcc=0.918,RPNL1Loss=0.547,RCNNAcc=0.808,RCNNL1Loss=2.013
[Epoch 0][Batch 6099], Speed: 0.696 samples/sec, RPN_Conf=0.202,RPN_SmoothL1=0.142,RCNN_CrossEntropy=0.833,RCNN_SmoothL1=0.413,RPNAcc=0.918,RPNL1Loss=0.546,RCNNAcc=0.808,RCNNL1Loss=2.010
[Epoch 0][Batch 6199], Speed: 0.695 samples/sec, RPN_Conf=0.202,RPN_SmoothL1=0.142,RCNN_CrossEntropy=0.831,RCNN_SmoothL1=0.413,RPNAcc=0.918,RPNL1Loss=0.545,RCNNAcc=0.808,RCNNL1Loss=2.007
[Epoch 0][Batch 6299], Speed: 0.683 samples/sec, RPN_Conf=0.201,RPN_SmoothL1=0.142,RCNN_CrossEntropy=0.830,RCNN_SmoothL1=0.413,RPNAcc=0.919,RPNL1Loss=0.544,RCNNAcc=0.808,RCNNL1Loss=2.004
[Epoch 0][Batch 6399], Speed: 0.681 samples/sec, RPN_Conf=0.200,RPN_SmoothL1=0.142,RCNN_CrossEntropy=0.828,RCNN_SmoothL1=0.413,RPNAcc=0.919,RPNL1Loss=0.543,RCNNAcc=0.808,RCNNL1Loss=2.001
[Epoch 0][Batch 6499], Speed: 0.689 samples/sec, RPN_Conf=0.200,RPN_SmoothL1=0.142,RCNN_CrossEntropy=0.826,RCNN_SmoothL1=0.412,RPNAcc=0.919,RPNL1Loss=0.543,RCNNAcc=0.808,RCNNL1Loss=1.997
[Epoch 0][Batch 6599], Speed: 0.681 samples/sec, RPN_Conf=0.199,RPN_SmoothL1=0.141,RCNN_CrossEntropy=0.823,RCNN_SmoothL1=0.412,RPNAcc=0.920,RPNL1Loss=0.541,RCNNAcc=0.809,RCNNL1Loss=1.994
[Epoch 0][Batch 6699], Speed: 0.690 samples/sec, RPN_Conf=0.198,RPN_SmoothL1=0.141,RCNN_CrossEntropy=0.821,RCNN_SmoothL1=0.411,RPNAcc=0.920,RPNL1Loss=0.541,RCNNAcc=0.809,RCNNL1Loss=1.990
[Epoch 0][Batch 6799], Speed: 0.685 samples/sec, RPN_Conf=0.197,RPN_SmoothL1=0.141,RCNN_CrossEntropy=0.820,RCNN_SmoothL1=0.411,RPNAcc=0.920,RPNL1Loss=0.540,RCNNAcc=0.809,RCNNL1Loss=1.987
[Epoch 0][Batch 6899], Speed: 0.680 samples/sec, RPN_Conf=0.197,RPN_SmoothL1=0.140,RCNN_CrossEntropy=0.817,RCNN_SmoothL1=0.410,RPNAcc=0.921,RPNL1Loss=0.539,RCNNAcc=0.809,RCNNL1Loss=1.983
[Epoch 0][Batch 6999], Speed: 0.676 samples/sec, RPN_Conf=0.196,RPN_SmoothL1=0.140,RCNN_CrossEntropy=0.815,RCNN_SmoothL1=0.410,RPNAcc=0.921,RPNL1Loss=0.538,RCNNAcc=0.809,RCNNL1Loss=1.979
[Epoch 0][Batch 7099], Speed: 0.684 samples/sec, RPN_Conf=0.196,RPN_SmoothL1=0.140,RCNN_CrossEntropy=0.814,RCNN_SmoothL1=0.410,RPNAcc=0.921,RPNL1Loss=0.538,RCNNAcc=0.810,RCNNL1Loss=1.975
[Epoch 0][Batch 7199], Speed: 0.683 samples/sec, RPN_Conf=0.195,RPN_SmoothL1=0.139,RCNN_CrossEntropy=0.812,RCNN_SmoothL1=0.409,RPNAcc=0.922,RPNL1Loss=0.537,RCNNAcc=0.810,RCNNL1Loss=1.972
[Epoch 0][Batch 7299], Speed: 0.678 samples/sec, RPN_Conf=0.195,RPN_SmoothL1=0.139,RCNN_CrossEntropy=0.809,RCNN_SmoothL1=0.409,RPNAcc=0.922,RPNL1Loss=0.536,RCNNAcc=0.810,RCNNL1Loss=1.969
[Epoch 0][Batch 7399], Speed: 0.687 samples/sec, RPN_Conf=0.194,RPN_SmoothL1=0.139,RCNN_CrossEntropy=0.807,RCNN_SmoothL1=0.408,RPNAcc=0.922,RPNL1Loss=0.535,RCNNAcc=0.810,RCNNL1Loss=1.965
[Epoch 0][Batch 7499], Speed: 0.689 samples/sec, RPN_Conf=0.194,RPN_SmoothL1=0.138,RCNN_CrossEntropy=0.804,RCNN_SmoothL1=0.408,RPNAcc=0.922,RPNL1Loss=0.535,RCNNAcc=0.811,RCNNL1Loss=1.961
[Epoch 0][Batch 7599], Speed: 0.688 samples/sec, RPN_Conf=0.193,RPN_SmoothL1=0.138,RCNN_CrossEntropy=0.803,RCNN_SmoothL1=0.408,RPNAcc=0.922,RPNL1Loss=0.534,RCNNAcc=0.811,RCNNL1Loss=1.958
[Epoch 0][Batch 7699], Speed: 0.689 samples/sec, RPN_Conf=0.193,RPN_SmoothL1=0.138,RCNN_CrossEntropy=0.801,RCNN_SmoothL1=0.407,RPNAcc=0.922,RPNL1Loss=0.533,RCNNAcc=0.811,RCNNL1Loss=1.955
[Epoch 0][Batch 7799], Speed: 0.691 samples/sec, RPN_Conf=0.192,RPN_SmoothL1=0.138,RCNN_CrossEntropy=0.799,RCNN_SmoothL1=0.407,RPNAcc=0.923,RPNL1Loss=0.532,RCNNAcc=0.811,RCNNL1Loss=1.952
[Epoch 0][Batch 7899], Speed: 0.686 samples/sec, RPN_Conf=0.192,RPN_SmoothL1=0.137,RCNN_CrossEntropy=0.797,RCNN_SmoothL1=0.406,RPNAcc=0.923,RPNL1Loss=0.531,RCNNAcc=0.811,RCNNL1Loss=1.949
[Epoch 0][Batch 7999], Speed: 0.693 samples/sec, RPN_Conf=0.192,RPN_SmoothL1=0.137,RCNN_CrossEntropy=0.796,RCNN_SmoothL1=0.406,RPNAcc=0.923,RPNL1Loss=0.530,RCNNAcc=0.811,RCNNL1Loss=1.945
[Epoch 0][Batch 8099], Speed: 0.686 samples/sec, RPN_Conf=0.191,RPN_SmoothL1=0.137,RCNN_CrossEntropy=0.794,RCNN_SmoothL1=0.405,RPNAcc=0.923,RPNL1Loss=0.530,RCNNAcc=0.811,RCNNL1Loss=1.942
[Epoch 0][Batch 8199], Speed: 0.680 samples/sec, RPN_Conf=0.191,RPN_SmoothL1=0.137,RCNN_CrossEntropy=0.791,RCNN_SmoothL1=0.405,RPNAcc=0.923,RPNL1Loss=0.529,RCNNAcc=0.812,RCNNL1Loss=1.939
[Epoch 0][Batch 8299], Speed: 0.686 samples/sec, RPN_Conf=0.190,RPN_SmoothL1=0.136,RCNN_CrossEntropy=0.790,RCNN_SmoothL1=0.404,RPNAcc=0.924,RPNL1Loss=0.528,RCNNAcc=0.812,RCNNL1Loss=1.935
[Epoch 0][Batch 8399], Speed: 0.691 samples/sec, RPN_Conf=0.190,RPN_SmoothL1=0.136,RCNN_CrossEntropy=0.788,RCNN_SmoothL1=0.404,RPNAcc=0.924,RPNL1Loss=0.528,RCNNAcc=0.812,RCNNL1Loss=1.933
[Epoch 0][Batch 8499], Speed: 0.678 samples/sec, RPN_Conf=0.189,RPN_SmoothL1=0.136,RCNN_CrossEntropy=0.787,RCNN_SmoothL1=0.403,RPNAcc=0.924,RPNL1Loss=0.528,RCNNAcc=0.812,RCNNL1Loss=1.929
[Epoch 0][Batch 8599], Speed: 0.692 samples/sec, RPN_Conf=0.189,RPN_SmoothL1=0.136,RCNN_CrossEntropy=0.785,RCNN_SmoothL1=0.403,RPNAcc=0.924,RPNL1Loss=0.527,RCNNAcc=0.812,RCNNL1Loss=1.926
[Epoch 0][Batch 8699], Speed: 0.681 samples/sec, RPN_Conf=0.188,RPN_SmoothL1=0.136,RCNN_CrossEntropy=0.784,RCNN_SmoothL1=0.403,RPNAcc=0.924,RPNL1Loss=0.527,RCNNAcc=0.812,RCNNL1Loss=1.923
[Epoch 0][Batch 8799], Speed: 0.689 samples/sec, RPN_Conf=0.188,RPN_SmoothL1=0.136,RCNN_CrossEntropy=0.782,RCNN_SmoothL1=0.402,RPNAcc=0.925,RPNL1Loss=0.527,RCNNAcc=0.812,RCNNL1Loss=1.921
[Epoch 0][Batch 8899], Speed: 0.690 samples/sec, RPN_Conf=0.188,RPN_SmoothL1=0.136,RCNN_CrossEntropy=0.781,RCNN_SmoothL1=0.402,RPNAcc=0.925,RPNL1Loss=0.526,RCNNAcc=0.812,RCNNL1Loss=1.919
[Epoch 0][Batch 8999], Speed: 0.689 samples/sec, RPN_Conf=0.187,RPN_SmoothL1=0.136,RCNN_CrossEntropy=0.779,RCNN_SmoothL1=0.402,RPNAcc=0.925,RPNL1Loss=0.526,RCNNAcc=0.812,RCNNL1Loss=1.916
[Epoch 0][Batch 9099], Speed: 0.684 samples/sec, RPN_Conf=0.187,RPN_SmoothL1=0.135,RCNN_CrossEntropy=0.777,RCNN_SmoothL1=0.401,RPNAcc=0.925,RPNL1Loss=0.526,RCNNAcc=0.813,RCNNL1Loss=1.913
[Epoch 0][Batch 9199], Speed: 0.684 samples/sec, RPN_Conf=0.186,RPN_SmoothL1=0.135,RCNN_CrossEntropy=0.775,RCNN_SmoothL1=0.400,RPNAcc=0.925,RPNL1Loss=0.525,RCNNAcc=0.813,RCNNL1Loss=1.909
[Epoch 0][Batch 9299], Speed: 0.681 samples/sec, RPN_Conf=0.186,RPN_SmoothL1=0.135,RCNN_CrossEntropy=0.774,RCNN_SmoothL1=0.400,RPNAcc=0.925,RPNL1Loss=0.524,RCNNAcc=0.813,RCNNL1Loss=1.906
[Epoch 0][Batch 9399], Speed: 0.681 samples/sec, RPN_Conf=0.186,RPN_SmoothL1=0.135,RCNN_CrossEntropy=0.772,RCNN_SmoothL1=0.400,RPNAcc=0.926,RPNL1Loss=0.524,RCNNAcc=0.813,RCNNL1Loss=1.903
[Epoch 0][Batch 9499], Speed: 0.692 samples/sec, RPN_Conf=0.185,RPN_SmoothL1=0.135,RCNN_CrossEntropy=0.771,RCNN_SmoothL1=0.399,RPNAcc=0.926,RPNL1Loss=0.524,RCNNAcc=0.813,RCNNL1Loss=1.900
[Epoch 0][Batch 9599], Speed: 0.696 samples/sec, RPN_Conf=0.185,RPN_SmoothL1=0.135,RCNN_CrossEntropy=0.769,RCNN_SmoothL1=0.399,RPNAcc=0.926,RPNL1Loss=0.523,RCNNAcc=0.814,RCNNL1Loss=1.897
[Epoch 0][Batch 9699], Speed: 0.679 samples/sec, RPN_Conf=0.184,RPN_SmoothL1=0.134,RCNN_CrossEntropy=0.768,RCNN_SmoothL1=0.398,RPNAcc=0.926,RPNL1Loss=0.523,RCNNAcc=0.814,RCNNL1Loss=1.893
[Epoch 0][Batch 9799], Speed: 0.683 samples/sec, RPN_Conf=0.184,RPN_SmoothL1=0.135,RCNN_CrossEntropy=0.766,RCNN_SmoothL1=0.398,RPNAcc=0.926,RPNL1Loss=0.523,RCNNAcc=0.814,RCNNL1Loss=1.892
[Epoch 0][Batch 9899], Speed: 0.691 samples/sec, RPN_Conf=0.184,RPN_SmoothL1=0.135,RCNN_CrossEntropy=0.765,RCNN_SmoothL1=0.398,RPNAcc=0.926,RPNL1Loss=0.522,RCNNAcc=0.814,RCNNL1Loss=1.889
[Epoch 0][Batch 9999], Speed: 0.685 samples/sec, RPN_Conf=0.183,RPN_SmoothL1=0.134,RCNN_CrossEntropy=0.763,RCNN_SmoothL1=0.397,RPNAcc=0.927,RPNL1Loss=0.521,RCNNAcc=0.814,RCNNL1Loss=1.886
[Epoch 0][Batch 10099], Speed: 0.682 samples/sec, RPN_Conf=0.183,RPN_SmoothL1=0.134,RCNN_CrossEntropy=0.762,RCNN_SmoothL1=0.397,RPNAcc=0.927,RPNL1Loss=0.521,RCNNAcc=0.814,RCNNL1Loss=1.884
[Epoch 0][Batch 10199], Speed: 0.682 samples/sec, RPN_Conf=0.183,RPN_SmoothL1=0.134,RCNN_CrossEntropy=0.761,RCNN_SmoothL1=0.397,RPNAcc=0.927,RPNL1Loss=0.521,RCNNAcc=0.814,RCNNL1Loss=1.881
[Epoch 0][Batch 10299], Speed: 0.671 samples/sec, RPN_Conf=0.183,RPN_SmoothL1=0.134,RCNN_CrossEntropy=0.760,RCNN_SmoothL1=0.396,RPNAcc=0.927,RPNL1Loss=0.520,RCNNAcc=0.815,RCNNL1Loss=1.879
[Epoch 0][Batch 10399], Speed: 0.684 samples/sec, RPN_Conf=0.182,RPN_SmoothL1=0.134,RCNN_CrossEntropy=0.758,RCNN_SmoothL1=0.396,RPNAcc=0.927,RPNL1Loss=0.519,RCNNAcc=0.815,RCNNL1Loss=1.874
[Epoch 0][Batch 10499], Speed: 0.687 samples/sec, RPN_Conf=0.182,RPN_SmoothL1=0.134,RCNN_CrossEntropy=0.757,RCNN_SmoothL1=0.395,RPNAcc=0.927,RPNL1Loss=0.519,RCNNAcc=0.815,RCNNL1Loss=1.872
[Epoch 0][Batch 10599], Speed: 0.682 samples/sec, RPN_Conf=0.182,RPN_SmoothL1=0.134,RCNN_CrossEntropy=0.755,RCNN_SmoothL1=0.395,RPNAcc=0.927,RPNL1Loss=0.518,RCNNAcc=0.815,RCNNL1Loss=1.869
[Epoch 0][Batch 10699], Speed: 0.693 samples/sec, RPN_Conf=0.181,RPN_SmoothL1=0.133,RCNN_CrossEntropy=0.754,RCNN_SmoothL1=0.394,RPNAcc=0.927,RPNL1Loss=0.518,RCNNAcc=0.815,RCNNL1Loss=1.867
[Epoch 0][Batch 10799], Speed: 0.686 samples/sec, RPN_Conf=0.181,RPN_SmoothL1=0.133,RCNN_CrossEntropy=0.754,RCNN_SmoothL1=0.394,RPNAcc=0.927,RPNL1Loss=0.518,RCNNAcc=0.815,RCNNL1Loss=1.865
[Epoch 0][Batch 10899], Speed: 0.688 samples/sec, RPN_Conf=0.181,RPN_SmoothL1=0.133,RCNN_CrossEntropy=0.752,RCNN_SmoothL1=0.394,RPNAcc=0.928,RPNL1Loss=0.517,RCNNAcc=0.815,RCNNL1Loss=1.862
[Epoch 0][Batch 10999], Speed: 0.679 samples/sec, RPN_Conf=0.181,RPN_SmoothL1=0.133,RCNN_CrossEntropy=0.751,RCNN_SmoothL1=0.393,RPNAcc=0.928,RPNL1Loss=0.516,RCNNAcc=0.815,RCNNL1Loss=1.859
[Epoch 0][Batch 11099], Speed: 0.699 samples/sec, RPN_Conf=0.180,RPN_SmoothL1=0.133,RCNN_CrossEntropy=0.751,RCNN_SmoothL1=0.393,RPNAcc=0.928,RPNL1Loss=0.516,RCNNAcc=0.815,RCNNL1Loss=1.857
[Epoch 0][Batch 11199], Speed: 0.688 samples/sec, RPN_Conf=0.180,RPN_SmoothL1=0.133,RCNN_CrossEntropy=0.749,RCNN_SmoothL1=0.393,RPNAcc=0.928,RPNL1Loss=0.515,RCNNAcc=0.816,RCNNL1Loss=1.855
[Epoch 0][Batch 11299], Speed: 0.698 samples/sec, RPN_Conf=0.180,RPN_SmoothL1=0.133,RCNN_CrossEntropy=0.748,RCNN_SmoothL1=0.392,RPNAcc=0.928,RPNL1Loss=0.515,RCNNAcc=0.816,RCNNL1Loss=1.853
[Epoch 0][Batch 11399], Speed: 0.686 samples/sec, RPN_Conf=0.180,RPN_SmoothL1=0.133,RCNN_CrossEntropy=0.747,RCNN_SmoothL1=0.392,RPNAcc=0.928,RPNL1Loss=0.514,RCNNAcc=0.816,RCNNL1Loss=1.850
[Epoch 0][Batch 11499], Speed: 0.690 samples/sec, RPN_Conf=0.179,RPN_SmoothL1=0.133,RCNN_CrossEntropy=0.746,RCNN_SmoothL1=0.392,RPNAcc=0.928,RPNL1Loss=0.513,RCNNAcc=0.816,RCNNL1Loss=1.847
[Epoch 0][Batch 11599], Speed: 0.686 samples/sec, RPN_Conf=0.179,RPN_SmoothL1=0.133,RCNN_CrossEntropy=0.744,RCNN_SmoothL1=0.391,RPNAcc=0.928,RPNL1Loss=0.513,RCNNAcc=0.816,RCNNL1Loss=1.845
[Epoch 0][Batch 11699], Speed: 0.692 samples/sec, RPN_Conf=0.179,RPN_SmoothL1=0.132,RCNN_CrossEntropy=0.743,RCNN_SmoothL1=0.391,RPNAcc=0.929,RPNL1Loss=0.512,RCNNAcc=0.816,RCNNL1Loss=1.842
[Epoch 0][Batch 11799], Speed: 0.693 samples/sec, RPN_Conf=0.178,RPN_SmoothL1=0.132,RCNN_CrossEntropy=0.742,RCNN_SmoothL1=0.391,RPNAcc=0.929,RPNL1Loss=0.511,RCNNAcc=0.816,RCNNL1Loss=1.839
[Epoch 0][Batch 11899], Speed: 0.695 samples/sec, RPN_Conf=0.178,RPN_SmoothL1=0.132,RCNN_CrossEntropy=0.741,RCNN_SmoothL1=0.390,RPNAcc=0.929,RPNL1Loss=0.511,RCNNAcc=0.816,RCNNL1Loss=1.837
[Epoch 0][Batch 11999], Speed: 0.683 samples/sec, RPN_Conf=0.178,RPN_SmoothL1=0.132,RCNN_CrossEntropy=0.740,RCNN_SmoothL1=0.390,RPNAcc=0.929,RPNL1Loss=0.511,RCNNAcc=0.816,RCNNL1Loss=1.835
[Epoch 0][Batch 12099], Speed: 0.698 samples/sec, RPN_Conf=0.178,RPN_SmoothL1=0.132,RCNN_CrossEntropy=0.739,RCNN_SmoothL1=0.389,RPNAcc=0.929,RPNL1Loss=0.510,RCNNAcc=0.817,RCNNL1Loss=1.831
[Epoch 0][Batch 12199], Speed: 0.680 samples/sec, RPN_Conf=0.177,RPN_SmoothL1=0.132,RCNN_CrossEntropy=0.738,RCNN_SmoothL1=0.389,RPNAcc=0.929,RPNL1Loss=0.510,RCNNAcc=0.817,RCNNL1Loss=1.829
[Epoch 0][Batch 12299], Speed: 0.685 samples/sec, RPN_Conf=0.177,RPN_SmoothL1=0.131,RCNN_CrossEntropy=0.737,RCNN_SmoothL1=0.389,RPNAcc=0.929,RPNL1Loss=0.509,RCNNAcc=0.817,RCNNL1Loss=1.826
[Epoch 0][Batch 12399], Speed: 0.683 samples/sec, RPN_Conf=0.177,RPN_SmoothL1=0.132,RCNN_CrossEntropy=0.736,RCNN_SmoothL1=0.388,RPNAcc=0.929,RPNL1Loss=0.509,RCNNAcc=0.817,RCNNL1Loss=1.823
[Epoch 0][Batch 12499], Speed: 0.683 samples/sec, RPN_Conf=0.176,RPN_SmoothL1=0.132,RCNN_CrossEntropy=0.734,RCNN_SmoothL1=0.388,RPNAcc=0.930,RPNL1Loss=0.509,RCNNAcc=0.817,RCNNL1Loss=1.821
[Epoch 0][Batch 12599], Speed: 0.686 samples/sec, RPN_Conf=0.176,RPN_SmoothL1=0.132,RCNN_CrossEntropy=0.733,RCNN_SmoothL1=0.388,RPNAcc=0.930,RPNL1Loss=0.508,RCNNAcc=0.817,RCNNL1Loss=1.819
[Epoch 0][Batch 12699], Speed: 0.686 samples/sec, RPN_Conf=0.176,RPN_SmoothL1=0.131,RCNN_CrossEntropy=0.732,RCNN_SmoothL1=0.387,RPNAcc=0.930,RPNL1Loss=0.508,RCNNAcc=0.817,RCNNL1Loss=1.816
[Epoch 0][Batch 12799], Speed: 0.675 samples/sec, RPN_Conf=0.176,RPN_SmoothL1=0.131,RCNN_CrossEntropy=0.731,RCNN_SmoothL1=0.387,RPNAcc=0.930,RPNL1Loss=0.508,RCNNAcc=0.817,RCNNL1Loss=1.814
[Epoch 0][Batch 12899], Speed: 0.677 samples/sec, RPN_Conf=0.175,RPN_SmoothL1=0.131,RCNN_CrossEntropy=0.730,RCNN_SmoothL1=0.387,RPNAcc=0.930,RPNL1Loss=0.507,RCNNAcc=0.817,RCNNL1Loss=1.811
[Epoch 0][Batch 12999], Speed: 0.675 samples/sec, RPN_Conf=0.175,RPN_SmoothL1=0.131,RCNN_CrossEntropy=0.729,RCNN_SmoothL1=0.386,RPNAcc=0.930,RPNL1Loss=0.507,RCNNAcc=0.817,RCNNL1Loss=1.810
[Epoch 0][Batch 13099], Speed: 0.693 samples/sec, RPN_Conf=0.175,RPN_SmoothL1=0.131,RCNN_CrossEntropy=0.728,RCNN_SmoothL1=0.386,RPNAcc=0.930,RPNL1Loss=0.507,RCNNAcc=0.817,RCNNL1Loss=1.808
[Epoch 0][Batch 13199], Speed: 0.692 samples/sec, RPN_Conf=0.175,RPN_SmoothL1=0.131,RCNN_CrossEntropy=0.727,RCNN_SmoothL1=0.386,RPNAcc=0.930,RPNL1Loss=0.506,RCNNAcc=0.818,RCNNL1Loss=1.806
[Epoch 0][Batch 13299], Speed: 0.687 samples/sec, RPN_Conf=0.175,RPN_SmoothL1=0.131,RCNN_CrossEntropy=0.727,RCNN_SmoothL1=0.386,RPNAcc=0.930,RPNL1Loss=0.506,RCNNAcc=0.818,RCNNL1Loss=1.804
[Epoch 0][Batch 13399], Speed: 0.689 samples/sec, RPN_Conf=0.174,RPN_SmoothL1=0.131,RCNN_CrossEntropy=0.726,RCNN_SmoothL1=0.385,RPNAcc=0.930,RPNL1Loss=0.506,RCNNAcc=0.818,RCNNL1Loss=1.802
[Epoch 0][Batch 13499], Speed: 0.689 samples/sec, RPN_Conf=0.174,RPN_SmoothL1=0.131,RCNN_CrossEntropy=0.725,RCNN_SmoothL1=0.385,RPNAcc=0.931,RPNL1Loss=0.506,RCNNAcc=0.818,RCNNL1Loss=1.800
[Epoch 0][Batch 13599], Speed: 0.667 samples/sec, RPN_Conf=0.174,RPN_SmoothL1=0.131,RCNN_CrossEntropy=0.723,RCNN_SmoothL1=0.385,RPNAcc=0.931,RPNL1Loss=0.505,RCNNAcc=0.818,RCNNL1Loss=1.798
[Epoch 0][Batch 13699], Speed: 0.684 samples/sec, RPN_Conf=0.173,RPN_SmoothL1=0.130,RCNN_CrossEntropy=0.722,RCNN_SmoothL1=0.384,RPNAcc=0.931,RPNL1Loss=0.505,RCNNAcc=0.818,RCNNL1Loss=1.795
[Epoch 0][Batch 13799], Speed: 0.680 samples/sec, RPN_Conf=0.173,RPN_SmoothL1=0.130,RCNN_CrossEntropy=0.721,RCNN_SmoothL1=0.384,RPNAcc=0.931,RPNL1Loss=0.504,RCNNAcc=0.818,RCNNL1Loss=1.793
[Epoch 0][Batch 13899], Speed: 0.694 samples/sec, RPN_Conf=0.173,RPN_SmoothL1=0.130,RCNN_CrossEntropy=0.720,RCNN_SmoothL1=0.383,RPNAcc=0.931,RPNL1Loss=0.504,RCNNAcc=0.819,RCNNL1Loss=1.791
[Epoch 0][Batch 13999], Speed: 0.687 samples/sec, RPN_Conf=0.173,RPN_SmoothL1=0.130,RCNN_CrossEntropy=0.719,RCNN_SmoothL1=0.383,RPNAcc=0.931,RPNL1Loss=0.503,RCNNAcc=0.819,RCNNL1Loss=1.789
[Epoch 0][Batch 14099], Speed: 0.683 samples/sec, RPN_Conf=0.172,RPN_SmoothL1=0.130,RCNN_CrossEntropy=0.718,RCNN_SmoothL1=0.383,RPNAcc=0.931,RPNL1Loss=0.503,RCNNAcc=0.819,RCNNL1Loss=1.786
[Epoch 0][Batch 14199], Speed: 0.688 samples/sec, RPN_Conf=0.172,RPN_SmoothL1=0.130,RCNN_CrossEntropy=0.717,RCNN_SmoothL1=0.382,RPNAcc=0.931,RPNL1Loss=0.503,RCNNAcc=0.819,RCNNL1Loss=1.784
[Epoch 0][Batch 14299], Speed: 0.682 samples/sec, RPN_Conf=0.172,RPN_SmoothL1=0.129,RCNN_CrossEntropy=0.717,RCNN_SmoothL1=0.382,RPNAcc=0.931,RPNL1Loss=0.502,RCNNAcc=0.819,RCNNL1Loss=1.783
[Epoch 0][Batch 14399], Speed: 0.692 samples/sec, RPN_Conf=0.172,RPN_SmoothL1=0.129,RCNN_CrossEntropy=0.716,RCNN_SmoothL1=0.382,RPNAcc=0.931,RPNL1Loss=0.501,RCNNAcc=0.819,RCNNL1Loss=1.780
[Epoch 0][Batch 14499], Speed: 0.688 samples/sec, RPN_Conf=0.172,RPN_SmoothL1=0.129,RCNN_CrossEntropy=0.715,RCNN_SmoothL1=0.382,RPNAcc=0.932,RPNL1Loss=0.501,RCNNAcc=0.819,RCNNL1Loss=1.778
[Epoch 0][Batch 14599], Speed: 0.681 samples/sec, RPN_Conf=0.171,RPN_SmoothL1=0.129,RCNN_CrossEntropy=0.714,RCNN_SmoothL1=0.381,RPNAcc=0.932,RPNL1Loss=0.500,RCNNAcc=0.819,RCNNL1Loss=1.777
[Epoch 0][Batch 14699], Speed: 0.681 samples/sec, RPN_Conf=0.171,RPN_SmoothL1=0.129,RCNN_CrossEntropy=0.713,RCNN_SmoothL1=0.381,RPNAcc=0.932,RPNL1Loss=0.500,RCNNAcc=0.819,RCNNL1Loss=1.774
[Epoch 0][Batch 14799], Speed: 0.677 samples/sec, RPN_Conf=0.171,RPN_SmoothL1=0.129,RCNN_CrossEntropy=0.712,RCNN_SmoothL1=0.381,RPNAcc=0.932,RPNL1Loss=0.500,RCNNAcc=0.819,RCNNL1Loss=1.772
[Epoch 0][Batch 14899], Speed: 0.687 samples/sec, RPN_Conf=0.171,RPN_SmoothL1=0.129,RCNN_CrossEntropy=0.711,RCNN_SmoothL1=0.380,RPNAcc=0.932,RPNL1Loss=0.499,RCNNAcc=0.820,RCNNL1Loss=1.770
[Epoch 0][Batch 14999], Speed: 0.686 samples/sec, RPN_Conf=0.171,RPN_SmoothL1=0.129,RCNN_CrossEntropy=0.710,RCNN_SmoothL1=0.380,RPNAcc=0.932,RPNL1Loss=0.499,RCNNAcc=0.820,RCNNL1Loss=1.768
[Epoch 0][Batch 15099], Speed: 0.686 samples/sec, RPN_Conf=0.170,RPN_SmoothL1=0.129,RCNN_CrossEntropy=0.709,RCNN_SmoothL1=0.380,RPNAcc=0.932,RPNL1Loss=0.499,RCNNAcc=0.820,RCNNL1Loss=1.767
[Epoch 0][Batch 15199], Speed: 0.675 samples/sec, RPN_Conf=0.170,RPN_SmoothL1=0.128,RCNN_CrossEntropy=0.709,RCNN_SmoothL1=0.380,RPNAcc=0.932,RPNL1Loss=0.498,RCNNAcc=0.820,RCNNL1Loss=1.765
[Epoch 0][Batch 15299], Speed: 0.686 samples/sec, RPN_Conf=0.170,RPN_SmoothL1=0.129,RCNN_CrossEntropy=0.708,RCNN_SmoothL1=0.379,RPNAcc=0.932,RPNL1Loss=0.499,RCNNAcc=0.820,RCNNL1Loss=1.764
[Epoch 0][Batch 15399], Speed: 0.688 samples/sec, RPN_Conf=0.170,RPN_SmoothL1=0.128,RCNN_CrossEntropy=0.708,RCNN_SmoothL1=0.379,RPNAcc=0.932,RPNL1Loss=0.498,RCNNAcc=0.820,RCNNL1Loss=1.762
[Epoch 0][Batch 15499], Speed: 0.691 samples/sec, RPN_Conf=0.170,RPN_SmoothL1=0.128,RCNN_CrossEntropy=0.707,RCNN_SmoothL1=0.379,RPNAcc=0.932,RPNL1Loss=0.498,RCNNAcc=0.820,RCNNL1Loss=1.760
[Epoch 0][Batch 15599], Speed: 0.685 samples/sec, RPN_Conf=0.169,RPN_SmoothL1=0.128,RCNN_CrossEntropy=0.706,RCNN_SmoothL1=0.378,RPNAcc=0.933,RPNL1Loss=0.497,RCNNAcc=0.820,RCNNL1Loss=1.758
[Epoch 0][Batch 15699], Speed: 0.682 samples/sec, RPN_Conf=0.169,RPN_SmoothL1=0.128,RCNN_CrossEntropy=0.705,RCNN_SmoothL1=0.378,RPNAcc=0.933,RPNL1Loss=0.497,RCNNAcc=0.820,RCNNL1Loss=1.756
[Epoch 0][Batch 15799], Speed: 0.689 samples/sec, RPN_Conf=0.169,RPN_SmoothL1=0.128,RCNN_CrossEntropy=0.705,RCNN_SmoothL1=0.378,RPNAcc=0.933,RPNL1Loss=0.497,RCNNAcc=0.820,RCNNL1Loss=1.754
[Epoch 0][Batch 15899], Speed: 0.695 samples/sec, RPN_Conf=0.169,RPN_SmoothL1=0.128,RCNN_CrossEntropy=0.704,RCNN_SmoothL1=0.378,RPNAcc=0.933,RPNL1Loss=0.496,RCNNAcc=0.820,RCNNL1Loss=1.752
[Epoch 0][Batch 15999], Speed: 0.683 samples/sec, RPN_Conf=0.169,RPN_SmoothL1=0.128,RCNN_CrossEntropy=0.703,RCNN_SmoothL1=0.377,RPNAcc=0.933,RPNL1Loss=0.496,RCNNAcc=0.820,RCNNL1Loss=1.751
[Epoch 0][Batch 16099], Speed: 0.685 samples/sec, RPN_Conf=0.169,RPN_SmoothL1=0.128,RCNN_CrossEntropy=0.703,RCNN_SmoothL1=0.377,RPNAcc=0.933,RPNL1Loss=0.496,RCNNAcc=0.820,RCNNL1Loss=1.749
[Epoch 0][Batch 16199], Speed: 0.684 samples/sec, RPN_Conf=0.168,RPN_SmoothL1=0.128,RCNN_CrossEntropy=0.702,RCNN_SmoothL1=0.377,RPNAcc=0.933,RPNL1Loss=0.495,RCNNAcc=0.820,RCNNL1Loss=1.748
[Epoch 0][Batch 16299], Speed: 0.687 samples/sec, RPN_Conf=0.168,RPN_SmoothL1=0.127,RCNN_CrossEntropy=0.701,RCNN_SmoothL1=0.376,RPNAcc=0.933,RPNL1Loss=0.495,RCNNAcc=0.820,RCNNL1Loss=1.746
[Epoch 0][Batch 16399], Speed: 0.673 samples/sec, RPN_Conf=0.168,RPN_SmoothL1=0.127,RCNN_CrossEntropy=0.700,RCNN_SmoothL1=0.376,RPNAcc=0.933,RPNL1Loss=0.495,RCNNAcc=0.821,RCNNL1Loss=1.743
[Epoch 0][Batch 16499], Speed: 0.688 samples/sec, RPN_Conf=0.168,RPN_SmoothL1=0.127,RCNN_CrossEntropy=0.700,RCNN_SmoothL1=0.376,RPNAcc=0.933,RPNL1Loss=0.494,RCNNAcc=0.821,RCNNL1Loss=1.741
[Epoch 0][Batch 16599], Speed: 0.679 samples/sec, RPN_Conf=0.168,RPN_SmoothL1=0.127,RCNN_CrossEntropy=0.699,RCNN_SmoothL1=0.375,RPNAcc=0.933,RPNL1Loss=0.494,RCNNAcc=0.821,RCNNL1Loss=1.740
[Epoch 0][Batch 16699], Speed: 0.693 samples/sec, RPN_Conf=0.168,RPN_SmoothL1=0.127,RCNN_CrossEntropy=0.698,RCNN_SmoothL1=0.375,RPNAcc=0.933,RPNL1Loss=0.494,RCNNAcc=0.821,RCNNL1Loss=1.738
[Epoch 0][Batch 16799], Speed: 0.683 samples/sec, RPN_Conf=0.167,RPN_SmoothL1=0.127,RCNN_CrossEntropy=0.698,RCNN_SmoothL1=0.375,RPNAcc=0.933,RPNL1Loss=0.494,RCNNAcc=0.821,RCNNL1Loss=1.736
[Epoch 0][Batch 16899], Speed: 0.682 samples/sec, RPN_Conf=0.167,RPN_SmoothL1=0.127,RCNN_CrossEntropy=0.697,RCNN_SmoothL1=0.375,RPNAcc=0.933,RPNL1Loss=0.493,RCNNAcc=0.821,RCNNL1Loss=1.734
[Epoch 0][Batch 16999], Speed: 0.678 samples/sec, RPN_Conf=0.167,RPN_SmoothL1=0.127,RCNN_CrossEntropy=0.696,RCNN_SmoothL1=0.374,RPNAcc=0.933,RPNL1Loss=0.493,RCNNAcc=0.821,RCNNL1Loss=1.732
[Epoch 0][Batch 17099], Speed: 0.686 samples/sec, RPN_Conf=0.167,RPN_SmoothL1=0.127,RCNN_CrossEntropy=0.696,RCNN_SmoothL1=0.374,RPNAcc=0.934,RPNL1Loss=0.493,RCNNAcc=0.821,RCNNL1Loss=1.730
[Epoch 0][Batch 17199], Speed: 0.688 samples/sec, RPN_Conf=0.167,RPN_SmoothL1=0.127,RCNN_CrossEntropy=0.695,RCNN_SmoothL1=0.374,RPNAcc=0.934,RPNL1Loss=0.493,RCNNAcc=0.821,RCNNL1Loss=1.728
[Epoch 0][Batch 17299], Speed: 0.673 samples/sec, RPN_Conf=0.167,RPN_SmoothL1=0.127,RCNN_CrossEntropy=0.694,RCNN_SmoothL1=0.373,RPNAcc=0.934,RPNL1Loss=0.492,RCNNAcc=0.821,RCNNL1Loss=1.727
[Epoch 0][Batch 17399], Speed: 0.700 samples/sec, RPN_Conf=0.166,RPN_SmoothL1=0.127,RCNN_CrossEntropy=0.694,RCNN_SmoothL1=0.373,RPNAcc=0.934,RPNL1Loss=0.492,RCNNAcc=0.821,RCNNL1Loss=1.725
[Epoch 0][Batch 17499], Speed: 0.676 samples/sec, RPN_Conf=0.166,RPN_SmoothL1=0.126,RCNN_CrossEntropy=0.693,RCNN_SmoothL1=0.373,RPNAcc=0.934,RPNL1Loss=0.492,RCNNAcc=0.822,RCNNL1Loss=1.724
[Epoch 0][Batch 17599], Speed: 0.690 samples/sec, RPN_Conf=0.166,RPN_SmoothL1=0.126,RCNN_CrossEntropy=0.693,RCNN_SmoothL1=0.373,RPNAcc=0.934,RPNL1Loss=0.491,RCNNAcc=0.822,RCNNL1Loss=1.722
[Epoch 0][Batch 17699], Speed: 0.680 samples/sec, RPN_Conf=0.166,RPN_SmoothL1=0.126,RCNN_CrossEntropy=0.692,RCNN_SmoothL1=0.372,RPNAcc=0.934,RPNL1Loss=0.491,RCNNAcc=0.822,RCNNL1Loss=1.721
[Epoch 0][Batch 17799], Speed: 0.692 samples/sec, RPN_Conf=0.166,RPN_SmoothL1=0.126,RCNN_CrossEntropy=0.691,RCNN_SmoothL1=0.372,RPNAcc=0.934,RPNL1Loss=0.491,RCNNAcc=0.822,RCNNL1Loss=1.719
[Epoch 0][Batch 17899], Speed: 0.684 samples/sec, RPN_Conf=0.165,RPN_SmoothL1=0.126,RCNN_CrossEntropy=0.690,RCNN_SmoothL1=0.372,RPNAcc=0.934,RPNL1Loss=0.491,RCNNAcc=0.822,RCNNL1Loss=1.717
[Epoch 0][Batch 17999], Speed: 0.682 samples/sec, RPN_Conf=0.165,RPN_SmoothL1=0.126,RCNN_CrossEntropy=0.690,RCNN_SmoothL1=0.372,RPNAcc=0.934,RPNL1Loss=0.490,RCNNAcc=0.822,RCNNL1Loss=1.716
[Epoch 0][Batch 18099], Speed: 0.677 samples/sec, RPN_Conf=0.165,RPN_SmoothL1=0.126,RCNN_CrossEntropy=0.689,RCNN_SmoothL1=0.371,RPNAcc=0.934,RPNL1Loss=0.490,RCNNAcc=0.822,RCNNL1Loss=1.714
[Epoch 0][Batch 18199], Speed: 0.688 samples/sec, RPN_Conf=0.165,RPN_SmoothL1=0.126,RCNN_CrossEntropy=0.689,RCNN_SmoothL1=0.371,RPNAcc=0.934,RPNL1Loss=0.490,RCNNAcc=0.822,RCNNL1Loss=1.713
[Epoch 0][Batch 18299], Speed: 0.687 samples/sec, RPN_Conf=0.165,RPN_SmoothL1=0.126,RCNN_CrossEntropy=0.688,RCNN_SmoothL1=0.371,RPNAcc=0.934,RPNL1Loss=0.490,RCNNAcc=0.822,RCNNL1Loss=1.711
[Epoch 0][Batch 18399], Speed: 0.693 samples/sec, RPN_Conf=0.165,RPN_SmoothL1=0.126,RCNN_CrossEntropy=0.687,RCNN_SmoothL1=0.371,RPNAcc=0.934,RPNL1Loss=0.489,RCNNAcc=0.822,RCNNL1Loss=1.710
[Epoch 0][Batch 18499], Speed: 0.696 samples/sec, RPN_Conf=0.164,RPN_SmoothL1=0.126,RCNN_CrossEntropy=0.687,RCNN_SmoothL1=0.370,RPNAcc=0.935,RPNL1Loss=0.490,RCNNAcc=0.822,RCNNL1Loss=1.709
[Epoch 0][Batch 18599], Speed: 0.684 samples/sec, RPN_Conf=0.164,RPN_SmoothL1=0.126,RCNN_CrossEntropy=0.686,RCNN_SmoothL1=0.370,RPNAcc=0.935,RPNL1Loss=0.489,RCNNAcc=0.822,RCNNL1Loss=1.707
[Epoch 0][Batch 18699], Speed: 0.688 samples/sec, RPN_Conf=0.164,RPN_SmoothL1=0.126,RCNN_CrossEntropy=0.685,RCNN_SmoothL1=0.370,RPNAcc=0.935,RPNL1Loss=0.489,RCNNAcc=0.823,RCNNL1Loss=1.705
[Epoch 0][Batch 18799], Speed: 0.684 samples/sec, RPN_Conf=0.164,RPN_SmoothL1=0.126,RCNN_CrossEntropy=0.685,RCNN_SmoothL1=0.369,RPNAcc=0.935,RPNL1Loss=0.489,RCNNAcc=0.822,RCNNL1Loss=1.704
[Epoch 0][Batch 18899], Speed: 0.690 samples/sec, RPN_Conf=0.164,RPN_SmoothL1=0.126,RCNN_CrossEntropy=0.684,RCNN_SmoothL1=0.369,RPNAcc=0.935,RPNL1Loss=0.489,RCNNAcc=0.823,RCNNL1Loss=1.702
[Epoch 0][Batch 18999], Speed: 0.687 samples/sec, RPN_Conf=0.164,RPN_SmoothL1=0.126,RCNN_CrossEntropy=0.684,RCNN_SmoothL1=0.369,RPNAcc=0.935,RPNL1Loss=0.488,RCNNAcc=0.823,RCNNL1Loss=1.700
[Epoch 0][Batch 19099], Speed: 0.683 samples/sec, RPN_Conf=0.163,RPN_SmoothL1=0.126,RCNN_CrossEntropy=0.683,RCNN_SmoothL1=0.368,RPNAcc=0.935,RPNL1Loss=0.488,RCNNAcc=0.823,RCNNL1Loss=1.698
[Epoch 0][Batch 19199], Speed: 0.681 samples/sec, RPN_Conf=0.163,RPN_SmoothL1=0.126,RCNN_CrossEntropy=0.682,RCNN_SmoothL1=0.368,RPNAcc=0.935,RPNL1Loss=0.488,RCNNAcc=0.823,RCNNL1Loss=1.697
[Epoch 0][Batch 19299], Speed: 0.691 samples/sec, RPN_Conf=0.163,RPN_SmoothL1=0.126,RCNN_CrossEntropy=0.682,RCNN_SmoothL1=0.368,RPNAcc=0.935,RPNL1Loss=0.488,RCNNAcc=0.823,RCNNL1Loss=1.696
[Epoch 0][Batch 19399], Speed: 0.685 samples/sec, RPN_Conf=0.163,RPN_SmoothL1=0.125,RCNN_CrossEntropy=0.682,RCNN_SmoothL1=0.368,RPNAcc=0.935,RPNL1Loss=0.487,RCNNAcc=0.823,RCNNL1Loss=1.695
[Epoch 0][Batch 19499], Speed: 0.672 samples/sec, RPN_Conf=0.163,RPN_SmoothL1=0.125,RCNN_CrossEntropy=0.681,RCNN_SmoothL1=0.367,RPNAcc=0.935,RPNL1Loss=0.487,RCNNAcc=0.823,RCNNL1Loss=1.693
[Epoch 0][Batch 19599], Speed: 0.695 samples/sec, RPN_Conf=0.163,RPN_SmoothL1=0.125,RCNN_CrossEntropy=0.681,RCNN_SmoothL1=0.367,RPNAcc=0.935,RPNL1Loss=0.487,RCNNAcc=0.823,RCNNL1Loss=1.692
[Epoch 0][Batch 19699], Speed: 0.675 samples/sec, RPN_Conf=0.163,RPN_SmoothL1=0.125,RCNN_CrossEntropy=0.680,RCNN_SmoothL1=0.367,RPNAcc=0.935,RPNL1Loss=0.487,RCNNAcc=0.823,RCNNL1Loss=1.690
[Epoch 0][Batch 19799], Speed: 0.685 samples/sec, RPN_Conf=0.162,RPN_SmoothL1=0.125,RCNN_CrossEntropy=0.679,RCNN_SmoothL1=0.367,RPNAcc=0.936,RPNL1Loss=0.487,RCNNAcc=0.823,RCNNL1Loss=1.689
[Epoch 0][Batch 19899], Speed: 0.678 samples/sec, RPN_Conf=0.162,RPN_SmoothL1=0.125,RCNN_CrossEntropy=0.679,RCNN_SmoothL1=0.366,RPNAcc=0.936,RPNL1Loss=0.487,RCNNAcc=0.823,RCNNL1Loss=1.687
[Epoch 0][Batch 19999], Speed: 0.683 samples/sec, RPN_Conf=0.162,RPN_SmoothL1=0.125,RCNN_CrossEntropy=0.678,RCNN_SmoothL1=0.366,RPNAcc=0.936,RPNL1Loss=0.486,RCNNAcc=0.823,RCNNL1Loss=1.686
[Epoch 0][Batch 20099], Speed: 0.684 samples/sec, RPN_Conf=0.162,RPN_SmoothL1=0.125,RCNN_CrossEntropy=0.677,RCNN_SmoothL1=0.366,RPNAcc=0.936,RPNL1Loss=0.486,RCNNAcc=0.823,RCNNL1Loss=1.685
[Epoch 0][Batch 20199], Speed: 0.699 samples/sec, RPN_Conf=0.162,RPN_SmoothL1=0.125,RCNN_CrossEntropy=0.677,RCNN_SmoothL1=0.366,RPNAcc=0.936,RPNL1Loss=0.486,RCNNAcc=0.824,RCNNL1Loss=1.683
[Epoch 0][Batch 20299], Speed: 0.682 samples/sec, RPN_Conf=0.162,RPN_SmoothL1=0.125,RCNN_CrossEntropy=0.676,RCNN_SmoothL1=0.365,RPNAcc=0.936,RPNL1Loss=0.486,RCNNAcc=0.824,RCNNL1Loss=1.682
[Epoch 0][Batch 20399], Speed: 0.688 samples/sec, RPN_Conf=0.162,RPN_SmoothL1=0.125,RCNN_CrossEntropy=0.676,RCNN_SmoothL1=0.365,RPNAcc=0.936,RPNL1Loss=0.485,RCNNAcc=0.824,RCNNL1Loss=1.681
[Epoch 0][Batch 20499], Speed: 0.677 samples/sec, RPN_Conf=0.162,RPN_SmoothL1=0.125,RCNN_CrossEntropy=0.675,RCNN_SmoothL1=0.365,RPNAcc=0.936,RPNL1Loss=0.485,RCNNAcc=0.824,RCNNL1Loss=1.679
[Epoch 0][Batch 20599], Speed: 0.687 samples/sec, RPN_Conf=0.161,RPN_SmoothL1=0.125,RCNN_CrossEntropy=0.675,RCNN_SmoothL1=0.365,RPNAcc=0.936,RPNL1Loss=0.485,RCNNAcc=0.824,RCNNL1Loss=1.678
[Epoch 0][Batch 20699], Speed: 0.677 samples/sec, RPN_Conf=0.161,RPN_SmoothL1=0.125,RCNN_CrossEntropy=0.674,RCNN_SmoothL1=0.364,RPNAcc=0.936,RPNL1Loss=0.485,RCNNAcc=0.824,RCNNL1Loss=1.676
[Epoch 0][Batch 20799], Speed: 0.691 samples/sec, RPN_Conf=0.161,RPN_SmoothL1=0.125,RCNN_CrossEntropy=0.673,RCNN_SmoothL1=0.364,RPNAcc=0.936,RPNL1Loss=0.485,RCNNAcc=0.824,RCNNL1Loss=1.675
[Epoch 0][Batch 20899], Speed: 0.689 samples/sec, RPN_Conf=0.161,RPN_SmoothL1=0.125,RCNN_CrossEntropy=0.673,RCNN_SmoothL1=0.364,RPNAcc=0.936,RPNL1Loss=0.484,RCNNAcc=0.824,RCNNL1Loss=1.674
[Epoch 0][Batch 20999], Speed: 0.684 samples/sec, RPN_Conf=0.161,RPN_SmoothL1=0.125,RCNN_CrossEntropy=0.672,RCNN_SmoothL1=0.363,RPNAcc=0.936,RPNL1Loss=0.484,RCNNAcc=0.824,RCNNL1Loss=1.672
[Epoch 0][Batch 21099], Speed: 0.687 samples/sec, RPN_Conf=0.161,RPN_SmoothL1=0.124,RCNN_CrossEntropy=0.672,RCNN_SmoothL1=0.363,RPNAcc=0.936,RPNL1Loss=0.484,RCNNAcc=0.824,RCNNL1Loss=1.671
[Epoch 0][Batch 21199], Speed: 0.686 samples/sec, RPN_Conf=0.161,RPN_SmoothL1=0.124,RCNN_CrossEntropy=0.671,RCNN_SmoothL1=0.363,RPNAcc=0.936,RPNL1Loss=0.484,RCNNAcc=0.824,RCNNL1Loss=1.670
[Epoch 0][Batch 21299], Speed: 0.686 samples/sec, RPN_Conf=0.161,RPN_SmoothL1=0.124,RCNN_CrossEntropy=0.671,RCNN_SmoothL1=0.363,RPNAcc=0.936,RPNL1Loss=0.483,RCNNAcc=0.824,RCNNL1Loss=1.668
[Epoch 0][Batch 21399], Speed: 0.684 samples/sec, RPN_Conf=0.160,RPN_SmoothL1=0.124,RCNN_CrossEntropy=0.670,RCNN_SmoothL1=0.363,RPNAcc=0.936,RPNL1Loss=0.483,RCNNAcc=0.824,RCNNL1Loss=1.667
[Epoch 0][Batch 21499], Speed: 0.698 samples/sec, RPN_Conf=0.160,RPN_SmoothL1=0.124,RCNN_CrossEntropy=0.670,RCNN_SmoothL1=0.362,RPNAcc=0.936,RPNL1Loss=0.483,RCNNAcc=0.824,RCNNL1Loss=1.665
[Epoch 0][Batch 21599], Speed: 0.689 samples/sec, RPN_Conf=0.160,RPN_SmoothL1=0.124,RCNN_CrossEntropy=0.669,RCNN_SmoothL1=0.362,RPNAcc=0.936,RPNL1Loss=0.483,RCNNAcc=0.824,RCNNL1Loss=1.664
[Epoch 0][Batch 21699], Speed: 0.685 samples/sec, RPN_Conf=0.160,RPN_SmoothL1=0.124,RCNN_CrossEntropy=0.669,RCNN_SmoothL1=0.362,RPNAcc=0.937,RPNL1Loss=0.483,RCNNAcc=0.825,RCNNL1Loss=1.663
[Epoch 0][Batch 21799], Speed: 0.691 samples/sec, RPN_Conf=0.160,RPN_SmoothL1=0.124,RCNN_CrossEntropy=0.668,RCNN_SmoothL1=0.361,RPNAcc=0.937,RPNL1Loss=0.483,RCNNAcc=0.825,RCNNL1Loss=1.661
[Epoch 0][Batch 21899], Speed: 0.692 samples/sec, RPN_Conf=0.160,RPN_SmoothL1=0.124,RCNN_CrossEntropy=0.667,RCNN_SmoothL1=0.361,RPNAcc=0.937,RPNL1Loss=0.482,RCNNAcc=0.825,RCNNL1Loss=1.659
[Epoch 0][Batch 21999], Speed: 0.685 samples/sec, RPN_Conf=0.160,RPN_SmoothL1=0.124,RCNN_CrossEntropy=0.667,RCNN_SmoothL1=0.361,RPNAcc=0.937,RPNL1Loss=0.482,RCNNAcc=0.825,RCNNL1Loss=1.658
[Epoch 0][Batch 22099], Speed: 0.682 samples/sec, RPN_Conf=0.159,RPN_SmoothL1=0.124,RCNN_CrossEntropy=0.666,RCNN_SmoothL1=0.361,RPNAcc=0.937,RPNL1Loss=0.482,RCNNAcc=0.825,RCNNL1Loss=1.656
[Epoch 0][Batch 22199], Speed: 0.689 samples/sec, RPN_Conf=0.159,RPN_SmoothL1=0.124,RCNN_CrossEntropy=0.665,RCNN_SmoothL1=0.360,RPNAcc=0.937,RPNL1Loss=0.482,RCNNAcc=0.825,RCNNL1Loss=1.655
[Epoch 0][Batch 22299], Speed: 0.679 samples/sec, RPN_Conf=0.159,RPN_SmoothL1=0.124,RCNN_CrossEntropy=0.665,RCNN_SmoothL1=0.360,RPNAcc=0.937,RPNL1Loss=0.482,RCNNAcc=0.825,RCNNL1Loss=1.654
[Epoch 0][Batch 22399], Speed: 0.683 samples/sec, RPN_Conf=0.159,RPN_SmoothL1=0.124,RCNN_CrossEntropy=0.664,RCNN_SmoothL1=0.360,RPNAcc=0.937,RPNL1Loss=0.482,RCNNAcc=0.825,RCNNL1Loss=1.652
[Epoch 0][Batch 22499], Speed: 0.681 samples/sec, RPN_Conf=0.159,RPN_SmoothL1=0.124,RCNN_CrossEntropy=0.664,RCNN_SmoothL1=0.360,RPNAcc=0.937,RPNL1Loss=0.481,RCNNAcc=0.825,RCNNL1Loss=1.651
[Epoch 0][Batch 22599], Speed: 0.683 samples/sec, RPN_Conf=0.159,RPN_SmoothL1=0.123,RCNN_CrossEntropy=0.663,RCNN_SmoothL1=0.359,RPNAcc=0.937,RPNL1Loss=0.481,RCNNAcc=0.825,RCNNL1Loss=1.649
[Epoch 0][Batch 22699], Speed: 0.684 samples/sec, RPN_Conf=0.159,RPN_SmoothL1=0.123,RCNN_CrossEntropy=0.663,RCNN_SmoothL1=0.359,RPNAcc=0.937,RPNL1Loss=0.481,RCNNAcc=0.825,RCNNL1Loss=1.648
[Epoch 0][Batch 22799], Speed: 0.686 samples/sec, RPN_Conf=0.159,RPN_SmoothL1=0.123,RCNN_CrossEntropy=0.662,RCNN_SmoothL1=0.359,RPNAcc=0.937,RPNL1Loss=0.481,RCNNAcc=0.826,RCNNL1Loss=1.647
[Epoch 0][Batch 22899], Speed: 0.686 samples/sec, RPN_Conf=0.158,RPN_SmoothL1=0.123,RCNN_CrossEntropy=0.662,RCNN_SmoothL1=0.359,RPNAcc=0.937,RPNL1Loss=0.481,RCNNAcc=0.826,RCNNL1Loss=1.646
[Epoch 0][Batch 22999], Speed: 0.683 samples/sec, RPN_Conf=0.158,RPN_SmoothL1=0.123,RCNN_CrossEntropy=0.661,RCNN_SmoothL1=0.358,RPNAcc=0.937,RPNL1Loss=0.481,RCNNAcc=0.826,RCNNL1Loss=1.644
[Epoch 0][Batch 23099], Speed: 0.679 samples/sec, RPN_Conf=0.158,RPN_SmoothL1=0.123,RCNN_CrossEntropy=0.660,RCNN_SmoothL1=0.358,RPNAcc=0.937,RPNL1Loss=0.480,RCNNAcc=0.826,RCNNL1Loss=1.643
[Epoch 0][Batch 23199], Speed: 0.678 samples/sec, RPN_Conf=0.158,RPN_SmoothL1=0.123,RCNN_CrossEntropy=0.660,RCNN_SmoothL1=0.358,RPNAcc=0.938,RPNL1Loss=0.480,RCNNAcc=0.826,RCNNL1Loss=1.642
[Epoch 0][Batch 23299], Speed: 0.695 samples/sec, RPN_Conf=0.158,RPN_SmoothL1=0.123,RCNN_CrossEntropy=0.659,RCNN_SmoothL1=0.358,RPNAcc=0.938,RPNL1Loss=0.480,RCNNAcc=0.826,RCNNL1Loss=1.640
[Epoch 0][Batch 23399], Speed: 0.693 samples/sec, RPN_Conf=0.158,RPN_SmoothL1=0.123,RCNN_CrossEntropy=0.659,RCNN_SmoothL1=0.358,RPNAcc=0.938,RPNL1Loss=0.480,RCNNAcc=0.826,RCNNL1Loss=1.639
[Epoch 0][Batch 23499], Speed: 0.687 samples/sec, RPN_Conf=0.157,RPN_SmoothL1=0.123,RCNN_CrossEntropy=0.658,RCNN_SmoothL1=0.357,RPNAcc=0.938,RPNL1Loss=0.479,RCNNAcc=0.826,RCNNL1Loss=1.638
[Epoch 0][Batch 23599], Speed: 0.683 samples/sec, RPN_Conf=0.157,RPN_SmoothL1=0.123,RCNN_CrossEntropy=0.657,RCNN_SmoothL1=0.357,RPNAcc=0.938,RPNL1Loss=0.480,RCNNAcc=0.826,RCNNL1Loss=1.636
[Epoch 0][Batch 23699], Speed: 0.683 samples/sec, RPN_Conf=0.157,RPN_SmoothL1=0.123,RCNN_CrossEntropy=0.657,RCNN_SmoothL1=0.357,RPNAcc=0.938,RPNL1Loss=0.479,RCNNAcc=0.826,RCNNL1Loss=1.635
[Epoch 0][Batch 23799], Speed: 0.667 samples/sec, RPN_Conf=0.157,RPN_SmoothL1=0.123,RCNN_CrossEntropy=0.657,RCNN_SmoothL1=0.357,RPNAcc=0.938,RPNL1Loss=0.479,RCNNAcc=0.826,RCNNL1Loss=1.634
[Epoch 0][Batch 23899], Speed: 0.687 samples/sec, RPN_Conf=0.157,RPN_SmoothL1=0.123,RCNN_CrossEntropy=0.656,RCNN_SmoothL1=0.356,RPNAcc=0.938,RPNL1Loss=0.479,RCNNAcc=0.826,RCNNL1Loss=1.632
[Epoch 0][Batch 23999], Speed: 0.687 samples/sec, RPN_Conf=0.157,RPN_SmoothL1=0.123,RCNN_CrossEntropy=0.656,RCNN_SmoothL1=0.356,RPNAcc=0.938,RPNL1Loss=0.479,RCNNAcc=0.827,RCNNL1Loss=1.631
[Epoch 0][Batch 24099], Speed: 0.680 samples/sec, RPN_Conf=0.157,RPN_SmoothL1=0.123,RCNN_CrossEntropy=0.655,RCNN_SmoothL1=0.356,RPNAcc=0.938,RPNL1Loss=0.479,RCNNAcc=0.827,RCNNL1Loss=1.630
[Epoch 0][Batch 24199], Speed: 0.690 samples/sec, RPN_Conf=0.157,RPN_SmoothL1=0.123,RCNN_CrossEntropy=0.654,RCNN_SmoothL1=0.356,RPNAcc=0.938,RPNL1Loss=0.478,RCNNAcc=0.827,RCNNL1Loss=1.629
[Epoch 0][Batch 24299], Speed: 0.684 samples/sec, RPN_Conf=0.157,RPN_SmoothL1=0.123,RCNN_CrossEntropy=0.654,RCNN_SmoothL1=0.355,RPNAcc=0.938,RPNL1Loss=0.478,RCNNAcc=0.827,RCNNL1Loss=1.628
[Epoch 0][Batch 24399], Speed: 0.681 samples/sec, RPN_Conf=0.156,RPN_SmoothL1=0.123,RCNN_CrossEntropy=0.653,RCNN_SmoothL1=0.355,RPNAcc=0.938,RPNL1Loss=0.478,RCNNAcc=0.827,RCNNL1Loss=1.626
[Epoch 0][Batch 24499], Speed: 0.684 samples/sec, RPN_Conf=0.156,RPN_SmoothL1=0.123,RCNN_CrossEntropy=0.653,RCNN_SmoothL1=0.355,RPNAcc=0.938,RPNL1Loss=0.478,RCNNAcc=0.827,RCNNL1Loss=1.625
[Epoch 0][Batch 24599], Speed: 0.692 samples/sec, RPN_Conf=0.156,RPN_SmoothL1=0.123,RCNN_CrossEntropy=0.652,RCNN_SmoothL1=0.355,RPNAcc=0.938,RPNL1Loss=0.478,RCNNAcc=0.827,RCNNL1Loss=1.624
[Epoch 0][Batch 24699], Speed: 0.677 samples/sec, RPN_Conf=0.156,RPN_SmoothL1=0.123,RCNN_CrossEntropy=0.652,RCNN_SmoothL1=0.354,RPNAcc=0.938,RPNL1Loss=0.478,RCNNAcc=0.827,RCNNL1Loss=1.623
[Epoch 0][Batch 24799], Speed: 0.678 samples/sec, RPN_Conf=0.156,RPN_SmoothL1=0.122,RCNN_CrossEntropy=0.651,RCNN_SmoothL1=0.354,RPNAcc=0.938,RPNL1Loss=0.478,RCNNAcc=0.827,RCNNL1Loss=1.622
[Epoch 0][Batch 24899], Speed: 0.682 samples/sec, RPN_Conf=0.156,RPN_SmoothL1=0.122,RCNN_CrossEntropy=0.651,RCNN_SmoothL1=0.354,RPNAcc=0.938,RPNL1Loss=0.477,RCNNAcc=0.827,RCNNL1Loss=1.621
[Epoch 0][Batch 24999], Speed: 0.678 samples/sec, RPN_Conf=0.156,RPN_SmoothL1=0.122,RCNN_CrossEntropy=0.651,RCNN_SmoothL1=0.354,RPNAcc=0.938,RPNL1Loss=0.477,RCNNAcc=0.827,RCNNL1Loss=1.620
[Epoch 0][Batch 25099], Speed: 0.695 samples/sec, RPN_Conf=0.156,RPN_SmoothL1=0.122,RCNN_CrossEntropy=0.650,RCNN_SmoothL1=0.354,RPNAcc=0.938,RPNL1Loss=0.477,RCNNAcc=0.827,RCNNL1Loss=1.618
[Epoch 0][Batch 25199], Speed: 0.686 samples/sec, RPN_Conf=0.155,RPN_SmoothL1=0.122,RCNN_CrossEntropy=0.649,RCNN_SmoothL1=0.354,RPNAcc=0.938,RPNL1Loss=0.477,RCNNAcc=0.827,RCNNL1Loss=1.617
[Epoch 0][Batch 25299], Speed: 0.677 samples/sec, RPN_Conf=0.155,RPN_SmoothL1=0.122,RCNN_CrossEntropy=0.649,RCNN_SmoothL1=0.353,RPNAcc=0.939,RPNL1Loss=0.477,RCNNAcc=0.828,RCNNL1Loss=1.616
[Epoch 0][Batch 25399], Speed: 0.688 samples/sec, RPN_Conf=0.155,RPN_SmoothL1=0.122,RCNN_CrossEntropy=0.649,RCNN_SmoothL1=0.353,RPNAcc=0.939,RPNL1Loss=0.477,RCNNAcc=0.828,RCNNL1Loss=1.615
[Epoch 0][Batch 25499], Speed: 0.689 samples/sec, RPN_Conf=0.155,RPN_SmoothL1=0.122,RCNN_CrossEntropy=0.648,RCNN_SmoothL1=0.353,RPNAcc=0.939,RPNL1Loss=0.476,RCNNAcc=0.828,RCNNL1Loss=1.614
[Epoch 0][Batch 25599], Speed: 0.677 samples/sec, RPN_Conf=0.155,RPN_SmoothL1=0.122,RCNN_CrossEntropy=0.648,RCNN_SmoothL1=0.353,RPNAcc=0.939,RPNL1Loss=0.476,RCNNAcc=0.828,RCNNL1Loss=1.613
[Epoch 0][Batch 25699], Speed: 0.680 samples/sec, RPN_Conf=0.155,RPN_SmoothL1=0.122,RCNN_CrossEntropy=0.648,RCNN_SmoothL1=0.353,RPNAcc=0.939,RPNL1Loss=0.476,RCNNAcc=0.828,RCNNL1Loss=1.612
[Epoch 0][Batch 25799], Speed: 0.683 samples/sec, RPN_Conf=0.155,RPN_SmoothL1=0.122,RCNN_CrossEntropy=0.647,RCNN_SmoothL1=0.352,RPNAcc=0.939,RPNL1Loss=0.476,RCNNAcc=0.828,RCNNL1Loss=1.611
[Epoch 0][Batch 25899], Speed: 0.679 samples/sec, RPN_Conf=0.155,RPN_SmoothL1=0.122,RCNN_CrossEntropy=0.647,RCNN_SmoothL1=0.352,RPNAcc=0.939,RPNL1Loss=0.476,RCNNAcc=0.828,RCNNL1Loss=1.609
[Epoch 0][Batch 25999], Speed: 0.690 samples/sec, RPN_Conf=0.155,RPN_SmoothL1=0.122,RCNN_CrossEntropy=0.646,RCNN_SmoothL1=0.352,RPNAcc=0.939,RPNL1Loss=0.476,RCNNAcc=0.828,RCNNL1Loss=1.608
[Epoch 0][Batch 26099], Speed: 0.684 samples/sec, RPN_Conf=0.155,RPN_SmoothL1=0.122,RCNN_CrossEntropy=0.646,RCNN_SmoothL1=0.352,RPNAcc=0.939,RPNL1Loss=0.475,RCNNAcc=0.828,RCNNL1Loss=1.607
[Epoch 0][Batch 26199], Speed: 0.675 samples/sec, RPN_Conf=0.154,RPN_SmoothL1=0.122,RCNN_CrossEntropy=0.645,RCNN_SmoothL1=0.351,RPNAcc=0.939,RPNL1Loss=0.475,RCNNAcc=0.828,RCNNL1Loss=1.606
[Epoch 0][Batch 26299], Speed: 0.681 samples/sec, RPN_Conf=0.154,RPN_SmoothL1=0.122,RCNN_CrossEntropy=0.645,RCNN_SmoothL1=0.351,RPNAcc=0.939,RPNL1Loss=0.475,RCNNAcc=0.828,RCNNL1Loss=1.605
[Epoch 0][Batch 26399], Speed: 0.680 samples/sec, RPN_Conf=0.154,RPN_SmoothL1=0.122,RCNN_CrossEntropy=0.645,RCNN_SmoothL1=0.351,RPNAcc=0.939,RPNL1Loss=0.475,RCNNAcc=0.828,RCNNL1Loss=1.604
[Epoch 0][Batch 26499], Speed: 0.680 samples/sec, RPN_Conf=0.154,RPN_SmoothL1=0.122,RCNN_CrossEntropy=0.644,RCNN_SmoothL1=0.351,RPNAcc=0.939,RPNL1Loss=0.475,RCNNAcc=0.828,RCNNL1Loss=1.603
[Epoch 0][Batch 26599], Speed: 0.685 samples/sec, RPN_Conf=0.154,RPN_SmoothL1=0.122,RCNN_CrossEntropy=0.644,RCNN_SmoothL1=0.351,RPNAcc=0.939,RPNL1Loss=0.475,RCNNAcc=0.828,RCNNL1Loss=1.602
[Epoch 0][Batch 26699], Speed: 0.687 samples/sec, RPN_Conf=0.154,RPN_SmoothL1=0.122,RCNN_CrossEntropy=0.643,RCNN_SmoothL1=0.350,RPNAcc=0.939,RPNL1Loss=0.474,RCNNAcc=0.828,RCNNL1Loss=1.601
[Epoch 0][Batch 26799], Speed: 0.682 samples/sec, RPN_Conf=0.154,RPN_SmoothL1=0.122,RCNN_CrossEntropy=0.643,RCNN_SmoothL1=0.350,RPNAcc=0.939,RPNL1Loss=0.474,RCNNAcc=0.828,RCNNL1Loss=1.599
[Epoch 0][Batch 26899], Speed: 0.685 samples/sec, RPN_Conf=0.154,RPN_SmoothL1=0.122,RCNN_CrossEntropy=0.642,RCNN_SmoothL1=0.350,RPNAcc=0.939,RPNL1Loss=0.474,RCNNAcc=0.829,RCNNL1Loss=1.598
[Epoch 0][Batch 26999], Speed: 0.681 samples/sec, RPN_Conf=0.154,RPN_SmoothL1=0.122,RCNN_CrossEntropy=0.642,RCNN_SmoothL1=0.350,RPNAcc=0.939,RPNL1Loss=0.474,RCNNAcc=0.829,RCNNL1Loss=1.597
[Epoch 0][Batch 27099], Speed: 0.684 samples/sec, RPN_Conf=0.154,RPN_SmoothL1=0.121,RCNN_CrossEntropy=0.642,RCNN_SmoothL1=0.350,RPNAcc=0.939,RPNL1Loss=0.474,RCNNAcc=0.829,RCNNL1Loss=1.596
[Epoch 0][Batch 27199], Speed: 0.673 samples/sec, RPN_Conf=0.154,RPN_SmoothL1=0.121,RCNN_CrossEntropy=0.641,RCNN_SmoothL1=0.350,RPNAcc=0.939,RPNL1Loss=0.473,RCNNAcc=0.829,RCNNL1Loss=1.595
[Epoch 0][Batch 27299], Speed: 0.689 samples/sec, RPN_Conf=0.153,RPN_SmoothL1=0.121,RCNN_CrossEntropy=0.641,RCNN_SmoothL1=0.349,RPNAcc=0.939,RPNL1Loss=0.473,RCNNAcc=0.829,RCNNL1Loss=1.594
[Epoch 0][Batch 27399], Speed: 0.684 samples/sec, RPN_Conf=0.153,RPN_SmoothL1=0.121,RCNN_CrossEntropy=0.641,RCNN_SmoothL1=0.349,RPNAcc=0.939,RPNL1Loss=0.473,RCNNAcc=0.829,RCNNL1Loss=1.593
[Epoch 0][Batch 27499], Speed: 0.694 samples/sec, RPN_Conf=0.153,RPN_SmoothL1=0.121,RCNN_CrossEntropy=0.641,RCNN_SmoothL1=0.349,RPNAcc=0.939,RPNL1Loss=0.473,RCNNAcc=0.829,RCNNL1Loss=1.592
[Epoch 0][Batch 27599], Speed: 0.680 samples/sec, RPN_Conf=0.153,RPN_SmoothL1=0.121,RCNN_CrossEntropy=0.640,RCNN_SmoothL1=0.349,RPNAcc=0.939,RPNL1Loss=0.473,RCNNAcc=0.829,RCNNL1Loss=1.591
[Epoch 0][Batch 27699], Speed: 0.691 samples/sec, RPN_Conf=0.153,RPN_SmoothL1=0.121,RCNN_CrossEntropy=0.640,RCNN_SmoothL1=0.349,RPNAcc=0.939,RPNL1Loss=0.473,RCNNAcc=0.829,RCNNL1Loss=1.590
[Epoch 0][Batch 27799], Speed: 0.684 samples/sec, RPN_Conf=0.153,RPN_SmoothL1=0.121,RCNN_CrossEntropy=0.639,RCNN_SmoothL1=0.348,RPNAcc=0.940,RPNL1Loss=0.473,RCNNAcc=0.829,RCNNL1Loss=1.589
[Epoch 0][Batch 27899], Speed: 0.691 samples/sec, RPN_Conf=0.153,RPN_SmoothL1=0.121,RCNN_CrossEntropy=0.639,RCNN_SmoothL1=0.348,RPNAcc=0.940,RPNL1Loss=0.472,RCNNAcc=0.829,RCNNL1Loss=1.587
[Epoch 0][Batch 27999], Speed: 0.692 samples/sec, RPN_Conf=0.153,RPN_SmoothL1=0.121,RCNN_CrossEntropy=0.639,RCNN_SmoothL1=0.348,RPNAcc=0.940,RPNL1Loss=0.472,RCNNAcc=0.829,RCNNL1Loss=1.586
[Epoch 0][Batch 28099], Speed: 0.676 samples/sec, RPN_Conf=0.153,RPN_SmoothL1=0.121,RCNN_CrossEntropy=0.638,RCNN_SmoothL1=0.348,RPNAcc=0.940,RPNL1Loss=0.472,RCNNAcc=0.829,RCNNL1Loss=1.585
[Epoch 0][Batch 28199], Speed: 0.690 samples/sec, RPN_Conf=0.152,RPN_SmoothL1=0.121,RCNN_CrossEntropy=0.638,RCNN_SmoothL1=0.348,RPNAcc=0.940,RPNL1Loss=0.472,RCNNAcc=0.829,RCNNL1Loss=1.584
[Epoch 0][Batch 28299], Speed: 0.676 samples/sec, RPN_Conf=0.152,RPN_SmoothL1=0.121,RCNN_CrossEntropy=0.637,RCNN_SmoothL1=0.347,RPNAcc=0.940,RPNL1Loss=0.472,RCNNAcc=0.829,RCNNL1Loss=1.583
[Epoch 0][Batch 28399], Speed: 0.675 samples/sec, RPN_Conf=0.152,RPN_SmoothL1=0.121,RCNN_CrossEntropy=0.637,RCNN_SmoothL1=0.347,RPNAcc=0.940,RPNL1Loss=0.472,RCNNAcc=0.829,RCNNL1Loss=1.582
[Epoch 0][Batch 28499], Speed: 0.688 samples/sec, RPN_Conf=0.152,RPN_SmoothL1=0.121,RCNN_CrossEntropy=0.637,RCNN_SmoothL1=0.347,RPNAcc=0.940,RPNL1Loss=0.472,RCNNAcc=0.829,RCNNL1Loss=1.581
[Epoch 0][Batch 28599], Speed: 0.682 samples/sec, RPN_Conf=0.152,RPN_SmoothL1=0.121,RCNN_CrossEntropy=0.636,RCNN_SmoothL1=0.347,RPNAcc=0.940,RPNL1Loss=0.471,RCNNAcc=0.829,RCNNL1Loss=1.580
[Epoch 0][Batch 28699], Speed: 0.685 samples/sec, RPN_Conf=0.152,RPN_SmoothL1=0.121,RCNN_CrossEntropy=0.636,RCNN_SmoothL1=0.347,RPNAcc=0.940,RPNL1Loss=0.471,RCNNAcc=0.829,RCNNL1Loss=1.579
[Epoch 0][Batch 28799], Speed: 0.681 samples/sec, RPN_Conf=0.152,RPN_SmoothL1=0.121,RCNN_CrossEntropy=0.636,RCNN_SmoothL1=0.346,RPNAcc=0.940,RPNL1Loss=0.471,RCNNAcc=0.829,RCNNL1Loss=1.578
[Epoch 0][Batch 28899], Speed: 0.680 samples/sec, RPN_Conf=0.152,RPN_SmoothL1=0.121,RCNN_CrossEntropy=0.635,RCNN_SmoothL1=0.346,RPNAcc=0.940,RPNL1Loss=0.471,RCNNAcc=0.829,RCNNL1Loss=1.577
[Epoch 0][Batch 28999], Speed: 0.681 samples/sec, RPN_Conf=0.152,RPN_SmoothL1=0.121,RCNN_CrossEntropy=0.635,RCNN_SmoothL1=0.346,RPNAcc=0.940,RPNL1Loss=0.471,RCNNAcc=0.830,RCNNL1Loss=1.576
[Epoch 0][Batch 29099], Speed: 0.681 samples/sec, RPN_Conf=0.152,RPN_SmoothL1=0.121,RCNN_CrossEntropy=0.634,RCNN_SmoothL1=0.346,RPNAcc=0.940,RPNL1Loss=0.471,RCNNAcc=0.830,RCNNL1Loss=1.575
[Epoch 0][Batch 29199], Speed: 0.682 samples/sec, RPN_Conf=0.152,RPN_SmoothL1=0.121,RCNN_CrossEntropy=0.634,RCNN_SmoothL1=0.346,RPNAcc=0.940,RPNL1Loss=0.470,RCNNAcc=0.830,RCNNL1Loss=1.574
[Epoch 0][Batch 29299], Speed: 0.682 samples/sec, RPN_Conf=0.152,RPN_SmoothL1=0.121,RCNN_CrossEntropy=0.633,RCNN_SmoothL1=0.346,RPNAcc=0.940,RPNL1Loss=0.470,RCNNAcc=0.830,RCNNL1Loss=1.573
[Epoch 0][Batch 29399], Speed: 0.682 samples/sec, RPN_Conf=0.151,RPN_SmoothL1=0.121,RCNN_CrossEntropy=0.633,RCNN_SmoothL1=0.345,RPNAcc=0.940,RPNL1Loss=0.470,RCNNAcc=0.830,RCNNL1Loss=1.572
[Epoch 0][Batch 29499], Speed: 0.678 samples/sec, RPN_Conf=0.151,RPN_SmoothL1=0.121,RCNN_CrossEntropy=0.633,RCNN_SmoothL1=0.345,RPNAcc=0.940,RPNL1Loss=0.470,RCNNAcc=0.830,RCNNL1Loss=1.571
[Epoch 0][Batch 29599], Speed: 0.685 samples/sec, RPN_Conf=0.151,RPN_SmoothL1=0.121,RCNN_CrossEntropy=0.632,RCNN_SmoothL1=0.345,RPNAcc=0.940,RPNL1Loss=0.470,RCNNAcc=0.830,RCNNL1Loss=1.570
[Epoch 0][Batch 29699], Speed: 0.691 samples/sec, RPN_Conf=0.151,RPN_SmoothL1=0.121,RCNN_CrossEntropy=0.632,RCNN_SmoothL1=0.345,RPNAcc=0.940,RPNL1Loss=0.470,RCNNAcc=0.830,RCNNL1Loss=1.568
[Epoch 0][Batch 29799], Speed: 0.686 samples/sec, RPN_Conf=0.151,RPN_SmoothL1=0.121,RCNN_CrossEntropy=0.632,RCNN_SmoothL1=0.344,RPNAcc=0.940,RPNL1Loss=0.470,RCNNAcc=0.830,RCNNL1Loss=1.568
[Epoch 0][Batch 29899], Speed: 0.689 samples/sec, RPN_Conf=0.151,RPN_SmoothL1=0.121,RCNN_CrossEntropy=0.631,RCNN_SmoothL1=0.344,RPNAcc=0.940,RPNL1Loss=0.470,RCNNAcc=0.830,RCNNL1Loss=1.566
[Epoch 0][Batch 29999], Speed: 0.682 samples/sec, RPN_Conf=0.151,RPN_SmoothL1=0.120,RCNN_CrossEntropy=0.631,RCNN_SmoothL1=0.344,RPNAcc=0.940,RPNL1Loss=0.470,RCNNAcc=0.830,RCNNL1Loss=1.566
[Epoch 0][Batch 30099], Speed: 0.689 samples/sec, RPN_Conf=0.151,RPN_SmoothL1=0.120,RCNN_CrossEntropy=0.630,RCNN_SmoothL1=0.344,RPNAcc=0.940,RPNL1Loss=0.469,RCNNAcc=0.830,RCNNL1Loss=1.565
[Epoch 0][Batch 30199], Speed: 0.687 samples/sec, RPN_Conf=0.151,RPN_SmoothL1=0.120,RCNN_CrossEntropy=0.630,RCNN_SmoothL1=0.344,RPNAcc=0.940,RPNL1Loss=0.469,RCNNAcc=0.830,RCNNL1Loss=1.564
[Epoch 0][Batch 30299], Speed: 0.688 samples/sec, RPN_Conf=0.151,RPN_SmoothL1=0.120,RCNN_CrossEntropy=0.629,RCNN_SmoothL1=0.344,RPNAcc=0.940,RPNL1Loss=0.469,RCNNAcc=0.831,RCNNL1Loss=1.563
[Epoch 0][Batch 30399], Speed: 0.680 samples/sec, RPN_Conf=0.151,RPN_SmoothL1=0.120,RCNN_CrossEntropy=0.629,RCNN_SmoothL1=0.343,RPNAcc=0.941,RPNL1Loss=0.469,RCNNAcc=0.831,RCNNL1Loss=1.562
[Epoch 0][Batch 30499], Speed: 0.672 samples/sec, RPN_Conf=0.151,RPN_SmoothL1=0.120,RCNN_CrossEntropy=0.628,RCNN_SmoothL1=0.343,RPNAcc=0.941,RPNL1Loss=0.469,RCNNAcc=0.831,RCNNL1Loss=1.561
[Epoch 0][Batch 30599], Speed: 0.684 samples/sec, RPN_Conf=0.150,RPN_SmoothL1=0.120,RCNN_CrossEntropy=0.628,RCNN_SmoothL1=0.343,RPNAcc=0.941,RPNL1Loss=0.469,RCNNAcc=0.831,RCNNL1Loss=1.560
[Epoch 0][Batch 30699], Speed: 0.686 samples/sec, RPN_Conf=0.150,RPN_SmoothL1=0.120,RCNN_CrossEntropy=0.628,RCNN_SmoothL1=0.343,RPNAcc=0.941,RPNL1Loss=0.469,RCNNAcc=0.831,RCNNL1Loss=1.559
[Epoch 0][Batch 30799], Speed: 0.676 samples/sec, RPN_Conf=0.150,RPN_SmoothL1=0.120,RCNN_CrossEntropy=0.627,RCNN_SmoothL1=0.343,RPNAcc=0.941,RPNL1Loss=0.469,RCNNAcc=0.831,RCNNL1Loss=1.558
[Epoch 0][Batch 30899], Speed: 0.690 samples/sec, RPN_Conf=0.150,RPN_SmoothL1=0.120,RCNN_CrossEntropy=0.627,RCNN_SmoothL1=0.342,RPNAcc=0.941,RPNL1Loss=0.469,RCNNAcc=0.831,RCNNL1Loss=1.557
[Epoch 0][Batch 30999], Speed: 0.675 samples/sec, RPN_Conf=0.150,RPN_SmoothL1=0.120,RCNN_CrossEntropy=0.627,RCNN_SmoothL1=0.342,RPNAcc=0.941,RPNL1Loss=0.469,RCNNAcc=0.831,RCNNL1Loss=1.556
[Epoch 0][Batch 31099], Speed: 0.677 samples/sec, RPN_Conf=0.150,RPN_SmoothL1=0.120,RCNN_CrossEntropy=0.626,RCNN_SmoothL1=0.342,RPNAcc=0.941,RPNL1Loss=0.469,RCNNAcc=0.831,RCNNL1Loss=1.555
[Epoch 0][Batch 31199], Speed: 0.677 samples/sec, RPN_Conf=0.150,RPN_SmoothL1=0.120,RCNN_CrossEntropy=0.626,RCNN_SmoothL1=0.342,RPNAcc=0.941,RPNL1Loss=0.469,RCNNAcc=0.831,RCNNL1Loss=1.554
[Epoch 0][Batch 31299], Speed: 0.692 samples/sec, RPN_Conf=0.150,RPN_SmoothL1=0.120,RCNN_CrossEntropy=0.625,RCNN_SmoothL1=0.342,RPNAcc=0.941,RPNL1Loss=0.469,RCNNAcc=0.831,RCNNL1Loss=1.553
[Epoch 0][Batch 31399], Speed: 0.696 samples/sec, RPN_Conf=0.150,RPN_SmoothL1=0.120,RCNN_CrossEntropy=0.625,RCNN_SmoothL1=0.342,RPNAcc=0.941,RPNL1Loss=0.469,RCNNAcc=0.831,RCNNL1Loss=1.552
[Epoch 0][Batch 31499], Speed: 0.677 samples/sec, RPN_Conf=0.150,RPN_SmoothL1=0.120,RCNN_CrossEntropy=0.624,RCNN_SmoothL1=0.341,RPNAcc=0.941,RPNL1Loss=0.468,RCNNAcc=0.831,RCNNL1Loss=1.551
[Epoch 0][Batch 31599], Speed: 0.680 samples/sec, RPN_Conf=0.150,RPN_SmoothL1=0.120,RCNN_CrossEntropy=0.624,RCNN_SmoothL1=0.341,RPNAcc=0.941,RPNL1Loss=0.468,RCNNAcc=0.831,RCNNL1Loss=1.550
[Epoch 0][Batch 31699], Speed: 0.685 samples/sec, RPN_Conf=0.149,RPN_SmoothL1=0.120,RCNN_CrossEntropy=0.624,RCNN_SmoothL1=0.341,RPNAcc=0.941,RPNL1Loss=0.468,RCNNAcc=0.831,RCNNL1Loss=1.549
[Epoch 0][Batch 31799], Speed: 0.683 samples/sec, RPN_Conf=0.149,RPN_SmoothL1=0.120,RCNN_CrossEntropy=0.623,RCNN_SmoothL1=0.341,RPNAcc=0.941,RPNL1Loss=0.468,RCNNAcc=0.831,RCNNL1Loss=1.549
[Epoch 0][Batch 31899], Speed: 0.692 samples/sec, RPN_Conf=0.149,RPN_SmoothL1=0.120,RCNN_CrossEntropy=0.623,RCNN_SmoothL1=0.341,RPNAcc=0.941,RPNL1Loss=0.468,RCNNAcc=0.831,RCNNL1Loss=1.548
[Epoch 0][Batch 31999], Speed: 0.690 samples/sec, RPN_Conf=0.149,RPN_SmoothL1=0.120,RCNN_CrossEntropy=0.622,RCNN_SmoothL1=0.340,RPNAcc=0.941,RPNL1Loss=0.468,RCNNAcc=0.832,RCNNL1Loss=1.547
[Epoch 0][Batch 32099], Speed: 0.681 samples/sec, RPN_Conf=0.149,RPN_SmoothL1=0.120,RCNN_CrossEntropy=0.622,RCNN_SmoothL1=0.340,RPNAcc=0.941,RPNL1Loss=0.468,RCNNAcc=0.832,RCNNL1Loss=1.546
[Epoch 0][Batch 32199], Speed: 0.685 samples/sec, RPN_Conf=0.149,RPN_SmoothL1=0.120,RCNN_CrossEntropy=0.621,RCNN_SmoothL1=0.340,RPNAcc=0.941,RPNL1Loss=0.467,RCNNAcc=0.832,RCNNL1Loss=1.544
[Epoch 0][Batch 32299], Speed: 0.672 samples/sec, RPN_Conf=0.149,RPN_SmoothL1=0.120,RCNN_CrossEntropy=0.621,RCNN_SmoothL1=0.340,RPNAcc=0.941,RPNL1Loss=0.467,RCNNAcc=0.832,RCNNL1Loss=1.543
[Epoch 0][Batch 32399], Speed: 0.679 samples/sec, RPN_Conf=0.149,RPN_SmoothL1=0.120,RCNN_CrossEntropy=0.621,RCNN_SmoothL1=0.340,RPNAcc=0.941,RPNL1Loss=0.467,RCNNAcc=0.832,RCNNL1Loss=1.543
[Epoch 0][Batch 32499], Speed: 0.687 samples/sec, RPN_Conf=0.149,RPN_SmoothL1=0.120,RCNN_CrossEntropy=0.620,RCNN_SmoothL1=0.340,RPNAcc=0.941,RPNL1Loss=0.467,RCNNAcc=0.832,RCNNL1Loss=1.542
[Epoch 0][Batch 32599], Speed: 0.685 samples/sec, RPN_Conf=0.149,RPN_SmoothL1=0.120,RCNN_CrossEntropy=0.620,RCNN_SmoothL1=0.339,RPNAcc=0.941,RPNL1Loss=0.467,RCNNAcc=0.832,RCNNL1Loss=1.541
[Epoch 0][Batch 32699], Speed: 0.682 samples/sec, RPN_Conf=0.149,RPN_SmoothL1=0.120,RCNN_CrossEntropy=0.620,RCNN_SmoothL1=0.339,RPNAcc=0.941,RPNL1Loss=0.467,RCNNAcc=0.832,RCNNL1Loss=1.540
[Epoch 0][Batch 32799], Speed: 0.692 samples/sec, RPN_Conf=0.149,RPN_SmoothL1=0.120,RCNN_CrossEntropy=0.619,RCNN_SmoothL1=0.339,RPNAcc=0.941,RPNL1Loss=0.466,RCNNAcc=0.832,RCNNL1Loss=1.539
[Epoch 0][Batch 32899], Speed: 0.688 samples/sec, RPN_Conf=0.149,RPN_SmoothL1=0.120,RCNN_CrossEntropy=0.619,RCNN_SmoothL1=0.339,RPNAcc=0.941,RPNL1Loss=0.466,RCNNAcc=0.832,RCNNL1Loss=1.538
[Epoch 0][Batch 32999], Speed: 0.685 samples/sec, RPN_Conf=0.148,RPN_SmoothL1=0.120,RCNN_CrossEntropy=0.619,RCNN_SmoothL1=0.339,RPNAcc=0.941,RPNL1Loss=0.466,RCNNAcc=0.832,RCNNL1Loss=1.537
[Epoch 0][Batch 33099], Speed: 0.690 samples/sec, RPN_Conf=0.148,RPN_SmoothL1=0.120,RCNN_CrossEntropy=0.618,RCNN_SmoothL1=0.339,RPNAcc=0.942,RPNL1Loss=0.466,RCNNAcc=0.832,RCNNL1Loss=1.537
[Epoch 0][Batch 33199], Speed: 0.687 samples/sec, RPN_Conf=0.148,RPN_SmoothL1=0.119,RCNN_CrossEntropy=0.618,RCNN_SmoothL1=0.338,RPNAcc=0.942,RPNL1Loss=0.466,RCNNAcc=0.832,RCNNL1Loss=1.535
[Epoch 0][Batch 33299], Speed: 0.677 samples/sec, RPN_Conf=0.148,RPN_SmoothL1=0.119,RCNN_CrossEntropy=0.618,RCNN_SmoothL1=0.338,RPNAcc=0.942,RPNL1Loss=0.466,RCNNAcc=0.832,RCNNL1Loss=1.534
[Epoch 0][Batch 33399], Speed: 0.691 samples/sec, RPN_Conf=0.148,RPN_SmoothL1=0.119,RCNN_CrossEntropy=0.617,RCNN_SmoothL1=0.338,RPNAcc=0.942,RPNL1Loss=0.465,RCNNAcc=0.832,RCNNL1Loss=1.534
[Epoch 0][Batch 33499], Speed: 0.690 samples/sec, RPN_Conf=0.148,RPN_SmoothL1=0.119,RCNN_CrossEntropy=0.617,RCNN_SmoothL1=0.338,RPNAcc=0.942,RPNL1Loss=0.465,RCNNAcc=0.832,RCNNL1Loss=1.533
[Epoch 0][Batch 33599], Speed: 0.683 samples/sec, RPN_Conf=0.148,RPN_SmoothL1=0.119,RCNN_CrossEntropy=0.616,RCNN_SmoothL1=0.338,RPNAcc=0.942,RPNL1Loss=0.465,RCNNAcc=0.832,RCNNL1Loss=1.532
[Epoch 0][Batch 33699], Speed: 0.672 samples/sec, RPN_Conf=0.148,RPN_SmoothL1=0.119,RCNN_CrossEntropy=0.616,RCNN_SmoothL1=0.338,RPNAcc=0.942,RPNL1Loss=0.465,RCNNAcc=0.832,RCNNL1Loss=1.531
[Epoch 0][Batch 33799], Speed: 0.682 samples/sec, RPN_Conf=0.148,RPN_SmoothL1=0.119,RCNN_CrossEntropy=0.616,RCNN_SmoothL1=0.337,RPNAcc=0.942,RPNL1Loss=0.465,RCNNAcc=0.832,RCNNL1Loss=1.530
[Epoch 0][Batch 33899], Speed: 0.689 samples/sec, RPN_Conf=0.148,RPN_SmoothL1=0.119,RCNN_CrossEntropy=0.616,RCNN_SmoothL1=0.337,RPNAcc=0.942,RPNL1Loss=0.465,RCNNAcc=0.833,RCNNL1Loss=1.529
[Epoch 0][Batch 33999], Speed: 0.685 samples/sec, RPN_Conf=0.147,RPN_SmoothL1=0.119,RCNN_CrossEntropy=0.615,RCNN_SmoothL1=0.337,RPNAcc=0.942,RPNL1Loss=0.465,RCNNAcc=0.833,RCNNL1Loss=1.529
[Epoch 0][Batch 34099], Speed: 0.687 samples/sec, RPN_Conf=0.147,RPN_SmoothL1=0.119,RCNN_CrossEntropy=0.615,RCNN_SmoothL1=0.337,RPNAcc=0.942,RPNL1Loss=0.465,RCNNAcc=0.833,RCNNL1Loss=1.528
