Namespace(batch_size=4, dataset='coco', disable_hybridization=False, epochs=26, gpus='0,1,2,3', log_interval=100, lr=0.005, lr_decay=0.1, lr_decay_epoch='17,23', lr_warmup=2000.0, mixup=False, momentum=0.9, network='resnet101_v1d', no_mixup_epochs=20, norm_layer=None, num_workers=4, resume='', save_interval=1, save_prefix='faster_rcnn_resnet101_v1d_coco', seed=233, start_epoch=0, static_alloc=False, use_fpn=False, val_interval=1, verbose=False, wd=0.0001)
Start training from [Epoch 0]
[Epoch 0 Iteration 0] Set learning rate to 0.0016666666666666666
[Epoch 0][Batch 99], Speed: 7.022 samples/sec, RPN_Conf=0.356,RPN_SmoothL1=0.188,RCNN_CrossEntropy=1.160,RCNN_SmoothL1=0.356,RPNAcc=0.875,RPNL1Loss=0.712,RCNNAcc=0.808,RCNNL1Loss=2.053
[Epoch 0 Iteration 100] Set learning rate to 0.0018333333333333333
[Epoch 0][Batch 199], Speed: 7.365 samples/sec, RPN_Conf=0.321,RPN_SmoothL1=0.177,RCNN_CrossEntropy=1.023,RCNN_SmoothL1=0.357,RPNAcc=0.879,RPNL1Loss=0.676,RCNNAcc=0.815,RCNNL1Loss=2.016
[Epoch 0 Iteration 200] Set learning rate to 0.002
[Epoch 0][Batch 299], Speed: 8.036 samples/sec, RPN_Conf=0.294,RPN_SmoothL1=0.166,RCNN_CrossEntropy=0.957,RCNN_SmoothL1=0.369,RPNAcc=0.887,RPNL1Loss=0.639,RCNNAcc=0.816,RCNNL1Loss=2.047
[Epoch 0 Iteration 300] Set learning rate to 0.002166666666666667
[Epoch 0][Batch 399], Speed: 7.906 samples/sec, RPN_Conf=0.278,RPN_SmoothL1=0.165,RCNN_CrossEntropy=0.917,RCNN_SmoothL1=0.378,RPNAcc=0.891,RPNL1Loss=0.633,RCNNAcc=0.814,RCNNL1Loss=2.058
[Epoch 0 Iteration 400] Set learning rate to 0.0023333333333333335
[Epoch 0][Batch 499], Speed: 7.349 samples/sec, RPN_Conf=0.264,RPN_SmoothL1=0.162,RCNN_CrossEntropy=0.896,RCNN_SmoothL1=0.389,RPNAcc=0.896,RPNL1Loss=0.625,RCNNAcc=0.813,RCNNL1Loss=2.081
[Epoch 0 Iteration 500] Set learning rate to 0.0025
[Epoch 0][Batch 599], Speed: 8.080 samples/sec, RPN_Conf=0.253,RPN_SmoothL1=0.158,RCNN_CrossEntropy=0.882,RCNN_SmoothL1=0.398,RPNAcc=0.899,RPNL1Loss=0.613,RCNNAcc=0.810,RCNNL1Loss=2.091
[Epoch 0 Iteration 600] Set learning rate to 0.0026666666666666666
[Epoch 0][Batch 699], Speed: 8.083 samples/sec, RPN_Conf=0.246,RPN_SmoothL1=0.156,RCNN_CrossEntropy=0.865,RCNN_SmoothL1=0.405,RPNAcc=0.902,RPNL1Loss=0.605,RCNNAcc=0.809,RCNNL1Loss=2.098
[Epoch 0 Iteration 700] Set learning rate to 0.002833333333333333
[Epoch 0][Batch 799], Speed: 7.964 samples/sec, RPN_Conf=0.240,RPN_SmoothL1=0.154,RCNN_CrossEntropy=0.857,RCNN_SmoothL1=0.410,RPNAcc=0.904,RPNL1Loss=0.597,RCNNAcc=0.808,RCNNL1Loss=2.097
[Epoch 0 Iteration 800] Set learning rate to 0.003
[Epoch 0][Batch 899], Speed: 7.862 samples/sec, RPN_Conf=0.235,RPN_SmoothL1=0.152,RCNN_CrossEntropy=0.848,RCNN_SmoothL1=0.413,RPNAcc=0.906,RPNL1Loss=0.588,RCNNAcc=0.808,RCNNL1Loss=2.098
[Epoch 0 Iteration 900] Set learning rate to 0.0031666666666666666
[Epoch 0][Batch 999], Speed: 7.479 samples/sec, RPN_Conf=0.230,RPN_SmoothL1=0.152,RCNN_CrossEntropy=0.840,RCNN_SmoothL1=0.415,RPNAcc=0.907,RPNL1Loss=0.584,RCNNAcc=0.808,RCNNL1Loss=2.095
[Epoch 0 Iteration 1000] Set learning rate to 0.003333333333333333
[Epoch 0][Batch 1099], Speed: 7.932 samples/sec, RPN_Conf=0.225,RPN_SmoothL1=0.150,RCNN_CrossEntropy=0.831,RCNN_SmoothL1=0.416,RPNAcc=0.909,RPNL1Loss=0.578,RCNNAcc=0.808,RCNNL1Loss=2.091
[Epoch 0 Iteration 1100] Set learning rate to 0.0034999999999999996
[Epoch 0][Batch 1199], Speed: 7.736 samples/sec, RPN_Conf=0.222,RPN_SmoothL1=0.149,RCNN_CrossEntropy=0.822,RCNN_SmoothL1=0.417,RPNAcc=0.910,RPNL1Loss=0.574,RCNNAcc=0.808,RCNNL1Loss=2.084
[Epoch 0 Iteration 1200] Set learning rate to 0.0036666666666666666
[Epoch 0][Batch 1299], Speed: 7.526 samples/sec, RPN_Conf=0.219,RPN_SmoothL1=0.148,RCNN_CrossEntropy=0.815,RCNN_SmoothL1=0.417,RPNAcc=0.912,RPNL1Loss=0.571,RCNNAcc=0.808,RCNNL1Loss=2.076
[Epoch 0 Iteration 1300] Set learning rate to 0.0038333333333333336
[Epoch 0][Batch 1399], Speed: 7.937 samples/sec, RPN_Conf=0.216,RPN_SmoothL1=0.148,RCNN_CrossEntropy=0.809,RCNN_SmoothL1=0.418,RPNAcc=0.912,RPNL1Loss=0.565,RCNNAcc=0.808,RCNNL1Loss=2.067
[Epoch 0 Iteration 1400] Set learning rate to 0.004
[Epoch 0][Batch 1499], Speed: 7.650 samples/sec, RPN_Conf=0.214,RPN_SmoothL1=0.147,RCNN_CrossEntropy=0.803,RCNN_SmoothL1=0.417,RPNAcc=0.913,RPNL1Loss=0.562,RCNNAcc=0.808,RCNNL1Loss=2.057
[Epoch 0 Iteration 1500] Set learning rate to 0.004166666666666667
[Epoch 0][Batch 1599], Speed: 7.801 samples/sec, RPN_Conf=0.212,RPN_SmoothL1=0.146,RCNN_CrossEntropy=0.799,RCNN_SmoothL1=0.418,RPNAcc=0.914,RPNL1Loss=0.559,RCNNAcc=0.808,RCNNL1Loss=2.050
[Epoch 0 Iteration 1600] Set learning rate to 0.004333333333333334
[Epoch 0][Batch 1699], Speed: 7.651 samples/sec, RPN_Conf=0.209,RPN_SmoothL1=0.145,RCNN_CrossEntropy=0.793,RCNN_SmoothL1=0.418,RPNAcc=0.916,RPNL1Loss=0.556,RCNNAcc=0.809,RCNNL1Loss=2.042
[Epoch 0 Iteration 1700] Set learning rate to 0.0045000000000000005
[Epoch 0][Batch 1799], Speed: 7.825 samples/sec, RPN_Conf=0.207,RPN_SmoothL1=0.144,RCNN_CrossEntropy=0.789,RCNN_SmoothL1=0.416,RPNAcc=0.916,RPNL1Loss=0.554,RCNNAcc=0.809,RCNNL1Loss=2.029
[Epoch 0 Iteration 1800] Set learning rate to 0.004666666666666667
[Epoch 0][Batch 1899], Speed: 7.699 samples/sec, RPN_Conf=0.205,RPN_SmoothL1=0.143,RCNN_CrossEntropy=0.783,RCNN_SmoothL1=0.415,RPNAcc=0.917,RPNL1Loss=0.551,RCNNAcc=0.810,RCNNL1Loss=2.018
[Epoch 0 Iteration 1900] Set learning rate to 0.004833333333333334
[Epoch 0][Batch 1999], Speed: 7.541 samples/sec, RPN_Conf=0.203,RPN_SmoothL1=0.142,RCNN_CrossEntropy=0.778,RCNN_SmoothL1=0.414,RPNAcc=0.918,RPNL1Loss=0.548,RCNNAcc=0.810,RCNNL1Loss=2.007
[Epoch 0 Iteration 2000] Set learning rate to 0.005
[Epoch 0][Batch 2099], Speed: 7.788 samples/sec, RPN_Conf=0.201,RPN_SmoothL1=0.141,RCNN_CrossEntropy=0.772,RCNN_SmoothL1=0.412,RPNAcc=0.919,RPNL1Loss=0.546,RCNNAcc=0.811,RCNNL1Loss=1.995
[Epoch 0][Batch 2199], Speed: 7.872 samples/sec, RPN_Conf=0.199,RPN_SmoothL1=0.140,RCNN_CrossEntropy=0.770,RCNN_SmoothL1=0.411,RPNAcc=0.920,RPNL1Loss=0.544,RCNNAcc=0.811,RCNNL1Loss=1.986
[Epoch 0][Batch 2299], Speed: 7.635 samples/sec, RPN_Conf=0.197,RPN_SmoothL1=0.140,RCNN_CrossEntropy=0.767,RCNN_SmoothL1=0.409,RPNAcc=0.920,RPNL1Loss=0.542,RCNNAcc=0.811,RCNNL1Loss=1.977
[Epoch 0][Batch 2399], Speed: 7.777 samples/sec, RPN_Conf=0.196,RPN_SmoothL1=0.139,RCNN_CrossEntropy=0.763,RCNN_SmoothL1=0.408,RPNAcc=0.921,RPNL1Loss=0.541,RCNNAcc=0.812,RCNNL1Loss=1.965
[Epoch 0][Batch 2499], Speed: 7.922 samples/sec, RPN_Conf=0.194,RPN_SmoothL1=0.139,RCNN_CrossEntropy=0.759,RCNN_SmoothL1=0.406,RPNAcc=0.922,RPNL1Loss=0.538,RCNNAcc=0.812,RCNNL1Loss=1.954
[Epoch 0][Batch 2599], Speed: 7.688 samples/sec, RPN_Conf=0.193,RPN_SmoothL1=0.138,RCNN_CrossEntropy=0.755,RCNN_SmoothL1=0.405,RPNAcc=0.922,RPNL1Loss=0.536,RCNNAcc=0.813,RCNNL1Loss=1.942
[Epoch 0][Batch 2699], Speed: 7.548 samples/sec, RPN_Conf=0.192,RPN_SmoothL1=0.138,RCNN_CrossEntropy=0.751,RCNN_SmoothL1=0.403,RPNAcc=0.923,RPNL1Loss=0.535,RCNNAcc=0.813,RCNNL1Loss=1.932
[Epoch 0][Batch 2799], Speed: 7.546 samples/sec, RPN_Conf=0.191,RPN_SmoothL1=0.137,RCNN_CrossEntropy=0.748,RCNN_SmoothL1=0.402,RPNAcc=0.923,RPNL1Loss=0.532,RCNNAcc=0.813,RCNNL1Loss=1.921
[Epoch 0][Batch 2899], Speed: 8.128 samples/sec, RPN_Conf=0.190,RPN_SmoothL1=0.137,RCNN_CrossEntropy=0.744,RCNN_SmoothL1=0.401,RPNAcc=0.924,RPNL1Loss=0.530,RCNNAcc=0.814,RCNNL1Loss=1.911
[Epoch 0][Batch 2999], Speed: 8.219 samples/sec, RPN_Conf=0.189,RPN_SmoothL1=0.136,RCNN_CrossEntropy=0.741,RCNN_SmoothL1=0.399,RPNAcc=0.924,RPNL1Loss=0.528,RCNNAcc=0.814,RCNNL1Loss=1.900
[Epoch 0][Batch 3099], Speed: 8.103 samples/sec, RPN_Conf=0.187,RPN_SmoothL1=0.136,RCNN_CrossEntropy=0.739,RCNN_SmoothL1=0.398,RPNAcc=0.925,RPNL1Loss=0.526,RCNNAcc=0.814,RCNNL1Loss=1.889
[Epoch 0][Batch 3199], Speed: 7.677 samples/sec, RPN_Conf=0.186,RPN_SmoothL1=0.136,RCNN_CrossEntropy=0.735,RCNN_SmoothL1=0.396,RPNAcc=0.925,RPNL1Loss=0.525,RCNNAcc=0.815,RCNNL1Loss=1.878
[Epoch 0][Batch 3299], Speed: 7.802 samples/sec, RPN_Conf=0.185,RPN_SmoothL1=0.135,RCNN_CrossEntropy=0.731,RCNN_SmoothL1=0.394,RPNAcc=0.926,RPNL1Loss=0.523,RCNNAcc=0.815,RCNNL1Loss=1.867
[Epoch 0][Batch 3399], Speed: 7.127 samples/sec, RPN_Conf=0.184,RPN_SmoothL1=0.135,RCNN_CrossEntropy=0.727,RCNN_SmoothL1=0.393,RPNAcc=0.926,RPNL1Loss=0.522,RCNNAcc=0.815,RCNNL1Loss=1.857
[Epoch 0][Batch 3499], Speed: 7.659 samples/sec, RPN_Conf=0.183,RPN_SmoothL1=0.134,RCNN_CrossEntropy=0.723,RCNN_SmoothL1=0.391,RPNAcc=0.927,RPNL1Loss=0.520,RCNNAcc=0.816,RCNNL1Loss=1.847
[Epoch 0][Batch 3599], Speed: 7.695 samples/sec, RPN_Conf=0.182,RPN_SmoothL1=0.134,RCNN_CrossEntropy=0.720,RCNN_SmoothL1=0.390,RPNAcc=0.927,RPNL1Loss=0.518,RCNNAcc=0.817,RCNNL1Loss=1.838
[Epoch 0][Batch 3699], Speed: 7.697 samples/sec, RPN_Conf=0.181,RPN_SmoothL1=0.133,RCNN_CrossEntropy=0.716,RCNN_SmoothL1=0.389,RPNAcc=0.927,RPNL1Loss=0.517,RCNNAcc=0.817,RCNNL1Loss=1.829
[Epoch 0][Batch 3799], Speed: 7.371 samples/sec, RPN_Conf=0.180,RPN_SmoothL1=0.133,RCNN_CrossEntropy=0.713,RCNN_SmoothL1=0.387,RPNAcc=0.928,RPNL1Loss=0.515,RCNNAcc=0.817,RCNNL1Loss=1.820
[Epoch 0][Batch 3899], Speed: 7.615 samples/sec, RPN_Conf=0.179,RPN_SmoothL1=0.132,RCNN_CrossEntropy=0.710,RCNN_SmoothL1=0.386,RPNAcc=0.928,RPNL1Loss=0.514,RCNNAcc=0.818,RCNNL1Loss=1.813
[Epoch 0][Batch 3999], Speed: 7.618 samples/sec, RPN_Conf=0.178,RPN_SmoothL1=0.132,RCNN_CrossEntropy=0.708,RCNN_SmoothL1=0.385,RPNAcc=0.929,RPNL1Loss=0.512,RCNNAcc=0.818,RCNNL1Loss=1.805
[Epoch 0][Batch 4099], Speed: 7.448 samples/sec, RPN_Conf=0.178,RPN_SmoothL1=0.132,RCNN_CrossEntropy=0.705,RCNN_SmoothL1=0.384,RPNAcc=0.929,RPNL1Loss=0.511,RCNNAcc=0.818,RCNNL1Loss=1.797
[Epoch 0][Batch 4199], Speed: 7.742 samples/sec, RPN_Conf=0.177,RPN_SmoothL1=0.131,RCNN_CrossEntropy=0.702,RCNN_SmoothL1=0.382,RPNAcc=0.929,RPNL1Loss=0.510,RCNNAcc=0.819,RCNNL1Loss=1.790
[Epoch 0][Batch 4299], Speed: 7.771 samples/sec, RPN_Conf=0.176,RPN_SmoothL1=0.131,RCNN_CrossEntropy=0.700,RCNN_SmoothL1=0.381,RPNAcc=0.930,RPNL1Loss=0.509,RCNNAcc=0.819,RCNNL1Loss=1.781
[Epoch 0][Batch 4399], Speed: 8.048 samples/sec, RPN_Conf=0.175,RPN_SmoothL1=0.130,RCNN_CrossEntropy=0.698,RCNN_SmoothL1=0.380,RPNAcc=0.930,RPNL1Loss=0.507,RCNNAcc=0.819,RCNNL1Loss=1.774
[Epoch 0][Batch 4499], Speed: 7.960 samples/sec, RPN_Conf=0.175,RPN_SmoothL1=0.130,RCNN_CrossEntropy=0.695,RCNN_SmoothL1=0.379,RPNAcc=0.930,RPNL1Loss=0.506,RCNNAcc=0.820,RCNNL1Loss=1.766
[Epoch 0][Batch 4599], Speed: 7.884 samples/sec, RPN_Conf=0.174,RPN_SmoothL1=0.130,RCNN_CrossEntropy=0.692,RCNN_SmoothL1=0.377,RPNAcc=0.931,RPNL1Loss=0.505,RCNNAcc=0.820,RCNNL1Loss=1.760
[Epoch 0][Batch 4699], Speed: 7.554 samples/sec, RPN_Conf=0.173,RPN_SmoothL1=0.130,RCNN_CrossEntropy=0.691,RCNN_SmoothL1=0.376,RPNAcc=0.931,RPNL1Loss=0.504,RCNNAcc=0.820,RCNNL1Loss=1.752
[Epoch 0][Batch 4799], Speed: 8.061 samples/sec, RPN_Conf=0.172,RPN_SmoothL1=0.129,RCNN_CrossEntropy=0.688,RCNN_SmoothL1=0.375,RPNAcc=0.931,RPNL1Loss=0.503,RCNNAcc=0.821,RCNNL1Loss=1.745
[Epoch 0][Batch 4899], Speed: 7.961 samples/sec, RPN_Conf=0.171,RPN_SmoothL1=0.129,RCNN_CrossEntropy=0.686,RCNN_SmoothL1=0.374,RPNAcc=0.932,RPNL1Loss=0.502,RCNNAcc=0.821,RCNNL1Loss=1.738
[Epoch 0][Batch 4999], Speed: 7.434 samples/sec, RPN_Conf=0.171,RPN_SmoothL1=0.129,RCNN_CrossEntropy=0.683,RCNN_SmoothL1=0.373,RPNAcc=0.932,RPNL1Loss=0.501,RCNNAcc=0.821,RCNNL1Loss=1.732
[Epoch 0][Batch 5099], Speed: 8.074 samples/sec, RPN_Conf=0.170,RPN_SmoothL1=0.129,RCNN_CrossEntropy=0.680,RCNN_SmoothL1=0.371,RPNAcc=0.932,RPNL1Loss=0.500,RCNNAcc=0.822,RCNNL1Loss=1.726
[Epoch 0][Batch 5199], Speed: 7.669 samples/sec, RPN_Conf=0.170,RPN_SmoothL1=0.128,RCNN_CrossEntropy=0.678,RCNN_SmoothL1=0.370,RPNAcc=0.932,RPNL1Loss=0.499,RCNNAcc=0.822,RCNNL1Loss=1.719
[Epoch 0][Batch 5299], Speed: 7.978 samples/sec, RPN_Conf=0.169,RPN_SmoothL1=0.128,RCNN_CrossEntropy=0.676,RCNN_SmoothL1=0.369,RPNAcc=0.933,RPNL1Loss=0.498,RCNNAcc=0.822,RCNNL1Loss=1.712
[Epoch 0][Batch 5399], Speed: 7.738 samples/sec, RPN_Conf=0.169,RPN_SmoothL1=0.128,RCNN_CrossEntropy=0.673,RCNN_SmoothL1=0.368,RPNAcc=0.933,RPNL1Loss=0.497,RCNNAcc=0.823,RCNNL1Loss=1.706
[Epoch 0][Batch 5499], Speed: 8.442 samples/sec, RPN_Conf=0.168,RPN_SmoothL1=0.127,RCNN_CrossEntropy=0.671,RCNN_SmoothL1=0.367,RPNAcc=0.933,RPNL1Loss=0.496,RCNNAcc=0.823,RCNNL1Loss=1.699
[Epoch 0][Batch 5599], Speed: 7.669 samples/sec, RPN_Conf=0.167,RPN_SmoothL1=0.127,RCNN_CrossEntropy=0.669,RCNN_SmoothL1=0.365,RPNAcc=0.933,RPNL1Loss=0.495,RCNNAcc=0.824,RCNNL1Loss=1.692
[Epoch 0][Batch 5699], Speed: 7.535 samples/sec, RPN_Conf=0.167,RPN_SmoothL1=0.127,RCNN_CrossEntropy=0.667,RCNN_SmoothL1=0.364,RPNAcc=0.934,RPNL1Loss=0.494,RCNNAcc=0.824,RCNNL1Loss=1.687
[Epoch 0][Batch 5799], Speed: 7.743 samples/sec, RPN_Conf=0.166,RPN_SmoothL1=0.127,RCNN_CrossEntropy=0.665,RCNN_SmoothL1=0.364,RPNAcc=0.934,RPNL1Loss=0.493,RCNNAcc=0.824,RCNNL1Loss=1.681
[Epoch 0][Batch 5899], Speed: 8.145 samples/sec, RPN_Conf=0.165,RPN_SmoothL1=0.127,RCNN_CrossEntropy=0.663,RCNN_SmoothL1=0.363,RPNAcc=0.934,RPNL1Loss=0.493,RCNNAcc=0.825,RCNNL1Loss=1.676
[Epoch 0][Batch 5999], Speed: 7.460 samples/sec, RPN_Conf=0.165,RPN_SmoothL1=0.126,RCNN_CrossEntropy=0.661,RCNN_SmoothL1=0.362,RPNAcc=0.934,RPNL1Loss=0.492,RCNNAcc=0.825,RCNNL1Loss=1.670
[Epoch 0][Batch 6099], Speed: 7.538 samples/sec, RPN_Conf=0.164,RPN_SmoothL1=0.126,RCNN_CrossEntropy=0.659,RCNN_SmoothL1=0.361,RPNAcc=0.935,RPNL1Loss=0.491,RCNNAcc=0.825,RCNNL1Loss=1.664
[Epoch 0][Batch 6199], Speed: 7.572 samples/sec, RPN_Conf=0.164,RPN_SmoothL1=0.126,RCNN_CrossEntropy=0.657,RCNN_SmoothL1=0.360,RPNAcc=0.935,RPNL1Loss=0.490,RCNNAcc=0.825,RCNNL1Loss=1.660
[Epoch 0][Batch 6299], Speed: 7.807 samples/sec, RPN_Conf=0.163,RPN_SmoothL1=0.126,RCNN_CrossEntropy=0.655,RCNN_SmoothL1=0.359,RPNAcc=0.935,RPNL1Loss=0.490,RCNNAcc=0.826,RCNNL1Loss=1.655
[Epoch 0][Batch 6399], Speed: 7.934 samples/sec, RPN_Conf=0.163,RPN_SmoothL1=0.125,RCNN_CrossEntropy=0.654,RCNN_SmoothL1=0.358,RPNAcc=0.935,RPNL1Loss=0.489,RCNNAcc=0.826,RCNNL1Loss=1.649
[Epoch 0][Batch 6499], Speed: 8.131 samples/sec, RPN_Conf=0.162,RPN_SmoothL1=0.125,RCNN_CrossEntropy=0.652,RCNN_SmoothL1=0.357,RPNAcc=0.936,RPNL1Loss=0.488,RCNNAcc=0.826,RCNNL1Loss=1.644
[Epoch 0][Batch 6599], Speed: 7.628 samples/sec, RPN_Conf=0.162,RPN_SmoothL1=0.125,RCNN_CrossEntropy=0.650,RCNN_SmoothL1=0.356,RPNAcc=0.936,RPNL1Loss=0.487,RCNNAcc=0.826,RCNNL1Loss=1.638
[Epoch 0][Batch 6699], Speed: 7.777 samples/sec, RPN_Conf=0.161,RPN_SmoothL1=0.125,RCNN_CrossEntropy=0.648,RCNN_SmoothL1=0.355,RPNAcc=0.936,RPNL1Loss=0.486,RCNNAcc=0.827,RCNNL1Loss=1.633
[Epoch 0][Batch 6799], Speed: 7.125 samples/sec, RPN_Conf=0.161,RPN_SmoothL1=0.125,RCNN_CrossEntropy=0.647,RCNN_SmoothL1=0.354,RPNAcc=0.936,RPNL1Loss=0.485,RCNNAcc=0.827,RCNNL1Loss=1.629
[Epoch 0][Batch 6899], Speed: 8.103 samples/sec, RPN_Conf=0.160,RPN_SmoothL1=0.124,RCNN_CrossEntropy=0.645,RCNN_SmoothL1=0.353,RPNAcc=0.936,RPNL1Loss=0.485,RCNNAcc=0.827,RCNNL1Loss=1.624
[Epoch 0][Batch 6999], Speed: 8.244 samples/sec, RPN_Conf=0.160,RPN_SmoothL1=0.124,RCNN_CrossEntropy=0.644,RCNN_SmoothL1=0.353,RPNAcc=0.937,RPNL1Loss=0.484,RCNNAcc=0.827,RCNNL1Loss=1.620
[Epoch 0][Batch 7099], Speed: 7.164 samples/sec, RPN_Conf=0.159,RPN_SmoothL1=0.124,RCNN_CrossEntropy=0.642,RCNN_SmoothL1=0.352,RPNAcc=0.937,RPNL1Loss=0.483,RCNNAcc=0.828,RCNNL1Loss=1.615
[Epoch 0][Batch 7199], Speed: 7.578 samples/sec, RPN_Conf=0.159,RPN_SmoothL1=0.124,RCNN_CrossEntropy=0.641,RCNN_SmoothL1=0.351,RPNAcc=0.937,RPNL1Loss=0.483,RCNNAcc=0.828,RCNNL1Loss=1.611
[Epoch 0][Batch 7299], Speed: 7.723 samples/sec, RPN_Conf=0.159,RPN_SmoothL1=0.124,RCNN_CrossEntropy=0.639,RCNN_SmoothL1=0.350,RPNAcc=0.937,RPNL1Loss=0.481,RCNNAcc=0.828,RCNNL1Loss=1.606
[Epoch 0][Batch 7399], Speed: 7.791 samples/sec, RPN_Conf=0.158,RPN_SmoothL1=0.123,RCNN_CrossEntropy=0.638,RCNN_SmoothL1=0.349,RPNAcc=0.937,RPNL1Loss=0.481,RCNNAcc=0.828,RCNNL1Loss=1.602
[Epoch 0][Batch 7499], Speed: 8.288 samples/sec, RPN_Conf=0.158,RPN_SmoothL1=0.123,RCNN_CrossEntropy=0.636,RCNN_SmoothL1=0.349,RPNAcc=0.938,RPNL1Loss=0.480,RCNNAcc=0.829,RCNNL1Loss=1.597
[Epoch 0][Batch 7599], Speed: 8.149 samples/sec, RPN_Conf=0.157,RPN_SmoothL1=0.123,RCNN_CrossEntropy=0.634,RCNN_SmoothL1=0.348,RPNAcc=0.938,RPNL1Loss=0.480,RCNNAcc=0.829,RCNNL1Loss=1.593
[Epoch 0][Batch 7699], Speed: 7.692 samples/sec, RPN_Conf=0.157,RPN_SmoothL1=0.123,RCNN_CrossEntropy=0.633,RCNN_SmoothL1=0.347,RPNAcc=0.938,RPNL1Loss=0.480,RCNNAcc=0.829,RCNNL1Loss=1.589
[Epoch 0][Batch 7799], Speed: 7.252 samples/sec, RPN_Conf=0.157,RPN_SmoothL1=0.123,RCNN_CrossEntropy=0.631,RCNN_SmoothL1=0.346,RPNAcc=0.938,RPNL1Loss=0.479,RCNNAcc=0.830,RCNNL1Loss=1.584
[Epoch 0][Batch 7899], Speed: 8.128 samples/sec, RPN_Conf=0.156,RPN_SmoothL1=0.123,RCNN_CrossEntropy=0.630,RCNN_SmoothL1=0.345,RPNAcc=0.938,RPNL1Loss=0.479,RCNNAcc=0.830,RCNNL1Loss=1.580
[Epoch 0][Batch 7999], Speed: 7.823 samples/sec, RPN_Conf=0.156,RPN_SmoothL1=0.123,RCNN_CrossEntropy=0.628,RCNN_SmoothL1=0.345,RPNAcc=0.938,RPNL1Loss=0.478,RCNNAcc=0.830,RCNNL1Loss=1.576
[Epoch 0][Batch 8099], Speed: 7.949 samples/sec, RPN_Conf=0.155,RPN_SmoothL1=0.123,RCNN_CrossEntropy=0.626,RCNN_SmoothL1=0.344,RPNAcc=0.938,RPNL1Loss=0.477,RCNNAcc=0.830,RCNNL1Loss=1.572
[Epoch 0][Batch 8199], Speed: 7.427 samples/sec, RPN_Conf=0.155,RPN_SmoothL1=0.122,RCNN_CrossEntropy=0.625,RCNN_SmoothL1=0.343,RPNAcc=0.939,RPNL1Loss=0.477,RCNNAcc=0.830,RCNNL1Loss=1.568
[Epoch 0][Batch 8299], Speed: 8.425 samples/sec, RPN_Conf=0.155,RPN_SmoothL1=0.122,RCNN_CrossEntropy=0.624,RCNN_SmoothL1=0.342,RPNAcc=0.939,RPNL1Loss=0.476,RCNNAcc=0.831,RCNNL1Loss=1.564
[Epoch 0][Batch 8399], Speed: 7.929 samples/sec, RPN_Conf=0.154,RPN_SmoothL1=0.122,RCNN_CrossEntropy=0.622,RCNN_SmoothL1=0.342,RPNAcc=0.939,RPNL1Loss=0.475,RCNNAcc=0.831,RCNNL1Loss=1.560
[Epoch 0][Batch 8499], Speed: 7.687 samples/sec, RPN_Conf=0.154,RPN_SmoothL1=0.122,RCNN_CrossEntropy=0.621,RCNN_SmoothL1=0.341,RPNAcc=0.939,RPNL1Loss=0.475,RCNNAcc=0.831,RCNNL1Loss=1.556
[Epoch 0][Batch 8599], Speed: 7.555 samples/sec, RPN_Conf=0.154,RPN_SmoothL1=0.122,RCNN_CrossEntropy=0.620,RCNN_SmoothL1=0.340,RPNAcc=0.939,RPNL1Loss=0.474,RCNNAcc=0.831,RCNNL1Loss=1.553
[Epoch 0][Batch 8699], Speed: 7.465 samples/sec, RPN_Conf=0.153,RPN_SmoothL1=0.122,RCNN_CrossEntropy=0.618,RCNN_SmoothL1=0.340,RPNAcc=0.939,RPNL1Loss=0.474,RCNNAcc=0.832,RCNNL1Loss=1.549
[Epoch 0][Batch 8799], Speed: 7.846 samples/sec, RPN_Conf=0.153,RPN_SmoothL1=0.121,RCNN_CrossEntropy=0.617,RCNN_SmoothL1=0.339,RPNAcc=0.940,RPNL1Loss=0.473,RCNNAcc=0.832,RCNNL1Loss=1.545
[Epoch 0][Batch 8899], Speed: 7.603 samples/sec, RPN_Conf=0.152,RPN_SmoothL1=0.121,RCNN_CrossEntropy=0.616,RCNN_SmoothL1=0.338,RPNAcc=0.940,RPNL1Loss=0.472,RCNNAcc=0.832,RCNNL1Loss=1.542
[Epoch 0][Batch 8999], Speed: 7.402 samples/sec, RPN_Conf=0.152,RPN_SmoothL1=0.121,RCNN_CrossEntropy=0.614,RCNN_SmoothL1=0.337,RPNAcc=0.940,RPNL1Loss=0.472,RCNNAcc=0.832,RCNNL1Loss=1.538
[Epoch 0][Batch 9099], Speed: 7.232 samples/sec, RPN_Conf=0.152,RPN_SmoothL1=0.121,RCNN_CrossEntropy=0.613,RCNN_SmoothL1=0.337,RPNAcc=0.940,RPNL1Loss=0.471,RCNNAcc=0.832,RCNNL1Loss=1.534
[Epoch 0][Batch 9199], Speed: 8.403 samples/sec, RPN_Conf=0.151,RPN_SmoothL1=0.121,RCNN_CrossEntropy=0.612,RCNN_SmoothL1=0.336,RPNAcc=0.940,RPNL1Loss=0.471,RCNNAcc=0.833,RCNNL1Loss=1.531
[Epoch 0][Batch 9299], Speed: 7.453 samples/sec, RPN_Conf=0.151,RPN_SmoothL1=0.121,RCNN_CrossEntropy=0.611,RCNN_SmoothL1=0.336,RPNAcc=0.940,RPNL1Loss=0.470,RCNNAcc=0.833,RCNNL1Loss=1.527
[Epoch 0][Batch 9399], Speed: 7.637 samples/sec, RPN_Conf=0.151,RPN_SmoothL1=0.121,RCNN_CrossEntropy=0.609,RCNN_SmoothL1=0.335,RPNAcc=0.941,RPNL1Loss=0.470,RCNNAcc=0.833,RCNNL1Loss=1.524
[Epoch 0][Batch 9499], Speed: 7.776 samples/sec, RPN_Conf=0.150,RPN_SmoothL1=0.120,RCNN_CrossEntropy=0.608,RCNN_SmoothL1=0.334,RPNAcc=0.941,RPNL1Loss=0.469,RCNNAcc=0.833,RCNNL1Loss=1.521
[Epoch 0][Batch 9599], Speed: 7.406 samples/sec, RPN_Conf=0.150,RPN_SmoothL1=0.120,RCNN_CrossEntropy=0.607,RCNN_SmoothL1=0.334,RPNAcc=0.941,RPNL1Loss=0.469,RCNNAcc=0.833,RCNNL1Loss=1.518
[Epoch 0][Batch 9699], Speed: 7.776 samples/sec, RPN_Conf=0.150,RPN_SmoothL1=0.120,RCNN_CrossEntropy=0.606,RCNN_SmoothL1=0.333,RPNAcc=0.941,RPNL1Loss=0.468,RCNNAcc=0.834,RCNNL1Loss=1.514
[Epoch 0][Batch 9799], Speed: 7.522 samples/sec, RPN_Conf=0.149,RPN_SmoothL1=0.120,RCNN_CrossEntropy=0.605,RCNN_SmoothL1=0.332,RPNAcc=0.941,RPNL1Loss=0.468,RCNNAcc=0.834,RCNNL1Loss=1.511
[Epoch 0][Batch 9899], Speed: 7.521 samples/sec, RPN_Conf=0.149,RPN_SmoothL1=0.120,RCNN_CrossEntropy=0.604,RCNN_SmoothL1=0.332,RPNAcc=0.941,RPNL1Loss=0.467,RCNNAcc=0.834,RCNNL1Loss=1.508
[Epoch 0][Batch 9999], Speed: 7.568 samples/sec, RPN_Conf=0.149,RPN_SmoothL1=0.120,RCNN_CrossEntropy=0.602,RCNN_SmoothL1=0.331,RPNAcc=0.941,RPNL1Loss=0.467,RCNNAcc=0.834,RCNNL1Loss=1.504
[Epoch 0][Batch 10099], Speed: 8.078 samples/sec, RPN_Conf=0.148,RPN_SmoothL1=0.120,RCNN_CrossEntropy=0.601,RCNN_SmoothL1=0.331,RPNAcc=0.941,RPNL1Loss=0.466,RCNNAcc=0.835,RCNNL1Loss=1.502
[Epoch 0][Batch 10199], Speed: 7.448 samples/sec, RPN_Conf=0.148,RPN_SmoothL1=0.119,RCNN_CrossEntropy=0.600,RCNN_SmoothL1=0.330,RPNAcc=0.942,RPNL1Loss=0.466,RCNNAcc=0.835,RCNNL1Loss=1.499
[Epoch 0][Batch 10299], Speed: 7.661 samples/sec, RPN_Conf=0.148,RPN_SmoothL1=0.119,RCNN_CrossEntropy=0.599,RCNN_SmoothL1=0.330,RPNAcc=0.942,RPNL1Loss=0.465,RCNNAcc=0.835,RCNNL1Loss=1.496
[Epoch 0][Batch 10399], Speed: 7.885 samples/sec, RPN_Conf=0.148,RPN_SmoothL1=0.119,RCNN_CrossEntropy=0.598,RCNN_SmoothL1=0.329,RPNAcc=0.942,RPNL1Loss=0.465,RCNNAcc=0.835,RCNNL1Loss=1.493
[Epoch 0][Batch 10499], Speed: 7.151 samples/sec, RPN_Conf=0.147,RPN_SmoothL1=0.119,RCNN_CrossEntropy=0.597,RCNN_SmoothL1=0.329,RPNAcc=0.942,RPNL1Loss=0.464,RCNNAcc=0.835,RCNNL1Loss=1.489
[Epoch 0][Batch 10599], Speed: 7.408 samples/sec, RPN_Conf=0.147,RPN_SmoothL1=0.119,RCNN_CrossEntropy=0.596,RCNN_SmoothL1=0.328,RPNAcc=0.942,RPNL1Loss=0.464,RCNNAcc=0.835,RCNNL1Loss=1.487
[Epoch 0][Batch 10699], Speed: 7.521 samples/sec, RPN_Conf=0.147,RPN_SmoothL1=0.119,RCNN_CrossEntropy=0.595,RCNN_SmoothL1=0.328,RPNAcc=0.942,RPNL1Loss=0.464,RCNNAcc=0.836,RCNNL1Loss=1.484
[Epoch 0][Batch 10799], Speed: 7.467 samples/sec, RPN_Conf=0.147,RPN_SmoothL1=0.119,RCNN_CrossEntropy=0.594,RCNN_SmoothL1=0.327,RPNAcc=0.942,RPNL1Loss=0.463,RCNNAcc=0.836,RCNNL1Loss=1.481
[Epoch 0][Batch 10899], Speed: 7.492 samples/sec, RPN_Conf=0.146,RPN_SmoothL1=0.119,RCNN_CrossEntropy=0.593,RCNN_SmoothL1=0.327,RPNAcc=0.942,RPNL1Loss=0.463,RCNNAcc=0.836,RCNNL1Loss=1.479
[Epoch 0][Batch 10999], Speed: 8.025 samples/sec, RPN_Conf=0.146,RPN_SmoothL1=0.119,RCNN_CrossEntropy=0.592,RCNN_SmoothL1=0.326,RPNAcc=0.942,RPNL1Loss=0.462,RCNNAcc=0.836,RCNNL1Loss=1.476
[Epoch 0][Batch 11099], Speed: 8.152 samples/sec, RPN_Conf=0.146,RPN_SmoothL1=0.119,RCNN_CrossEntropy=0.591,RCNN_SmoothL1=0.325,RPNAcc=0.943,RPNL1Loss=0.462,RCNNAcc=0.836,RCNNL1Loss=1.473
[Epoch 0][Batch 11199], Speed: 7.843 samples/sec, RPN_Conf=0.146,RPN_SmoothL1=0.118,RCNN_CrossEntropy=0.590,RCNN_SmoothL1=0.325,RPNAcc=0.943,RPNL1Loss=0.461,RCNNAcc=0.836,RCNNL1Loss=1.470
[Epoch 0][Batch 11299], Speed: 7.599 samples/sec, RPN_Conf=0.145,RPN_SmoothL1=0.118,RCNN_CrossEntropy=0.589,RCNN_SmoothL1=0.324,RPNAcc=0.943,RPNL1Loss=0.461,RCNNAcc=0.837,RCNNL1Loss=1.468
[Epoch 0][Batch 11399], Speed: 8.045 samples/sec, RPN_Conf=0.145,RPN_SmoothL1=0.118,RCNN_CrossEntropy=0.588,RCNN_SmoothL1=0.324,RPNAcc=0.943,RPNL1Loss=0.461,RCNNAcc=0.837,RCNNL1Loss=1.465
[Epoch 0][Batch 11499], Speed: 8.350 samples/sec, RPN_Conf=0.145,RPN_SmoothL1=0.118,RCNN_CrossEntropy=0.587,RCNN_SmoothL1=0.323,RPNAcc=0.943,RPNL1Loss=0.460,RCNNAcc=0.837,RCNNL1Loss=1.462
[Epoch 0][Batch 11599], Speed: 7.643 samples/sec, RPN_Conf=0.144,RPN_SmoothL1=0.118,RCNN_CrossEntropy=0.586,RCNN_SmoothL1=0.323,RPNAcc=0.943,RPNL1Loss=0.460,RCNNAcc=0.837,RCNNL1Loss=1.459
[Epoch 0][Batch 11699], Speed: 7.886 samples/sec, RPN_Conf=0.144,RPN_SmoothL1=0.118,RCNN_CrossEntropy=0.585,RCNN_SmoothL1=0.322,RPNAcc=0.943,RPNL1Loss=0.460,RCNNAcc=0.837,RCNNL1Loss=1.457
[Epoch 0][Batch 11799], Speed: 7.901 samples/sec, RPN_Conf=0.144,RPN_SmoothL1=0.118,RCNN_CrossEntropy=0.584,RCNN_SmoothL1=0.322,RPNAcc=0.943,RPNL1Loss=0.459,RCNNAcc=0.837,RCNNL1Loss=1.455
[Epoch 0][Batch 11899], Speed: 7.872 samples/sec, RPN_Conf=0.144,RPN_SmoothL1=0.118,RCNN_CrossEntropy=0.583,RCNN_SmoothL1=0.321,RPNAcc=0.943,RPNL1Loss=0.459,RCNNAcc=0.838,RCNNL1Loss=1.452
[Epoch 0][Batch 11999], Speed: 7.618 samples/sec, RPN_Conf=0.143,RPN_SmoothL1=0.118,RCNN_CrossEntropy=0.583,RCNN_SmoothL1=0.321,RPNAcc=0.944,RPNL1Loss=0.459,RCNNAcc=0.838,RCNNL1Loss=1.450
[Epoch 0][Batch 12099], Speed: 8.256 samples/sec, RPN_Conf=0.143,RPN_SmoothL1=0.117,RCNN_CrossEntropy=0.582,RCNN_SmoothL1=0.320,RPNAcc=0.944,RPNL1Loss=0.458,RCNNAcc=0.838,RCNNL1Loss=1.447
[Epoch 0][Batch 12199], Speed: 7.591 samples/sec, RPN_Conf=0.143,RPN_SmoothL1=0.117,RCNN_CrossEntropy=0.581,RCNN_SmoothL1=0.320,RPNAcc=0.944,RPNL1Loss=0.458,RCNNAcc=0.838,RCNNL1Loss=1.445
[Epoch 0][Batch 12299], Speed: 7.284 samples/sec, RPN_Conf=0.143,RPN_SmoothL1=0.117,RCNN_CrossEntropy=0.580,RCNN_SmoothL1=0.320,RPNAcc=0.944,RPNL1Loss=0.457,RCNNAcc=0.838,RCNNL1Loss=1.442
[Epoch 0][Batch 12399], Speed: 8.135 samples/sec, RPN_Conf=0.143,RPN_SmoothL1=0.117,RCNN_CrossEntropy=0.579,RCNN_SmoothL1=0.319,RPNAcc=0.944,RPNL1Loss=0.457,RCNNAcc=0.838,RCNNL1Loss=1.439
[Epoch 0][Batch 12499], Speed: 7.399 samples/sec, RPN_Conf=0.142,RPN_SmoothL1=0.117,RCNN_CrossEntropy=0.578,RCNN_SmoothL1=0.319,RPNAcc=0.944,RPNL1Loss=0.456,RCNNAcc=0.838,RCNNL1Loss=1.437
[Epoch 0][Batch 12599], Speed: 7.671 samples/sec, RPN_Conf=0.142,RPN_SmoothL1=0.117,RCNN_CrossEntropy=0.578,RCNN_SmoothL1=0.318,RPNAcc=0.944,RPNL1Loss=0.456,RCNNAcc=0.839,RCNNL1Loss=1.435
[Epoch 0][Batch 12699], Speed: 7.774 samples/sec, RPN_Conf=0.142,RPN_SmoothL1=0.117,RCNN_CrossEntropy=0.577,RCNN_SmoothL1=0.318,RPNAcc=0.944,RPNL1Loss=0.456,RCNNAcc=0.839,RCNNL1Loss=1.432
[Epoch 0][Batch 12799], Speed: 8.148 samples/sec, RPN_Conf=0.142,RPN_SmoothL1=0.117,RCNN_CrossEntropy=0.576,RCNN_SmoothL1=0.317,RPNAcc=0.944,RPNL1Loss=0.455,RCNNAcc=0.839,RCNNL1Loss=1.430
[Epoch 0][Batch 12899], Speed: 7.491 samples/sec, RPN_Conf=0.141,RPN_SmoothL1=0.117,RCNN_CrossEntropy=0.576,RCNN_SmoothL1=0.317,RPNAcc=0.944,RPNL1Loss=0.455,RCNNAcc=0.839,RCNNL1Loss=1.428
[Epoch 0][Batch 12999], Speed: 7.559 samples/sec, RPN_Conf=0.141,RPN_SmoothL1=0.117,RCNN_CrossEntropy=0.575,RCNN_SmoothL1=0.316,RPNAcc=0.944,RPNL1Loss=0.455,RCNNAcc=0.839,RCNNL1Loss=1.426
[Epoch 0][Batch 13099], Speed: 7.830 samples/sec, RPN_Conf=0.141,RPN_SmoothL1=0.117,RCNN_CrossEntropy=0.574,RCNN_SmoothL1=0.316,RPNAcc=0.945,RPNL1Loss=0.454,RCNNAcc=0.839,RCNNL1Loss=1.424
[Epoch 0][Batch 13199], Speed: 7.405 samples/sec, RPN_Conf=0.141,RPN_SmoothL1=0.116,RCNN_CrossEntropy=0.573,RCNN_SmoothL1=0.316,RPNAcc=0.945,RPNL1Loss=0.454,RCNNAcc=0.839,RCNNL1Loss=1.421
[Epoch 0][Batch 13299], Speed: 8.137 samples/sec, RPN_Conf=0.141,RPN_SmoothL1=0.116,RCNN_CrossEntropy=0.572,RCNN_SmoothL1=0.315,RPNAcc=0.945,RPNL1Loss=0.454,RCNNAcc=0.840,RCNNL1Loss=1.419
[Epoch 0][Batch 13399], Speed: 7.074 samples/sec, RPN_Conf=0.141,RPN_SmoothL1=0.116,RCNN_CrossEntropy=0.572,RCNN_SmoothL1=0.315,RPNAcc=0.945,RPNL1Loss=0.453,RCNNAcc=0.840,RCNNL1Loss=1.418
[Epoch 0][Batch 13499], Speed: 8.314 samples/sec, RPN_Conf=0.140,RPN_SmoothL1=0.116,RCNN_CrossEntropy=0.571,RCNN_SmoothL1=0.315,RPNAcc=0.945,RPNL1Loss=0.453,RCNNAcc=0.840,RCNNL1Loss=1.416
[Epoch 0][Batch 13599], Speed: 7.465 samples/sec, RPN_Conf=0.140,RPN_SmoothL1=0.116,RCNN_CrossEntropy=0.570,RCNN_SmoothL1=0.314,RPNAcc=0.945,RPNL1Loss=0.453,RCNNAcc=0.840,RCNNL1Loss=1.413
[Epoch 0][Batch 13699], Speed: 7.441 samples/sec, RPN_Conf=0.140,RPN_SmoothL1=0.116,RCNN_CrossEntropy=0.570,RCNN_SmoothL1=0.314,RPNAcc=0.945,RPNL1Loss=0.452,RCNNAcc=0.840,RCNNL1Loss=1.411
[Epoch 0][Batch 13799], Speed: 7.634 samples/sec, RPN_Conf=0.140,RPN_SmoothL1=0.116,RCNN_CrossEntropy=0.569,RCNN_SmoothL1=0.313,RPNAcc=0.945,RPNL1Loss=0.452,RCNNAcc=0.840,RCNNL1Loss=1.410
[Epoch 0][Batch 13899], Speed: 7.747 samples/sec, RPN_Conf=0.139,RPN_SmoothL1=0.116,RCNN_CrossEntropy=0.568,RCNN_SmoothL1=0.313,RPNAcc=0.945,RPNL1Loss=0.452,RCNNAcc=0.840,RCNNL1Loss=1.408
[Epoch 0][Batch 13999], Speed: 7.757 samples/sec, RPN_Conf=0.139,RPN_SmoothL1=0.116,RCNN_CrossEntropy=0.568,RCNN_SmoothL1=0.313,RPNAcc=0.945,RPNL1Loss=0.451,RCNNAcc=0.840,RCNNL1Loss=1.406
[Epoch 0][Batch 14099], Speed: 7.418 samples/sec, RPN_Conf=0.139,RPN_SmoothL1=0.116,RCNN_CrossEntropy=0.567,RCNN_SmoothL1=0.312,RPNAcc=0.945,RPNL1Loss=0.451,RCNNAcc=0.841,RCNNL1Loss=1.404
[Epoch 0][Batch 14199], Speed: 7.905 samples/sec, RPN_Conf=0.139,RPN_SmoothL1=0.116,RCNN_CrossEntropy=0.566,RCNN_SmoothL1=0.312,RPNAcc=0.945,RPNL1Loss=0.451,RCNNAcc=0.841,RCNNL1Loss=1.402
[Epoch 0][Batch 14299], Speed: 7.497 samples/sec, RPN_Conf=0.139,RPN_SmoothL1=0.116,RCNN_CrossEntropy=0.565,RCNN_SmoothL1=0.311,RPNAcc=0.946,RPNL1Loss=0.450,RCNNAcc=0.841,RCNNL1Loss=1.400
[Epoch 0][Batch 14399], Speed: 7.527 samples/sec, RPN_Conf=0.139,RPN_SmoothL1=0.116,RCNN_CrossEntropy=0.565,RCNN_SmoothL1=0.311,RPNAcc=0.946,RPNL1Loss=0.450,RCNNAcc=0.841,RCNNL1Loss=1.398
[Epoch 0][Batch 14499], Speed: 7.353 samples/sec, RPN_Conf=0.138,RPN_SmoothL1=0.115,RCNN_CrossEntropy=0.564,RCNN_SmoothL1=0.311,RPNAcc=0.946,RPNL1Loss=0.450,RCNNAcc=0.841,RCNNL1Loss=1.396
[Epoch 0][Batch 14599], Speed: 7.709 samples/sec, RPN_Conf=0.138,RPN_SmoothL1=0.115,RCNN_CrossEntropy=0.563,RCNN_SmoothL1=0.310,RPNAcc=0.946,RPNL1Loss=0.449,RCNNAcc=0.841,RCNNL1Loss=1.394
[Epoch 0][Batch 14699], Speed: 7.419 samples/sec, RPN_Conf=0.138,RPN_SmoothL1=0.115,RCNN_CrossEntropy=0.563,RCNN_SmoothL1=0.310,RPNAcc=0.946,RPNL1Loss=0.449,RCNNAcc=0.841,RCNNL1Loss=1.393
[Epoch 0][Batch 14799], Speed: 7.303 samples/sec, RPN_Conf=0.138,RPN_SmoothL1=0.115,RCNN_CrossEntropy=0.562,RCNN_SmoothL1=0.310,RPNAcc=0.946,RPNL1Loss=0.449,RCNNAcc=0.841,RCNNL1Loss=1.391
[Epoch 0][Batch 14899], Speed: 7.952 samples/sec, RPN_Conf=0.138,RPN_SmoothL1=0.115,RCNN_CrossEntropy=0.562,RCNN_SmoothL1=0.309,RPNAcc=0.946,RPNL1Loss=0.449,RCNNAcc=0.841,RCNNL1Loss=1.389
[Epoch 0][Batch 14999], Speed: 6.979 samples/sec, RPN_Conf=0.138,RPN_SmoothL1=0.115,RCNN_CrossEntropy=0.561,RCNN_SmoothL1=0.309,RPNAcc=0.946,RPNL1Loss=0.448,RCNNAcc=0.842,RCNNL1Loss=1.387
[Epoch 0][Batch 15099], Speed: 7.457 samples/sec, RPN_Conf=0.137,RPN_SmoothL1=0.115,RCNN_CrossEntropy=0.560,RCNN_SmoothL1=0.309,RPNAcc=0.946,RPNL1Loss=0.448,RCNNAcc=0.842,RCNNL1Loss=1.385
[Epoch 0][Batch 15199], Speed: 7.747 samples/sec, RPN_Conf=0.137,RPN_SmoothL1=0.115,RCNN_CrossEntropy=0.559,RCNN_SmoothL1=0.308,RPNAcc=0.946,RPNL1Loss=0.447,RCNNAcc=0.842,RCNNL1Loss=1.384
[Epoch 0][Batch 15299], Speed: 7.782 samples/sec, RPN_Conf=0.137,RPN_SmoothL1=0.115,RCNN_CrossEntropy=0.559,RCNN_SmoothL1=0.308,RPNAcc=0.946,RPNL1Loss=0.447,RCNNAcc=0.842,RCNNL1Loss=1.382
[Epoch 0][Batch 15399], Speed: 7.828 samples/sec, RPN_Conf=0.137,RPN_SmoothL1=0.115,RCNN_CrossEntropy=0.558,RCNN_SmoothL1=0.308,RPNAcc=0.946,RPNL1Loss=0.447,RCNNAcc=0.842,RCNNL1Loss=1.380
[Epoch 0][Batch 15499], Speed: 8.218 samples/sec, RPN_Conf=0.137,RPN_SmoothL1=0.115,RCNN_CrossEntropy=0.557,RCNN_SmoothL1=0.307,RPNAcc=0.946,RPNL1Loss=0.447,RCNNAcc=0.842,RCNNL1Loss=1.378
[Epoch 0][Batch 15599], Speed: 7.712 samples/sec, RPN_Conf=0.137,RPN_SmoothL1=0.114,RCNN_CrossEntropy=0.557,RCNN_SmoothL1=0.307,RPNAcc=0.946,RPNL1Loss=0.446,RCNNAcc=0.842,RCNNL1Loss=1.377
[Epoch 0][Batch 15699], Speed: 7.701 samples/sec, RPN_Conf=0.137,RPN_SmoothL1=0.114,RCNN_CrossEntropy=0.556,RCNN_SmoothL1=0.306,RPNAcc=0.946,RPNL1Loss=0.446,RCNNAcc=0.842,RCNNL1Loss=1.375
[Epoch 0][Batch 15799], Speed: 7.809 samples/sec, RPN_Conf=0.136,RPN_SmoothL1=0.114,RCNN_CrossEntropy=0.555,RCNN_SmoothL1=0.306,RPNAcc=0.946,RPNL1Loss=0.446,RCNNAcc=0.843,RCNNL1Loss=1.373
[Epoch 0][Batch 15899], Speed: 7.808 samples/sec, RPN_Conf=0.136,RPN_SmoothL1=0.114,RCNN_CrossEntropy=0.555,RCNN_SmoothL1=0.306,RPNAcc=0.947,RPNL1Loss=0.445,RCNNAcc=0.843,RCNNL1Loss=1.371
[Epoch 0][Batch 15999], Speed: 7.407 samples/sec, RPN_Conf=0.136,RPN_SmoothL1=0.114,RCNN_CrossEntropy=0.554,RCNN_SmoothL1=0.305,RPNAcc=0.947,RPNL1Loss=0.445,RCNNAcc=0.843,RCNNL1Loss=1.369
[Epoch 0][Batch 16099], Speed: 7.416 samples/sec, RPN_Conf=0.136,RPN_SmoothL1=0.114,RCNN_CrossEntropy=0.554,RCNN_SmoothL1=0.305,RPNAcc=0.947,RPNL1Loss=0.445,RCNNAcc=0.843,RCNNL1Loss=1.368
[Epoch 0][Batch 16199], Speed: 7.716 samples/sec, RPN_Conf=0.136,RPN_SmoothL1=0.114,RCNN_CrossEntropy=0.553,RCNN_SmoothL1=0.305,RPNAcc=0.947,RPNL1Loss=0.444,RCNNAcc=0.843,RCNNL1Loss=1.366
[Epoch 0][Batch 16299], Speed: 7.359 samples/sec, RPN_Conf=0.136,RPN_SmoothL1=0.114,RCNN_CrossEntropy=0.552,RCNN_SmoothL1=0.304,RPNAcc=0.947,RPNL1Loss=0.444,RCNNAcc=0.843,RCNNL1Loss=1.364
[Epoch 0][Batch 16399], Speed: 7.861 samples/sec, RPN_Conf=0.135,RPN_SmoothL1=0.114,RCNN_CrossEntropy=0.551,RCNN_SmoothL1=0.304,RPNAcc=0.947,RPNL1Loss=0.444,RCNNAcc=0.843,RCNNL1Loss=1.362
[Epoch 0][Batch 16499], Speed: 7.683 samples/sec, RPN_Conf=0.135,RPN_SmoothL1=0.114,RCNN_CrossEntropy=0.551,RCNN_SmoothL1=0.304,RPNAcc=0.947,RPNL1Loss=0.444,RCNNAcc=0.843,RCNNL1Loss=1.361
[Epoch 0][Batch 16599], Speed: 7.246 samples/sec, RPN_Conf=0.135,RPN_SmoothL1=0.114,RCNN_CrossEntropy=0.551,RCNN_SmoothL1=0.303,RPNAcc=0.947,RPNL1Loss=0.444,RCNNAcc=0.843,RCNNL1Loss=1.359
[Epoch 0][Batch 16699], Speed: 7.534 samples/sec, RPN_Conf=0.135,RPN_SmoothL1=0.114,RCNN_CrossEntropy=0.550,RCNN_SmoothL1=0.303,RPNAcc=0.947,RPNL1Loss=0.443,RCNNAcc=0.844,RCNNL1Loss=1.358
[Epoch 0][Batch 16799], Speed: 8.354 samples/sec, RPN_Conf=0.135,RPN_SmoothL1=0.114,RCNN_CrossEntropy=0.549,RCNN_SmoothL1=0.303,RPNAcc=0.947,RPNL1Loss=0.443,RCNNAcc=0.844,RCNNL1Loss=1.356
[Epoch 0][Batch 16899], Speed: 7.359 samples/sec, RPN_Conf=0.135,RPN_SmoothL1=0.114,RCNN_CrossEntropy=0.549,RCNN_SmoothL1=0.303,RPNAcc=0.947,RPNL1Loss=0.443,RCNNAcc=0.844,RCNNL1Loss=1.355
[Epoch 0][Batch 16999], Speed: 7.783 samples/sec, RPN_Conf=0.135,RPN_SmoothL1=0.114,RCNN_CrossEntropy=0.548,RCNN_SmoothL1=0.302,RPNAcc=0.947,RPNL1Loss=0.443,RCNNAcc=0.844,RCNNL1Loss=1.353
[Epoch 0][Batch 17099], Speed: 8.220 samples/sec, RPN_Conf=0.134,RPN_SmoothL1=0.113,RCNN_CrossEntropy=0.548,RCNN_SmoothL1=0.302,RPNAcc=0.947,RPNL1Loss=0.443,RCNNAcc=0.844,RCNNL1Loss=1.351
[Epoch 0][Batch 17199], Speed: 7.534 samples/sec, RPN_Conf=0.134,RPN_SmoothL1=0.113,RCNN_CrossEntropy=0.547,RCNN_SmoothL1=0.302,RPNAcc=0.947,RPNL1Loss=0.442,RCNNAcc=0.844,RCNNL1Loss=1.350
[Epoch 0][Batch 17299], Speed: 7.440 samples/sec, RPN_Conf=0.134,RPN_SmoothL1=0.113,RCNN_CrossEntropy=0.547,RCNN_SmoothL1=0.301,RPNAcc=0.947,RPNL1Loss=0.442,RCNNAcc=0.844,RCNNL1Loss=1.349
[Epoch 0][Batch 17399], Speed: 7.225 samples/sec, RPN_Conf=0.134,RPN_SmoothL1=0.113,RCNN_CrossEntropy=0.546,RCNN_SmoothL1=0.301,RPNAcc=0.947,RPNL1Loss=0.442,RCNNAcc=0.844,RCNNL1Loss=1.347
[Epoch 0][Batch 17499], Speed: 7.259 samples/sec, RPN_Conf=0.134,RPN_SmoothL1=0.113,RCNN_CrossEntropy=0.546,RCNN_SmoothL1=0.301,RPNAcc=0.948,RPNL1Loss=0.442,RCNNAcc=0.844,RCNNL1Loss=1.345
[Epoch 0][Batch 17599], Speed: 7.731 samples/sec, RPN_Conf=0.134,RPN_SmoothL1=0.113,RCNN_CrossEntropy=0.545,RCNN_SmoothL1=0.300,RPNAcc=0.948,RPNL1Loss=0.441,RCNNAcc=0.844,RCNNL1Loss=1.344
[Epoch 0][Batch 17699], Speed: 7.728 samples/sec, RPN_Conf=0.134,RPN_SmoothL1=0.113,RCNN_CrossEntropy=0.544,RCNN_SmoothL1=0.300,RPNAcc=0.948,RPNL1Loss=0.441,RCNNAcc=0.845,RCNNL1Loss=1.342
[Epoch 0][Batch 17799], Speed: 7.231 samples/sec, RPN_Conf=0.133,RPN_SmoothL1=0.113,RCNN_CrossEntropy=0.544,RCNN_SmoothL1=0.300,RPNAcc=0.948,RPNL1Loss=0.441,RCNNAcc=0.845,RCNNL1Loss=1.341
[Epoch 0][Batch 17899], Speed: 8.024 samples/sec, RPN_Conf=0.133,RPN_SmoothL1=0.113,RCNN_CrossEntropy=0.543,RCNN_SmoothL1=0.300,RPNAcc=0.948,RPNL1Loss=0.441,RCNNAcc=0.845,RCNNL1Loss=1.340
[Epoch 0][Batch 17999], Speed: 7.948 samples/sec, RPN_Conf=0.133,RPN_SmoothL1=0.113,RCNN_CrossEntropy=0.543,RCNN_SmoothL1=0.299,RPNAcc=0.948,RPNL1Loss=0.440,RCNNAcc=0.845,RCNNL1Loss=1.338
[Epoch 0][Batch 18099], Speed: 7.664 samples/sec, RPN_Conf=0.133,RPN_SmoothL1=0.113,RCNN_CrossEntropy=0.542,RCNN_SmoothL1=0.299,RPNAcc=0.948,RPNL1Loss=0.440,RCNNAcc=0.845,RCNNL1Loss=1.337
[Epoch 0][Batch 18199], Speed: 7.838 samples/sec, RPN_Conf=0.133,RPN_SmoothL1=0.113,RCNN_CrossEntropy=0.542,RCNN_SmoothL1=0.299,RPNAcc=0.948,RPNL1Loss=0.440,RCNNAcc=0.845,RCNNL1Loss=1.335
[Epoch 0][Batch 18299], Speed: 7.550 samples/sec, RPN_Conf=0.133,RPN_SmoothL1=0.113,RCNN_CrossEntropy=0.541,RCNN_SmoothL1=0.298,RPNAcc=0.948,RPNL1Loss=0.440,RCNNAcc=0.845,RCNNL1Loss=1.334
[Epoch 0][Batch 18399], Speed: 7.494 samples/sec, RPN_Conf=0.133,RPN_SmoothL1=0.113,RCNN_CrossEntropy=0.541,RCNN_SmoothL1=0.298,RPNAcc=0.948,RPNL1Loss=0.440,RCNNAcc=0.845,RCNNL1Loss=1.332
[Epoch 0][Batch 18499], Speed: 7.645 samples/sec, RPN_Conf=0.132,RPN_SmoothL1=0.113,RCNN_CrossEntropy=0.540,RCNN_SmoothL1=0.298,RPNAcc=0.948,RPNL1Loss=0.439,RCNNAcc=0.845,RCNNL1Loss=1.331
[Epoch 0][Batch 18599], Speed: 7.678 samples/sec, RPN_Conf=0.132,RPN_SmoothL1=0.112,RCNN_CrossEntropy=0.539,RCNN_SmoothL1=0.298,RPNAcc=0.948,RPNL1Loss=0.439,RCNNAcc=0.845,RCNNL1Loss=1.329
[Epoch 0][Batch 18699], Speed: 7.886 samples/sec, RPN_Conf=0.132,RPN_SmoothL1=0.112,RCNN_CrossEntropy=0.539,RCNN_SmoothL1=0.297,RPNAcc=0.948,RPNL1Loss=0.439,RCNNAcc=0.846,RCNNL1Loss=1.328
[Epoch 0][Batch 18799], Speed: 7.785 samples/sec, RPN_Conf=0.132,RPN_SmoothL1=0.112,RCNN_CrossEntropy=0.538,RCNN_SmoothL1=0.297,RPNAcc=0.948,RPNL1Loss=0.439,RCNNAcc=0.846,RCNNL1Loss=1.326
[Epoch 0][Batch 18899], Speed: 7.343 samples/sec, RPN_Conf=0.132,RPN_SmoothL1=0.112,RCNN_CrossEntropy=0.538,RCNN_SmoothL1=0.297,RPNAcc=0.948,RPNL1Loss=0.439,RCNNAcc=0.846,RCNNL1Loss=1.325
[Epoch 0][Batch 18999], Speed: 7.902 samples/sec, RPN_Conf=0.132,RPN_SmoothL1=0.112,RCNN_CrossEntropy=0.537,RCNN_SmoothL1=0.296,RPNAcc=0.948,RPNL1Loss=0.438,RCNNAcc=0.846,RCNNL1Loss=1.324
[Epoch 0][Batch 19099], Speed: 7.450 samples/sec, RPN_Conf=0.132,RPN_SmoothL1=0.112,RCNN_CrossEntropy=0.537,RCNN_SmoothL1=0.296,RPNAcc=0.948,RPNL1Loss=0.438,RCNNAcc=0.846,RCNNL1Loss=1.323
[Epoch 0][Batch 19199], Speed: 7.368 samples/sec, RPN_Conf=0.132,RPN_SmoothL1=0.112,RCNN_CrossEntropy=0.536,RCNN_SmoothL1=0.296,RPNAcc=0.948,RPNL1Loss=0.438,RCNNAcc=0.846,RCNNL1Loss=1.321
[Epoch 0][Batch 19299], Speed: 7.526 samples/sec, RPN_Conf=0.131,RPN_SmoothL1=0.112,RCNN_CrossEntropy=0.536,RCNN_SmoothL1=0.296,RPNAcc=0.948,RPNL1Loss=0.437,RCNNAcc=0.846,RCNNL1Loss=1.320
[Epoch 0][Batch 19399], Speed: 7.307 samples/sec, RPN_Conf=0.131,RPN_SmoothL1=0.112,RCNN_CrossEntropy=0.535,RCNN_SmoothL1=0.295,RPNAcc=0.949,RPNL1Loss=0.437,RCNNAcc=0.846,RCNNL1Loss=1.319
[Epoch 0][Batch 19499], Speed: 8.109 samples/sec, RPN_Conf=0.131,RPN_SmoothL1=0.112,RCNN_CrossEntropy=0.535,RCNN_SmoothL1=0.295,RPNAcc=0.949,RPNL1Loss=0.437,RCNNAcc=0.846,RCNNL1Loss=1.318
[Epoch 0][Batch 19599], Speed: 7.635 samples/sec, RPN_Conf=0.131,RPN_SmoothL1=0.112,RCNN_CrossEntropy=0.534,RCNN_SmoothL1=0.295,RPNAcc=0.949,RPNL1Loss=0.437,RCNNAcc=0.846,RCNNL1Loss=1.316
[Epoch 0][Batch 19699], Speed: 8.072 samples/sec, RPN_Conf=0.131,RPN_SmoothL1=0.112,RCNN_CrossEntropy=0.534,RCNN_SmoothL1=0.295,RPNAcc=0.949,RPNL1Loss=0.437,RCNNAcc=0.847,RCNNL1Loss=1.315
[Epoch 0][Batch 19799], Speed: 7.446 samples/sec, RPN_Conf=0.131,RPN_SmoothL1=0.112,RCNN_CrossEntropy=0.533,RCNN_SmoothL1=0.294,RPNAcc=0.949,RPNL1Loss=0.436,RCNNAcc=0.847,RCNNL1Loss=1.314
[Epoch 0][Batch 19899], Speed: 7.806 samples/sec, RPN_Conf=0.131,RPN_SmoothL1=0.112,RCNN_CrossEntropy=0.533,RCNN_SmoothL1=0.294,RPNAcc=0.949,RPNL1Loss=0.436,RCNNAcc=0.847,RCNNL1Loss=1.312
[Epoch 0][Batch 19999], Speed: 7.769 samples/sec, RPN_Conf=0.131,RPN_SmoothL1=0.112,RCNN_CrossEntropy=0.532,RCNN_SmoothL1=0.294,RPNAcc=0.949,RPNL1Loss=0.436,RCNNAcc=0.847,RCNNL1Loss=1.311
[Epoch 0][Batch 20099], Speed: 7.879 samples/sec, RPN_Conf=0.131,RPN_SmoothL1=0.112,RCNN_CrossEntropy=0.532,RCNN_SmoothL1=0.294,RPNAcc=0.949,RPNL1Loss=0.436,RCNNAcc=0.847,RCNNL1Loss=1.310
[Epoch 0][Batch 20199], Speed: 7.351 samples/sec, RPN_Conf=0.130,RPN_SmoothL1=0.111,RCNN_CrossEntropy=0.531,RCNN_SmoothL1=0.293,RPNAcc=0.949,RPNL1Loss=0.435,RCNNAcc=0.847,RCNNL1Loss=1.309
[Epoch 0][Batch 20299], Speed: 7.780 samples/sec, RPN_Conf=0.130,RPN_SmoothL1=0.111,RCNN_CrossEntropy=0.531,RCNN_SmoothL1=0.293,RPNAcc=0.949,RPNL1Loss=0.435,RCNNAcc=0.847,RCNNL1Loss=1.307
[Epoch 0][Batch 20399], Speed: 7.080 samples/sec, RPN_Conf=0.130,RPN_SmoothL1=0.111,RCNN_CrossEntropy=0.530,RCNN_SmoothL1=0.293,RPNAcc=0.949,RPNL1Loss=0.435,RCNNAcc=0.847,RCNNL1Loss=1.306
[Epoch 0][Batch 20499], Speed: 8.654 samples/sec, RPN_Conf=0.130,RPN_SmoothL1=0.111,RCNN_CrossEntropy=0.530,RCNN_SmoothL1=0.293,RPNAcc=0.949,RPNL1Loss=0.435,RCNNAcc=0.847,RCNNL1Loss=1.305
[Epoch 0][Batch 20599], Speed: 7.881 samples/sec, RPN_Conf=0.130,RPN_SmoothL1=0.111,RCNN_CrossEntropy=0.530,RCNN_SmoothL1=0.292,RPNAcc=0.949,RPNL1Loss=0.434,RCNNAcc=0.847,RCNNL1Loss=1.304
[Epoch 0][Batch 20699], Speed: 7.557 samples/sec, RPN_Conf=0.130,RPN_SmoothL1=0.111,RCNN_CrossEntropy=0.529,RCNN_SmoothL1=0.292,RPNAcc=0.949,RPNL1Loss=0.434,RCNNAcc=0.848,RCNNL1Loss=1.303
[Epoch 0][Batch 20799], Speed: 7.438 samples/sec, RPN_Conf=0.130,RPN_SmoothL1=0.111,RCNN_CrossEntropy=0.528,RCNN_SmoothL1=0.292,RPNAcc=0.949,RPNL1Loss=0.434,RCNNAcc=0.848,RCNNL1Loss=1.302
[Epoch 0][Batch 20899], Speed: 7.810 samples/sec, RPN_Conf=0.130,RPN_SmoothL1=0.111,RCNN_CrossEntropy=0.528,RCNN_SmoothL1=0.292,RPNAcc=0.949,RPNL1Loss=0.434,RCNNAcc=0.848,RCNNL1Loss=1.301
[Epoch 0][Batch 20999], Speed: 7.430 samples/sec, RPN_Conf=0.129,RPN_SmoothL1=0.111,RCNN_CrossEntropy=0.528,RCNN_SmoothL1=0.292,RPNAcc=0.949,RPNL1Loss=0.434,RCNNAcc=0.848,RCNNL1Loss=1.300
[Epoch 0][Batch 21099], Speed: 7.898 samples/sec, RPN_Conf=0.129,RPN_SmoothL1=0.111,RCNN_CrossEntropy=0.527,RCNN_SmoothL1=0.291,RPNAcc=0.949,RPNL1Loss=0.433,RCNNAcc=0.848,RCNNL1Loss=1.299
[Epoch 0][Batch 21199], Speed: 7.414 samples/sec, RPN_Conf=0.129,RPN_SmoothL1=0.111,RCNN_CrossEntropy=0.527,RCNN_SmoothL1=0.291,RPNAcc=0.949,RPNL1Loss=0.433,RCNNAcc=0.848,RCNNL1Loss=1.297
[Epoch 0][Batch 21299], Speed: 8.309 samples/sec, RPN_Conf=0.129,RPN_SmoothL1=0.111,RCNN_CrossEntropy=0.527,RCNN_SmoothL1=0.291,RPNAcc=0.949,RPNL1Loss=0.433,RCNNAcc=0.848,RCNNL1Loss=1.296
[Epoch 0][Batch 21399], Speed: 7.534 samples/sec, RPN_Conf=0.129,RPN_SmoothL1=0.111,RCNN_CrossEntropy=0.526,RCNN_SmoothL1=0.291,RPNAcc=0.950,RPNL1Loss=0.433,RCNNAcc=0.848,RCNNL1Loss=1.295
[Epoch 0][Batch 21499], Speed: 7.634 samples/sec, RPN_Conf=0.129,RPN_SmoothL1=0.111,RCNN_CrossEntropy=0.526,RCNN_SmoothL1=0.290,RPNAcc=0.950,RPNL1Loss=0.433,RCNNAcc=0.848,RCNNL1Loss=1.294
[Epoch 0][Batch 21599], Speed: 7.561 samples/sec, RPN_Conf=0.129,RPN_SmoothL1=0.111,RCNN_CrossEntropy=0.525,RCNN_SmoothL1=0.290,RPNAcc=0.950,RPNL1Loss=0.432,RCNNAcc=0.848,RCNNL1Loss=1.293
[Epoch 0][Batch 21699], Speed: 8.189 samples/sec, RPN_Conf=0.129,RPN_SmoothL1=0.111,RCNN_CrossEntropy=0.525,RCNN_SmoothL1=0.290,RPNAcc=0.950,RPNL1Loss=0.432,RCNNAcc=0.848,RCNNL1Loss=1.292
[Epoch 0][Batch 21799], Speed: 7.581 samples/sec, RPN_Conf=0.129,RPN_SmoothL1=0.111,RCNN_CrossEntropy=0.524,RCNN_SmoothL1=0.290,RPNAcc=0.950,RPNL1Loss=0.432,RCNNAcc=0.848,RCNNL1Loss=1.291
[Epoch 0][Batch 21899], Speed: 8.062 samples/sec, RPN_Conf=0.129,RPN_SmoothL1=0.111,RCNN_CrossEntropy=0.524,RCNN_SmoothL1=0.290,RPNAcc=0.950,RPNL1Loss=0.432,RCNNAcc=0.848,RCNNL1Loss=1.290
[Epoch 0][Batch 21999], Speed: 7.173 samples/sec, RPN_Conf=0.129,RPN_SmoothL1=0.111,RCNN_CrossEntropy=0.524,RCNN_SmoothL1=0.289,RPNAcc=0.950,RPNL1Loss=0.432,RCNNAcc=0.849,RCNNL1Loss=1.289
[Epoch 0][Batch 22099], Speed: 7.638 samples/sec, RPN_Conf=0.128,RPN_SmoothL1=0.111,RCNN_CrossEntropy=0.523,RCNN_SmoothL1=0.289,RPNAcc=0.950,RPNL1Loss=0.432,RCNNAcc=0.849,RCNNL1Loss=1.288
[Epoch 0][Batch 22199], Speed: 7.565 samples/sec, RPN_Conf=0.128,RPN_SmoothL1=0.111,RCNN_CrossEntropy=0.523,RCNN_SmoothL1=0.289,RPNAcc=0.950,RPNL1Loss=0.431,RCNNAcc=0.849,RCNNL1Loss=1.287
[Epoch 0][Batch 22299], Speed: 7.919 samples/sec, RPN_Conf=0.128,RPN_SmoothL1=0.110,RCNN_CrossEntropy=0.522,RCNN_SmoothL1=0.289,RPNAcc=0.950,RPNL1Loss=0.431,RCNNAcc=0.849,RCNNL1Loss=1.286
[Epoch 0][Batch 22399], Speed: 7.761 samples/sec, RPN_Conf=0.128,RPN_SmoothL1=0.110,RCNN_CrossEntropy=0.522,RCNN_SmoothL1=0.289,RPNAcc=0.950,RPNL1Loss=0.431,RCNNAcc=0.849,RCNNL1Loss=1.285
[Epoch 0][Batch 22499], Speed: 7.149 samples/sec, RPN_Conf=0.128,RPN_SmoothL1=0.110,RCNN_CrossEntropy=0.521,RCNN_SmoothL1=0.288,RPNAcc=0.950,RPNL1Loss=0.431,RCNNAcc=0.849,RCNNL1Loss=1.283
[Epoch 0][Batch 22599], Speed: 7.840 samples/sec, RPN_Conf=0.128,RPN_SmoothL1=0.110,RCNN_CrossEntropy=0.521,RCNN_SmoothL1=0.288,RPNAcc=0.950,RPNL1Loss=0.431,RCNNAcc=0.849,RCNNL1Loss=1.282
[Epoch 0][Batch 22699], Speed: 8.051 samples/sec, RPN_Conf=0.128,RPN_SmoothL1=0.110,RCNN_CrossEntropy=0.521,RCNN_SmoothL1=0.288,RPNAcc=0.950,RPNL1Loss=0.431,RCNNAcc=0.849,RCNNL1Loss=1.281
[Epoch 0][Batch 22799], Speed: 7.814 samples/sec, RPN_Conf=0.128,RPN_SmoothL1=0.110,RCNN_CrossEntropy=0.520,RCNN_SmoothL1=0.288,RPNAcc=0.950,RPNL1Loss=0.430,RCNNAcc=0.849,RCNNL1Loss=1.280
[Epoch 0][Batch 22899], Speed: 7.601 samples/sec, RPN_Conf=0.128,RPN_SmoothL1=0.110,RCNN_CrossEntropy=0.520,RCNN_SmoothL1=0.287,RPNAcc=0.950,RPNL1Loss=0.430,RCNNAcc=0.849,RCNNL1Loss=1.279
[Epoch 0][Batch 22999], Speed: 7.457 samples/sec, RPN_Conf=0.128,RPN_SmoothL1=0.110,RCNN_CrossEntropy=0.519,RCNN_SmoothL1=0.287,RPNAcc=0.950,RPNL1Loss=0.430,RCNNAcc=0.849,RCNNL1Loss=1.278
[Epoch 0][Batch 23099], Speed: 7.757 samples/sec, RPN_Conf=0.127,RPN_SmoothL1=0.110,RCNN_CrossEntropy=0.519,RCNN_SmoothL1=0.287,RPNAcc=0.950,RPNL1Loss=0.430,RCNNAcc=0.849,RCNNL1Loss=1.277
[Epoch 0][Batch 23199], Speed: 7.959 samples/sec, RPN_Conf=0.127,RPN_SmoothL1=0.110,RCNN_CrossEntropy=0.518,RCNN_SmoothL1=0.287,RPNAcc=0.950,RPNL1Loss=0.430,RCNNAcc=0.850,RCNNL1Loss=1.276
[Epoch 0][Batch 23299], Speed: 7.416 samples/sec, RPN_Conf=0.127,RPN_SmoothL1=0.110,RCNN_CrossEntropy=0.518,RCNN_SmoothL1=0.286,RPNAcc=0.950,RPNL1Loss=0.429,RCNNAcc=0.850,RCNNL1Loss=1.275
[Epoch 0][Batch 23399], Speed: 7.943 samples/sec, RPN_Conf=0.127,RPN_SmoothL1=0.110,RCNN_CrossEntropy=0.518,RCNN_SmoothL1=0.286,RPNAcc=0.950,RPNL1Loss=0.429,RCNNAcc=0.850,RCNNL1Loss=1.274
[Epoch 0][Batch 23499], Speed: 7.595 samples/sec, RPN_Conf=0.127,RPN_SmoothL1=0.110,RCNN_CrossEntropy=0.517,RCNN_SmoothL1=0.286,RPNAcc=0.950,RPNL1Loss=0.429,RCNNAcc=0.850,RCNNL1Loss=1.273
[Epoch 0][Batch 23599], Speed: 7.622 samples/sec, RPN_Conf=0.127,RPN_SmoothL1=0.110,RCNN_CrossEntropy=0.517,RCNN_SmoothL1=0.286,RPNAcc=0.950,RPNL1Loss=0.429,RCNNAcc=0.850,RCNNL1Loss=1.272
[Epoch 0][Batch 23699], Speed: 7.600 samples/sec, RPN_Conf=0.127,RPN_SmoothL1=0.110,RCNN_CrossEntropy=0.517,RCNN_SmoothL1=0.286,RPNAcc=0.950,RPNL1Loss=0.429,RCNNAcc=0.850,RCNNL1Loss=1.271
[Epoch 0][Batch 23799], Speed: 7.671 samples/sec, RPN_Conf=0.127,RPN_SmoothL1=0.110,RCNN_CrossEntropy=0.516,RCNN_SmoothL1=0.285,RPNAcc=0.951,RPNL1Loss=0.428,RCNNAcc=0.850,RCNNL1Loss=1.270
[Epoch 0][Batch 23899], Speed: 7.619 samples/sec, RPN_Conf=0.127,RPN_SmoothL1=0.110,RCNN_CrossEntropy=0.516,RCNN_SmoothL1=0.285,RPNAcc=0.951,RPNL1Loss=0.428,RCNNAcc=0.850,RCNNL1Loss=1.269
[Epoch 0][Batch 23999], Speed: 7.473 samples/sec, RPN_Conf=0.127,RPN_SmoothL1=0.110,RCNN_CrossEntropy=0.515,RCNN_SmoothL1=0.285,RPNAcc=0.951,RPNL1Loss=0.428,RCNNAcc=0.850,RCNNL1Loss=1.267
[Epoch 0][Batch 24099], Speed: 7.627 samples/sec, RPN_Conf=0.126,RPN_SmoothL1=0.109,RCNN_CrossEntropy=0.515,RCNN_SmoothL1=0.285,RPNAcc=0.951,RPNL1Loss=0.428,RCNNAcc=0.850,RCNNL1Loss=1.267
[Epoch 0][Batch 24199], Speed: 7.417 samples/sec, RPN_Conf=0.126,RPN_SmoothL1=0.109,RCNN_CrossEntropy=0.515,RCNN_SmoothL1=0.285,RPNAcc=0.951,RPNL1Loss=0.428,RCNNAcc=0.850,RCNNL1Loss=1.266
[Epoch 0][Batch 24299], Speed: 8.632 samples/sec, RPN_Conf=0.126,RPN_SmoothL1=0.109,RCNN_CrossEntropy=0.514,RCNN_SmoothL1=0.284,RPNAcc=0.951,RPNL1Loss=0.428,RCNNAcc=0.850,RCNNL1Loss=1.265
[Epoch 0][Batch 24399], Speed: 7.969 samples/sec, RPN_Conf=0.126,RPN_SmoothL1=0.109,RCNN_CrossEntropy=0.514,RCNN_SmoothL1=0.284,RPNAcc=0.951,RPNL1Loss=0.428,RCNNAcc=0.851,RCNNL1Loss=1.264
[Epoch 0][Batch 24499], Speed: 7.683 samples/sec, RPN_Conf=0.126,RPN_SmoothL1=0.109,RCNN_CrossEntropy=0.513,RCNN_SmoothL1=0.284,RPNAcc=0.951,RPNL1Loss=0.427,RCNNAcc=0.851,RCNNL1Loss=1.263
[Epoch 0][Batch 24599], Speed: 7.847 samples/sec, RPN_Conf=0.126,RPN_SmoothL1=0.109,RCNN_CrossEntropy=0.513,RCNN_SmoothL1=0.284,RPNAcc=0.951,RPNL1Loss=0.427,RCNNAcc=0.851,RCNNL1Loss=1.262
[Epoch 0][Batch 24699], Speed: 7.976 samples/sec, RPN_Conf=0.126,RPN_SmoothL1=0.109,RCNN_CrossEntropy=0.513,RCNN_SmoothL1=0.284,RPNAcc=0.951,RPNL1Loss=0.427,RCNNAcc=0.851,RCNNL1Loss=1.261
[Epoch 0][Batch 24799], Speed: 7.564 samples/sec, RPN_Conf=0.126,RPN_SmoothL1=0.109,RCNN_CrossEntropy=0.512,RCNN_SmoothL1=0.284,RPNAcc=0.951,RPNL1Loss=0.427,RCNNAcc=0.851,RCNNL1Loss=1.260
[Epoch 0][Batch 24899], Speed: 7.866 samples/sec, RPN_Conf=0.126,RPN_SmoothL1=0.109,RCNN_CrossEntropy=0.512,RCNN_SmoothL1=0.283,RPNAcc=0.951,RPNL1Loss=0.427,RCNNAcc=0.851,RCNNL1Loss=1.259
[Epoch 0][Batch 24999], Speed: 8.057 samples/sec, RPN_Conf=0.126,RPN_SmoothL1=0.109,RCNN_CrossEntropy=0.512,RCNN_SmoothL1=0.283,RPNAcc=0.951,RPNL1Loss=0.426,RCNNAcc=0.851,RCNNL1Loss=1.258
[Epoch 0][Batch 25099], Speed: 7.537 samples/sec, RPN_Conf=0.126,RPN_SmoothL1=0.109,RCNN_CrossEntropy=0.511,RCNN_SmoothL1=0.283,RPNAcc=0.951,RPNL1Loss=0.426,RCNNAcc=0.851,RCNNL1Loss=1.257
[Epoch 0][Batch 25199], Speed: 7.210 samples/sec, RPN_Conf=0.126,RPN_SmoothL1=0.109,RCNN_CrossEntropy=0.511,RCNN_SmoothL1=0.283,RPNAcc=0.951,RPNL1Loss=0.426,RCNNAcc=0.851,RCNNL1Loss=1.256
[Epoch 0][Batch 25299], Speed: 8.024 samples/sec, RPN_Conf=0.125,RPN_SmoothL1=0.109,RCNN_CrossEntropy=0.511,RCNN_SmoothL1=0.283,RPNAcc=0.951,RPNL1Loss=0.426,RCNNAcc=0.851,RCNNL1Loss=1.255
[Epoch 0][Batch 25399], Speed: 7.870 samples/sec, RPN_Conf=0.125,RPN_SmoothL1=0.109,RCNN_CrossEntropy=0.510,RCNN_SmoothL1=0.282,RPNAcc=0.951,RPNL1Loss=0.426,RCNNAcc=0.851,RCNNL1Loss=1.254
[Epoch 0][Batch 25499], Speed: 8.319 samples/sec, RPN_Conf=0.125,RPN_SmoothL1=0.109,RCNN_CrossEntropy=0.510,RCNN_SmoothL1=0.282,RPNAcc=0.951,RPNL1Loss=0.426,RCNNAcc=0.851,RCNNL1Loss=1.254
[Epoch 0][Batch 25599], Speed: 7.860 samples/sec, RPN_Conf=0.125,RPN_SmoothL1=0.109,RCNN_CrossEntropy=0.510,RCNN_SmoothL1=0.282,RPNAcc=0.951,RPNL1Loss=0.425,RCNNAcc=0.851,RCNNL1Loss=1.253
[Epoch 0][Batch 25699], Speed: 8.240 samples/sec, RPN_Conf=0.125,RPN_SmoothL1=0.109,RCNN_CrossEntropy=0.509,RCNN_SmoothL1=0.282,RPNAcc=0.951,RPNL1Loss=0.425,RCNNAcc=0.851,RCNNL1Loss=1.252
[Epoch 0][Batch 25799], Speed: 7.382 samples/sec, RPN_Conf=0.125,RPN_SmoothL1=0.109,RCNN_CrossEntropy=0.509,RCNN_SmoothL1=0.282,RPNAcc=0.951,RPNL1Loss=0.425,RCNNAcc=0.851,RCNNL1Loss=1.251
